#
# A fatal error has been detected by the Java Runtime Environment:
#
#  SIGSEGV (0xb) at pc=0x00007fc5ecac89de, pid=3098, tid=140488056006400
#
# JRE version: 6.0_33-b33
# Java VM: OpenJDK 64-Bit Server VM (23.25-b01 mixed mode linux-amd64 compressed oops)
# Derivative: IcedTea6 1.13.5
# Distribution: Ubuntu 12.04 LTS, package 6b33-1.13.5-1ubuntu0.12.04
# Problematic frame:
# 
[error occurred during error reporting (printing problematic frame), id 0xb]

# Failed to write core dump. Core dumps have been disabled. To enable core dumping, try "ulimit -c unlimited" before starting Java again
#
# If you would like to submit a bug report, please include
# instructions how to reproduce the bug and visit:
#   https://bugs.launchpad.net/ubuntu/+source/openjdk-6/
# The crash happened outside the Java Virtual Machine in native code.
# See problematic frame for where to report the bug.
#

---------------  T H R E A D  ---------------

Current thread (0x00007fc5f820b000):  JavaThread "Wrapper-Control-Event-Monitor" daemon [_thread_in_native, id=3112, stack(0x00007fc5ec9c6000,0x00007fc5ecac7000)]

siginfo:si_signo=SIGSEGV: si_errno=0, si_code=1 (SEGV_MAPERR), si_addr=0x0000000000000000

Registers:
RAX=0x00007fc5ecac89d0, RBX=0x000000009a0f63c0, RCX=0x0000000000000000, RDX=0x0000000000000000
RSP=0x00007fc5ecac5688, RBP=0x00007fc5ecac56d8, RSI=0x00007fc5ecac56e8, RDI=0x00007fc5f820b1d8
R8 =0x00007fc5f820ab50, R9 =0x0000000000000000, R10=0x00007fc5f5011764, R11=0x00007fc60041c8a0
R12=0x0000000000000000, R13=0x000000009a0f63c0, R14=0x00007fc5ecac56f0, R15=0x00007fc5f820b000
RIP=0x00007fc5ecac89de, EFLAGS=0x0000000000010287, CSGSFS=0x0000000000000033, ERR=0x0000000000000006
  TRAPNO=0x000000000000000e

Top of Stack: (sp=0x00007fc5ecac5688)
0x00007fc5ecac5688:   00007fc5f5011790 000000009a0f6c88
0x00007fc5ecac5698:   00007fc5ecac5698 0000000000000000
0x00007fc5ecac56a8:   00007fc5ecac56f0 000000009a10ee08
0x00007fc5ecac56b8:   0000000000000000 000000009a0f63c0
0x00007fc5ecac56c8:   0000000000000000 00007fc5ecac56f8
0x00007fc5ecac56d8:   00007fc5ecac5738 00007fc5f5005fae
0x00007fc5ecac56e8:   00000000e1773fc8 00007fc5f500e596
0x00007fc5ecac56f8:   00007fc5ecac56f8 000000009a0fed50
0x00007fc5ecac5708:   00007fc5ecac5740 000000009a10ee08
0x00007fc5ecac5718:   0000000000000000 000000009a0fed60
0x00007fc5ecac5728:   00007fc5ecac56f8 00007fc5ecac5748
0x00007fc5ecac5738:   00007fc5ecac5788 00007fc5f5005fae
0x00007fc5ecac5748:   00007fc5ecac5748 000000009a10bf44
0x00007fc5ecac5758:   00007fc5ecac57e8 000000009a1cffc0
0x00007fc5ecac5768:   0000000000000000 000000009a10c048
0x00007fc5ecac5778:   00007fc5ecac5748 00007fc5ecac57e8
0x00007fc5ecac5788:   00007fc5ecac5850 00007fc5f50004f7
0x00007fc5ecac5798:   0000000000000000 0000000000000000
0x00007fc5ecac57a8:   0000000000000000 0000000000000064
0x00007fc5ecac57b8:   00000000d287e42a 000000007fffff3a
0x00007fc5ecac57c8:   0000000000000000 0000000000000000
0x00007fc5ecac57d8:   00000000d287e42a 00000000e1810ca8
0x00007fc5ecac57e8:   00000000e17f3540 00007fc500001fa0
0x00007fc5ecac57f8:   00007fc5c4000b80 00007fc5ecac5ac0
0x00007fc5ecac5808:   00007fc5ecac5a00 00007fc5c4000ba0
0x00007fc5ecac5818:   00007fc5f820b000 00007fc5ecac5890
0x00007fc5ecac5828:   00007fc5ecac5ac8 00007fc50000000a
0x00007fc5ecac5838:   000000009a10c048 00007fc5f500fb60
0x00007fc5ecac5848:   00007fc5ecac5a08 00007fc5ecac5930
0x00007fc5ecac5858:   00007fc6001d030f 0000000000000001
0x00007fc5ecac5868:   00007fc5f820b000 0000000000000000
0x00007fc5ecac5878:   0000000000000000 00007fc5f500fb60 

Instructions: (pc=0x00007fc5ecac89de)
0x00007fc5ecac89be:   05 00 00 48 8b 30 41 ff e3 66 66 90 66 66 90 66
0x00007fc5ecac89ce:   66 90 48 8b 0d e9 07 10 00 48 8b 15 fa 07 10 00
0x00007fc5ecac89de:   c7 01 01 00 00 00 8b 02 85 c0 74 06 c7 02 00 00
0x00007fc5ecac89ee:   00 00 c7 01 00 00 00 00 c3 66 66 90 66 66 90 66 

Register to memory mapping:

RAX=
[error occurred during error reporting (printing register info), id 0xb]

Stack: [0x00007fc5ec9c6000,0x00007fc5ecac7000],  sp=0x00007fc5ecac5688,  free space=1021k
Native frames: (J=compiled Java code, j=interpreted, Vv=VM code, C=native code)

[error occurred during error reporting (printing native stack), id 0xb]

Java frames: (J=compiled Java code, j=interpreted, Vv=VM code)
j  org.tanukisoftware.wrapper.WrapperManager.nativeGetControlEvent()I+0
j  org.tanukisoftware.wrapper.WrapperManager.access$2200()I+0
j  org.tanukisoftware.wrapper.WrapperManager$3.run()V+276
v  ~StubRoutines::call_stub

---------------  P R O C E S S  ---------------

Java Threads: ( => current thread )
  0x00007fc5f8206000 JavaThread "Wrapper-Shutdown-Hook" [_thread_blocked, id=3123, stack(0x00007fc5ec8c5000,0x00007fc5ec9c6000)]
  0x00007fc5f8009800 JavaThread "DestroyJavaVM" [_thread_blocked, id=3099, stack(0x00007fc60165b000,0x00007fc60175c000)]
  0x00007fc5f8207800 JavaThread "Wrapper-Connection" daemon [_thread_in_native, id=3114, stack(0x00007fc5ec7c4000,0x00007fc5ec8c5000)]
=>0x00007fc5f820b000 JavaThread "Wrapper-Control-Event-Monitor" daemon [_thread_in_native, id=3112, stack(0x00007fc5ec9c6000,0x00007fc5ecac7000)]
  0x00007fc5f80fd000 JavaThread "Low Memory Detector" daemon [_thread_blocked, id=3110, stack(0x00007fc5f40f8000,0x00007fc5f41f9000)]
  0x00007fc5f80fa800 JavaThread "C2 CompilerThread1" daemon [_thread_blocked, id=3109, stack(0x00007fc5f41f9000,0x00007fc5f42fa000)]
  0x00007fc5f80f7800 JavaThread "C2 CompilerThread0" daemon [_thread_blocked, id=3108, stack(0x00007fc5f42fa000,0x00007fc5f43fb000)]
  0x00007fc5f80f5800 JavaThread "Signal Dispatcher" daemon [_thread_blocked, id=3107, stack(0x00007fc5f43fb000,0x00007fc5f44fc000)]
  0x00007fc5f80a5000 JavaThread "Finalizer" daemon [_thread_blocked, id=3106, stack(0x00007fc5f48f9000,0x00007fc5f49fa000)]
  0x00007fc5f80a3000 JavaThread "Reference Handler" daemon [_thread_blocked, id=3105, stack(0x00007fc5f49fa000,0x00007fc5f4afb000)]

Other Threads:
  0x00007fc5f8094000 VMThread [stack: 0x00007fc5f4afb000,0x00007fc5f4bfc000] [id=3104]
  0x00007fc5f8107800 WatcherThread [stack: 0x00007fc5ecbef000,0x00007fc5eccf0000] [id=3111]

VM state:not at safepoint (normal execution)

VM Mutex/Monitor currently owned by a thread: None

Heap
 PSYoungGen      total 27392K, used 4699K [0x00000000e16b0000, 0x00000000e3540000, 0x0000000100000000)
  eden space 23488K, 20% used [0x00000000e16b0000,0x00000000e1b46e30,0x00000000e2da0000)
  from space 3904K, 0% used [0x00000000e3170000,0x00000000e3170000,0x00000000e3540000)
  to   space 3904K, 0% used [0x00000000e2da0000,0x00000000e2da0000,0x00000000e3170000)
 ParOldGen       total 62592K, used 0K [0x00000000a4400000, 0x00000000a8120000, 0x00000000e16b0000)
  object space 62592K, 0% used [0x00000000a4400000,0x00000000a4400000,0x00000000a8120000)
 PSPermGen       total 21248K, used 4523K [0x0000000099e00000, 0x000000009b2c0000, 0x00000000a4400000)
  object space 21248K, 21% used [0x0000000099e00000,0x000000009a26ae38,0x000000009b2c0000)

Card table byte_map: [0x00007fc5fe0e5000,0x00007fc5fe417000] byte_map_base: 0x00007fc5fdc16000

Polling page: 0x00007fc601772000

Code Cache  [0x00007fc5f5000000, 0x00007fc5f5270000, 0x00007fc5f8000000)
 total_blobs=209 nmethods=5 adapters=158 free_code_cache=48746Kb largest_free_block=49902336

Compilation events (10 events):
Event: 0.056 Thread 0x00007fc5f80f7800    1             java.util.Properties$LineReader::readLine (452 bytes)
Event: 0.066 Thread 0x00007fc5f80fa800    2             java.lang.String::hashCode (60 bytes)
Event: 0.068 Thread 0x00007fc5f80f7800 nmethod 1 0x00007fc5f505e650 code [0x00007fc5f505e7e0, 0x00007fc5f505efb8]
Event: 0.069 Thread 0x00007fc5f80fa800 nmethod 2 0x00007fc5f5061110 code [0x00007fc5f5061240, 0x00007fc5f50613d8]
Event: 0.071 Thread 0x00007fc5f80f7800    3             java.lang.String::indexOf (151 bytes)
Event: 0.077 Thread 0x00007fc5f80f7800 nmethod 3 0x00007fc5f505de50 code [0x00007fc5f505dfa0, 0x00007fc5f505e448]
Event: 0.085 Thread 0x00007fc5f80fa800    4             java.lang.String::lastIndexOf (156 bytes)
Event: 0.090 Thread 0x00007fc5f80fa800 nmethod 4 0x00007fc5f505f750 code [0x00007fc5f505f8a0, 0x00007fc5f505fce8]
Event: 0.222 Thread 0x00007fc5f80f7800    5             sun.nio.cs.UTF_8$Encoder::encodeArrayLoop (490 bytes)
Event: 0.229 Thread 0x00007fc5f80f7800 nmethod 5 0x00007fc5f5067dd0 code [0x00007fc5f5067f80, 0x00007fc5f50686b0]

GC Heap History (0 events):
No events

Deoptimization events (2 events):
Event: 0.084 Thread 0x00007fc5f8009800 Uncommon trap -34 fr.pc 0x00007fc5f505ee38
Event: 0.084 Thread 0x00007fc5f8009800 Uncommon trap -34 fr.pc 0x00007fc5f505ee38

Internal exceptions (10 events):
Event: 0.219 Thread 0x00007fc5ac001000 Threw 0x00000000e1aaa358 at /build/buildd/openjdk-6-6b33-1.13.5/build/openjdk/hotspot/src/share/vm/prims/jvm.cpp:1272
Event: 0.220 Thread 0x00007fc5ac001000 Threw 0x00000000e1aac4b0 at /build/buildd/openjdk-6-6b33-1.13.5/build/openjdk/hotspot/src/share/vm/classfile/systemDictionary.cpp:1
Event: 0.220 Thread 0x00007fc5ac001000 Threw 0x00000000e1aac830 at /build/buildd/openjdk-6-6b33-1.13.5/build/openjdk/hotspot/src/share/vm/prims/jvm.cpp:1272
Event: 0.220 Thread 0x00007fc5ac001000 Threw 0x00000000e1aaf028 at /build/buildd/openjdk-6-6b33-1.13.5/build/openjdk/hotspot/src/share/vm/classfile/systemDictionary.cpp:1
Event: 0.220 Thread 0x00007fc5ac001000 Threw 0x00000000e1aaf370 at /build/buildd/openjdk-6-6b33-1.13.5/build/openjdk/hotspot/src/share/vm/prims/jvm.cpp:1272
Event: 0.220 Thread 0x00007fc5ac001000 Threw 0x00000000e1ab1d60 at /build/buildd/openjdk-6-6b33-1.13.5/build/openjdk/hotspot/src/share/vm/classfile/systemDictionary.cpp:1
Event: 0.221 Thread 0x00007fc5ac001000 Threw 0x00000000e1ab20c8 at /build/buildd/openjdk-6-6b33-1.13.5/build/openjdk/hotspot/src/share/vm/prims/jvm.cpp:1272
Event: 0.221 Thread 0x00007fc5ac001000 Threw 0x00000000e1abace8 at /build/buildd/openjdk-6-6b33-1.13.5/build/openjdk/hotspot/src/share/vm/classfile/systemDictionary.cpp:1
Event: 0.221 Thread 0x00007fc5ac001000 Threw 0x00000000e1abb038 at /build/buildd/openjdk-6-6b33-1.13.5/build/openjdk/hotspot/src/share/vm/prims/jvm.cpp:1272
Event: 0.222 Thread 0x00007fc5ac001000 Threw 0x00000000e1abc5a0 at /build/buildd/openjdk-6-6b33-1.13.5/build/openjdk/hotspot/src/share/vm/prims/jni.cpp:716

Events (10 events):
Event: 0.220 loading class 0x00007fc5a0009f10
Event: 0.220 loading class 0x00007fc5a0009f10 done
Event: 0.220 loading class 0x00007fc5a000dbc0
Event: 0.220 loading class 0x00007fc5a000dbc0 done
Event: 0.221 loading class 0x00007fc5a001eee0
Event: 0.221 loading class 0x00007fc5a001eee0 done
Event: 0.222 Thread 0x00007fc5ac001000 Thread exited: 0x00007fc5ac001000
Event: 0.223 Thread 0x00007fc5a8012800 Thread exited: 0x00007fc5a8012800
Event: 0.304 Thread 0x00007fc5f8206000 Thread exited: 0x00007fc5f8206000
Event: 0.304 loading class 0x00007fc5f80d9d60


Dynamic libraries:
00400000-00409000 r-xp 00000000 08:05 6431329                            /usr/lib/jvm/java-6-openjdk-amd64/jre/bin/java
00608000-00609000 r--p 00008000 08:05 6431329                            /usr/lib/jvm/java-6-openjdk-amd64/jre/bin/java
00609000-0060a000 rw-p 00009000 08:05 6431329                            /usr/lib/jvm/java-6-openjdk-amd64/jre/bin/java
01d2c000-01d4d000 rw-p 00000000 00:00 0                                  [heap]
99e00000-9b2c0000 rw-p 00000000 00:00 0 
9b2c0000-a4400000 rw-p 00000000 00:00 0 
a4400000-a8120000 rw-p 00000000 00:00 0 
a8120000-e16b0000 rw-p 00000000 00:00 0 
e16b0000-e3540000 rw-p 00000000 00:00 0 
e3540000-100000000 rw-p 00000000 00:00 0 
7fc5a0000000-7fc5a0025000 rw-p 00000000 00:00 0 
7fc5a0025000-7fc5a4000000 ---p 00000000 00:00 0 
7fc5a8000000-7fc5a8021000 rw-p 00000000 00:00 0 
7fc5a8021000-7fc5ac000000 ---p 00000000 00:00 0 
7fc5ac000000-7fc5ac021000 rw-p 00000000 00:00 0 
7fc5ac021000-7fc5b0000000 ---p 00000000 00:00 0 
7fc5b0000000-7fc5b0021000 rw-p 00000000 00:00 0 
7fc5b0021000-7fc5b4000000 ---p 00000000 00:00 0 
7fc5b4000000-7fc5b4021000 rw-p 00000000 00:00 0 
7fc5b4021000-7fc5b8000000 ---p 00000000 00:00 0 
7fc5b8000000-7fc5b8021000 rw-p 00000000 00:00 0 
7fc5b8021000-7fc5bc000000 ---p 00000000 00:00 0 
7fc5bc000000-7fc5bc021000 rw-p 00000000 00:00 0 
7fc5bc021000-7fc5c0000000 ---p 00000000 00:00 0 
7fc5c0000000-7fc5c0121000 rw-p 00000000 00:00 0 
7fc5c0121000-7fc5c4000000 ---p 00000000 00:00 0 
7fc5c4000000-7fc5c405e000 rw-p 00000000 00:00 0 
7fc5c405e000-7fc5c8000000 ---p 00000000 00:00 0 
7fc5c8000000-7fc5c8021000 rw-p 00000000 00:00 0 
7fc5c8021000-7fc5cc000000 ---p 00000000 00:00 0 
7fc5cc000000-7fc5cc021000 rw-p 00000000 00:00 0 
7fc5cc021000-7fc5d0000000 ---p 00000000 00:00 0 
7fc5d0000000-7fc5d0021000 rw-p 00000000 00:00 0 
7fc5d0021000-7fc5d4000000 ---p 00000000 00:00 0 
7fc5d4000000-7fc5d4021000 rw-p 00000000 00:00 0 
7fc5d4021000-7fc5d8000000 ---p 00000000 00:00 0 
7fc5d8000000-7fc5d8021000 rw-p 00000000 00:00 0 
7fc5d8021000-7fc5dc000000 ---p 00000000 00:00 0 
7fc5e0000000-7fc5e0021000 rw-p 00000000 00:00 0 
7fc5e0021000-7fc5e4000000 ---p 00000000 00:00 0 
7fc5e8000000-7fc5e8021000 rw-p 00000000 00:00 0 
7fc5e8021000-7fc5ec000000 ---p 00000000 00:00 0 
7fc5ec3ab000-7fc5ec3ae000 ---p 00000000 00:00 0 
7fc5ec3ae000-7fc5ec4ac000 rw-p 00000000 00:00 0 
7fc5ec4ac000-7fc5ec4af000 ---p 00000000 00:00 0 
7fc5ec4af000-7fc5ec5ad000 rw-p 00000000 00:00 0 
7fc5ec5ad000-7fc5ec5c3000 r-xp 00000000 08:05 6556729                    /usr/lib/jvm/java-6-openjdk-amd64/jre/lib/amd64/libnet.so
7fc5ec5c3000-7fc5ec7c2000 ---p 00016000 08:05 6556729                    /usr/lib/jvm/java-6-openjdk-amd64/jre/lib/amd64/libnet.so
7fc5ec7c2000-7fc5ec7c3000 r--p 00015000 08:05 6556729                    /usr/lib/jvm/java-6-openjdk-amd64/jre/lib/amd64/libnet.so
7fc5ec7c3000-7fc5ec7c4000 rw-p 00016000 08:05 6556729                    /usr/lib/jvm/java-6-openjdk-amd64/jre/lib/amd64/libnet.so
7fc5ec7c4000-7fc5ec7c7000 ---p 00000000 00:00 0 
7fc5ec7c7000-7fc5ec8c5000 rw-p 00000000 00:00 0 
7fc5ec8c5000-7fc5ec8c8000 ---p 00000000 00:00 0 
7fc5ec8c8000-7fc5ec9c6000 rw-p 00000000 00:00 0 
7fc5ec9c6000-7fc5ec9c9000 ---p 00000000 00:00 0 
7fc5ec9c9000-7fc5ecac7000 rw-p 00000000 00:00 0 
7fc5ecac7000-7fc5ecac9000 r-xp 00000000 00:13 9180034                    /home/khaled/mpj-v0_38/lib/libwrapper.so
7fc5ecac9000-7fc5ecbc9000 ---p 00002000 00:13 9180034                    /home/khaled/mpj-v0_38/lib/libwrapper.so
7fc5ecbc9000-7fc5ecbca000 rw-p 00002000 00:13 9180034                    /home/khaled/mpj-v0_38/lib/libwrapper.so
7fc5ecbca000-7fc5ecbd1000 r--s 00054000 08:05 6427520                    /usr/lib/jvm/java-6-openjdk-common/jre/lib/resources.jar
7fc5ecbd1000-7fc5ecbd8000 r--s 0004f000 00:13 9180035                    /home/khaled/mpj-v0_38/lib/log4j-1.2.11.jar
7fc5ecbd8000-7fc5ecbdb000 r--s 00012000 00:13 9180038                    /home/khaled/mpj-v0_38/lib/wrapper.jar
7fc5ecbdb000-7fc5ecbdf000 r--s 0003c000 08:05 6425133                    /usr/lib/jvm/java-6-openjdk-common/jre/lib/jsse.jar
7fc5ecbdf000-7fc5ecbe0000 r--s 00005000 00:13 9180050                    /home/khaled/mpj-v0_38/lib/daemon.jar
7fc5ecbe0000-7fc5ecbe1000 r--s 00007000 08:05 6560420                    /usr/share/java/java-atk-wrapper.jar
7fc5ecbe1000-7fc5ecbe4000 r--s 00077000 08:05 6426778                    /usr/lib/jvm/java-6-openjdk-common/jre/lib/ext/localedata.jar
7fc5ecbe4000-7fc5ecbe7000 r--s 0003a000 08:05 6426776                    /usr/lib/jvm/java-6-openjdk-common/jre/lib/ext/sunpkcs11.jar
7fc5ecbe7000-7fc5ecbeb000 r--s 00032000 08:05 6426171                    /usr/lib/jvm/java-6-openjdk-common/jre/lib/ext/sunjce_provider.jar
7fc5ecbeb000-7fc5ecbed000 r--s 00001000 08:05 6426777                    /usr/lib/jvm/java-6-openjdk-common/jre/lib/ext/dnsns.jar
7fc5ecbed000-7fc5ecbef000 r--s 0000f000 08:05 6426472                    /usr/lib/jvm/java-6-openjdk-common/jre/lib/ext/pulse-java.jar
7fc5ecbef000-7fc5ecbf0000 ---p 00000000 00:00 0 
7fc5ecbf0000-7fc5f0000000 rw-p 00000000 00:00 0 
7fc5f0000000-7fc5f0021000 rw-p 00000000 00:00 0 
7fc5f0021000-7fc5f4000000 ---p 00000000 00:00 0 
7fc5f40f8000-7fc5f40fb000 ---p 00000000 00:00 0 
7fc5f40fb000-7fc5f41f9000 rw-p 00000000 00:00 0 
7fc5f41f9000-7fc5f41fc000 ---p 00000000 00:00 0 
7fc5f41fc000-7fc5f42fa000 rw-p 00000000 00:00 0 
7fc5f42fa000-7fc5f42fd000 ---p 00000000 00:00 0 
7fc5f42fd000-7fc5f43fb000 rw-p 00000000 00:00 0 
7fc5f43fb000-7fc5f43fe000 ---p 00000000 00:00 0 
7fc5f43fe000-7fc5f44fc000 rw-p 00000000 00:00 0 
7fc5f44fc000-7fc5f48f9000 r--p 00000000 08:05 6426660                    /usr/lib/locale/locale-archive
7fc5f48f9000-7fc5f48fc000 ---p 00000000 00:00 0 
7fc5f48fc000-7fc5f49fa000 rw-p 00000000 00:00 0 
7fc5f49fa000-7fc5f49fd000 ---p 00000000 00:00 0 
7fc5f49fd000-7fc5f4afb000 rw-p 00000000 00:00 0 
7fc5f4afb000-7fc5f4afc000 ---p 00000000 00:00 0 
7fc5f4afc000-7fc5f5000000 rw-p 00000000 00:00 0 
7fc5f5000000-7fc5f5270000 rwxp 00000000 00:00 0 
7fc5f5270000-7fc5f8258000 rw-p 00000000 00:00 0 
7fc5f8258000-7fc5fc000000 ---p 00000000 00:00 0 
7fc5fc00d000-7fc5fcc21000 rw-p 00000000 00:00 0 
7fc5fcc21000-7fc5fcdb8000 r--s 01a18000 08:05 6431357                    /usr/lib/jvm/java-6-openjdk-amd64/jre/lib/rt.jar
7fc5fcdb8000-7fc5fdaa4000 rw-p 00000000 00:00 0 
7fc5fdaa4000-7fc5fdaa5000 ---p 00000000 00:00 0 
7fc5fdaa5000-7fc5fdba5000 rw-p 00000000 00:00 0 
7fc5fdba5000-7fc5fdba6000 ---p 00000000 00:00 0 
7fc5fdba6000-7fc5fdca6000 rw-p 00000000 00:00 0 
7fc5fdca6000-7fc5fdca7000 ---p 00000000 00:00 0 
7fc5fdca7000-7fc5fdda7000 rw-p 00000000 00:00 0 
7fc5fdda7000-7fc5fdda8000 ---p 00000000 00:00 0 
7fc5fdda8000-7fc5fdeb3000 rw-p 00000000 00:00 0 
7fc5fdeb3000-7fc5fdefb000 rw-p 00000000 00:00 0 
7fc5fdefb000-7fc5fdf1a000 rw-p 00000000 00:00 0 
7fc5fdf1a000-7fc5fe0e5000 rw-p 00000000 00:00 0 
7fc5fe0e5000-7fc5fe0f0000 rw-p 00000000 00:00 0 
7fc5fe0f0000-7fc5fe138000 rw-p 00000000 00:00 0 
7fc5fe138000-7fc5fe157000 rw-p 00000000 00:00 0 
7fc5fe157000-7fc5fe321000 rw-p 00000000 00:00 0 
7fc5fe321000-7fc5fe331000 rw-p 00000000 00:00 0 
7fc5fe331000-7fc5fe416000 rw-p 00000000 00:00 0 
7fc5fe416000-7fc5fe417000 rw-p 00000000 00:00 0 
7fc5fe417000-7fc5fe41e000 r-xp 00000000 08:05 6556710                    /usr/lib/jvm/java-6-openjdk-amd64/jre/lib/amd64/libzip.so
7fc5fe41e000-7fc5fe61d000 ---p 00007000 08:05 6556710                    /usr/lib/jvm/java-6-openjdk-amd64/jre/lib/amd64/libzip.so
7fc5fe61d000-7fc5fe61e000 r--p 00006000 08:05 6556710                    /usr/lib/jvm/java-6-openjdk-amd64/jre/lib/amd64/libzip.so
7fc5fe61e000-7fc5fe61f000 rw-p 00007000 08:05 6556710                    /usr/lib/jvm/java-6-openjdk-amd64/jre/lib/amd64/libzip.so
7fc5fe61f000-7fc5fe62b000 r-xp 00000000 08:05 6164477                    /lib/x86_64-linux-gnu/libnss_files-2.15.so
7fc5fe62b000-7fc5fe82a000 ---p 0000c000 08:05 6164477                    /lib/x86_64-linux-gnu/libnss_files-2.15.so
7fc5fe82a000-7fc5fe82b000 r--p 0000b000 08:05 6164477                    /lib/x86_64-linux-gnu/libnss_files-2.15.so
7fc5fe82b000-7fc5fe82c000 rw-p 0000c000 08:05 6164477                    /lib/x86_64-linux-gnu/libnss_files-2.15.so
7fc5fe82c000-7fc5fe836000 r-xp 00000000 08:05 6164484                    /lib/x86_64-linux-gnu/libnss_nis-2.15.so
7fc5fe836000-7fc5fea36000 ---p 0000a000 08:05 6164484                    /lib/x86_64-linux-gnu/libnss_nis-2.15.so
7fc5fea36000-7fc5fea37000 r--p 0000a000 08:05 6164484                    /lib/x86_64-linux-gnu/libnss_nis-2.15.so
7fc5fea37000-7fc5fea38000 rw-p 0000b000 08:05 6164484                    /lib/x86_64-linux-gnu/libnss_nis-2.15.so
7fc5fea38000-7fc5fea4f000 r-xp 00000000 08:05 6164476                    /lib/x86_64-linux-gnu/libnsl-2.15.so
7fc5fea4f000-7fc5fec4e000 ---p 00017000 08:05 6164476                    /lib/x86_64-linux-gnu/libnsl-2.15.so
7fc5fec4e000-7fc5fec4f000 r--p 00016000 08:05 6164476                    /lib/x86_64-linux-gnu/libnsl-2.15.so
7fc5fec4f000-7fc5fec50000 rw-p 00017000 08:05 6164476                    /lib/x86_64-linux-gnu/libnsl-2.15.so
7fc5fec50000-7fc5fec52000 rw-p 00000000 00:00 0 
7fc5fec52000-7fc5fec5a000 r-xp 00000000 08:05 6164483                    /lib/x86_64-linux-gnu/libnss_compat-2.15.so
7fc5fec5a000-7fc5fee59000 ---p 00008000 08:05 6164483                    /lib/x86_64-linux-gnu/libnss_compat-2.15.so
7fc5fee59000-7fc5fee5a000 r--p 00007000 08:05 6164483                    /lib/x86_64-linux-gnu/libnss_compat-2.15.so
7fc5fee5a000-7fc5fee5b000 rw-p 00008000 08:05 6164483                    /lib/x86_64-linux-gnu/libnss_compat-2.15.so
7fc5fee5b000-7fc5fee88000 r-xp 00000000 08:05 6556728                    /usr/lib/jvm/java-6-openjdk-amd64/jre/lib/amd64/libjava.so
7fc5fee88000-7fc5ff087000 ---p 0002d000 08:05 6556728                    /usr/lib/jvm/java-6-openjdk-amd64/jre/lib/amd64/libjava.so
7fc5ff087000-7fc5ff088000 r--p 0002c000 08:05 6556728                    /usr/lib/jvm/java-6-openjdk-amd64/jre/lib/amd64/libjava.so
7fc5ff088000-7fc5ff08b000 rw-p 0002d000 08:05 6556728                    /usr/lib/jvm/java-6-openjdk-amd64/jre/lib/amd64/libjava.so
7fc5ff08b000-7fc5ff099000 r-xp 00000000 08:05 6556727                    /usr/lib/jvm/java-6-openjdk-amd64/jre/lib/amd64/libverify.so
7fc5ff099000-7fc5ff298000 ---p 0000e000 08:05 6556727                    /usr/lib/jvm/java-6-openjdk-amd64/jre/lib/amd64/libverify.so
7fc5ff298000-7fc5ff29a000 r--p 0000d000 08:05 6556727                    /usr/lib/jvm/java-6-openjdk-amd64/jre/lib/amd64/libverify.so
7fc5ff29a000-7fc5ff29b000 rw-p 0000f000 08:05 6556727                    /usr/lib/jvm/java-6-openjdk-amd64/jre/lib/amd64/libverify.so
7fc5ff29b000-7fc5ff2a2000 r-xp 00000000 08:05 6164474                    /lib/x86_64-linux-gnu/librt-2.15.so
7fc5ff2a2000-7fc5ff4a1000 ---p 00007000 08:05 6164474                    /lib/x86_64-linux-gnu/librt-2.15.so
7fc5ff4a1000-7fc5ff4a2000 r--p 00006000 08:05 6164474                    /lib/x86_64-linux-gnu/librt-2.15.so
7fc5ff4a2000-7fc5ff4a3000 rw-p 00007000 08:05 6164474                    /lib/x86_64-linux-gnu/librt-2.15.so
7fc5ff4a3000-7fc5ff4b8000 r-xp 00000000 08:05 6164099                    /lib/x86_64-linux-gnu/libgcc_s.so.1
7fc5ff4b8000-7fc5ff6b7000 ---p 00015000 08:05 6164099                    /lib/x86_64-linux-gnu/libgcc_s.so.1
7fc5ff6b7000-7fc5ff6b8000 r--p 00014000 08:05 6164099                    /lib/x86_64-linux-gnu/libgcc_s.so.1
7fc5ff6b8000-7fc5ff6b9000 rw-p 00015000 08:05 6164099                    /lib/x86_64-linux-gnu/libgcc_s.so.1
7fc5ff6b9000-7fc5ff7b4000 r-xp 00000000 08:05 6164481                    /lib/x86_64-linux-gnu/libm-2.15.so
7fc5ff7b4000-7fc5ff9b3000 ---p 000fb000 08:05 6164481                    /lib/x86_64-linux-gnu/libm-2.15.so
7fc5ff9b3000-7fc5ff9b4000 r--p 000fa000 08:05 6164481                    /lib/x86_64-linux-gnu/libm-2.15.so
7fc5ff9b4000-7fc5ff9b5000 rw-p 000fb000 08:05 6164481                    /lib/x86_64-linux-gnu/libm-2.15.so
7fc5ff9b5000-7fc5ffa97000 r-xp 00000000 08:05 6430262                    /usr/lib/x86_64-linux-gnu/libstdc++.so.6.0.16
7fc5ffa97000-7fc5ffc96000 ---p 000e2000 08:05 6430262                    /usr/lib/x86_64-linux-gnu/libstdc++.so.6.0.16
7fc5ffc96000-7fc5ffc9e000 r--p 000e1000 08:05 6430262                    /usr/lib/x86_64-linux-gnu/libstdc++.so.6.0.16
7fc5ffc9e000-7fc5ffca0000 rw-p 000e9000 08:05 6430262                    /usr/lib/x86_64-linux-gnu/libstdc++.so.6.0.16
7fc5ffca0000-7fc5ffcb5000 rw-p 00000000 00:00 0 
7fc5ffcb5000-7fc60068c000 r-xp 00000000 08:05 6556733                    /usr/lib/jvm/java-6-openjdk-amd64/jre/lib/amd64/server/libjvm.so
7fc60068c000-7fc60088b000 ---p 009d7000 08:05 6556733                    /usr/lib/jvm/java-6-openjdk-amd64/jre/lib/amd64/server/libjvm.so
7fc60088b000-7fc60090a000 r--p 009d6000 08:05 6556733                    /usr/lib/jvm/java-6-openjdk-amd64/jre/lib/amd64/server/libjvm.so
7fc60090a000-7fc60092d000 rw-p 00a55000 08:05 6556733                    /usr/lib/jvm/java-6-openjdk-amd64/jre/lib/amd64/server/libjvm.so
7fc60092d000-7fc600957000 rw-p 00000000 00:00 0 
7fc600957000-7fc60096d000 r-xp 00000000 08:05 6164189                    /lib/x86_64-linux-gnu/libz.so.1.2.3.4
7fc60096d000-7fc600b6c000 ---p 00016000 08:05 6164189                    /lib/x86_64-linux-gnu/libz.so.1.2.3.4
7fc600b6c000-7fc600b6d000 r--p 00015000 08:05 6164189                    /lib/x86_64-linux-gnu/libz.so.1.2.3.4
7fc600b6d000-7fc600b6e000 rw-p 00016000 08:05 6164189                    /lib/x86_64-linux-gnu/libz.so.1.2.3.4
7fc600b6e000-7fc600d23000 r-xp 00000000 08:05 6164478                    /lib/x86_64-linux-gnu/libc-2.15.so
7fc600d23000-7fc600f22000 ---p 001b5000 08:05 6164478                    /lib/x86_64-linux-gnu/libc-2.15.so
7fc600f22000-7fc600f26000 r--p 001b4000 08:05 6164478                    /lib/x86_64-linux-gnu/libc-2.15.so
7fc600f26000-7fc600f28000 rw-p 001b8000 08:05 6164478                    /lib/x86_64-linux-gnu/libc-2.15.so
7fc600f28000-7fc600f2d000 rw-p 00000000 00:00 0 
7fc600f2d000-7fc600f2f000 r-xp 00000000 08:05 6164492                    /lib/x86_64-linux-gnu/libdl-2.15.so
7fc600f2f000-7fc60112f000 ---p 00002000 08:05 6164492                    /lib/x86_64-linux-gnu/libdl-2.15.so
7fc60112f000-7fc601130000 r--p 00002000 08:05 6164492                    /lib/x86_64-linux-gnu/libdl-2.15.so
7fc601130000-7fc601131000 rw-p 00003000 08:05 6164492                    /lib/x86_64-linux-gnu/libdl-2.15.so
7fc601131000-7fc601135000 r-xp 00000000 08:05 6556699                    /usr/lib/jvm/java-6-openjdk-amd64/jre/lib/amd64/jli/libjli.so
7fc601135000-7fc601334000 ---p 00004000 08:05 6556699                    /usr/lib/jvm/java-6-openjdk-amd64/jre/lib/amd64/jli/libjli.so
7fc601334000-7fc601335000 r--p 00003000 08:05 6556699                    /usr/lib/jvm/java-6-openjdk-amd64/jre/lib/amd64/jli/libjli.so
7fc601335000-7fc601336000 rw-p 00004000 08:05 6556699                    /usr/lib/jvm/java-6-openjdk-amd64/jre/lib/amd64/jli/libjli.so
7fc601336000-7fc60134e000 r-xp 00000000 08:05 6164472                    /lib/x86_64-linux-gnu/libpthread-2.15.so
7fc60134e000-7fc60154d000 ---p 00018000 08:05 6164472                    /lib/x86_64-linux-gnu/libpthread-2.15.so
7fc60154d000-7fc60154e000 r--p 00017000 08:05 6164472                    /lib/x86_64-linux-gnu/libpthread-2.15.so
7fc60154e000-7fc60154f000 rw-p 00018000 08:05 6164472                    /lib/x86_64-linux-gnu/libpthread-2.15.so
7fc60154f000-7fc601553000 rw-p 00000000 00:00 0 
7fc601553000-7fc601575000 r-xp 00000000 08:05 6164471                    /lib/x86_64-linux-gnu/ld-2.15.so
7fc60159b000-7fc6015a5000 rw-p 00000000 00:00 0 
7fc6015a5000-7fc60165b000 rw-p 00000000 00:00 0 
7fc60165b000-7fc60165e000 ---p 00000000 00:00 0 
7fc60165e000-7fc601761000 rw-p 00000000 00:00 0 
7fc601768000-7fc601769000 rw-p 00000000 00:00 0 
7fc601769000-7fc601771000 rw-s 00000000 08:05 9178863                    /tmp/hsperfdata_khaled/3098
7fc601771000-7fc601772000 rw-p 00000000 00:00 0 
7fc601772000-7fc601773000 r--p 00000000 00:00 0 
7fc601773000-7fc601775000 rw-p 00000000 00:00 0 
7fc601775000-7fc601776000 r--p 00022000 08:05 6164471                    /lib/x86_64-linux-gnu/ld-2.15.so
7fc601776000-7fc601778000 rw-p 00023000 08:05 6164471                    /lib/x86_64-linux-gnu/ld-2.15.so
7fff6a441000-7fff6a462000 rw-p 00000000 00:00 0                          [stack]
7fff6a4af000-7fff6a4b0000 r-xp 00000000 00:00 0                          [vdso]
ffffffffff600000-ffffffffff601000 r-xp 00000000 00:00 0                  [vsyscall]

VM Arguments:
jvm_args: -Djava.library.path=../lib -Dwrapper.key=lrGO0eCJ3ftXpmGd -Dwrapper.port=32000 -Dwrapper.jvm.port.min=31000 -Dwrapper.jvm.port.max=31999 -Dwrapper.debug=TRUE -Dwrapper.pid=3096 -Dwrapper.version=3.2.3 -Dwrapper.native_library=wrapper -Dwrapper.service=TRUE -Dwrapper.cpu.timeout=10 -Dwrapper.jvmid=1 
java_command: runtime.daemon.WrapperSimpleApp runtime.daemon.MPJDaemon 10000
Launcher Type: SUN_STANDARD

Environment Variables:
PATH=/usr/local/sbin:/usr/local/bin:/usr/sbin:/usr/bin:/sbin:/bin:/usr/games
LD_LIBRARY_PATH=/usr/lib/jvm/java-6-openjdk-amd64/jre/lib/amd64/server:/usr/lib/jvm/java-6-openjdk-amd64/jre/lib/amd64:/usr/lib/jvm/java-6-openjdk-amd64/jre/../lib/amd64
SHELL=/bin/bash

Signal Handlers:
SIGSEGV: [libjvm.so+0x83dcf0], sa_mask[0]=0x7ffbfeff, sa_flags=0x10000004
SIGBUS: [libjvm.so+0x83dcf0], sa_mask[0]=0x7ffbfeff, sa_flags=0x10000004
SIGFPE: [libjvm.so+0x6de8f0], sa_mask[0]=0x7ffbfeff, sa_flags=0x10000004
SIGPIPE: [libjvm.so+0x6de8f0], sa_mask[0]=0x7ffbfeff, sa_flags=0x10000004
SIGXFSZ: [libjvm.so+0x6de8f0], sa_mask[0]=0x7ffbfeff, sa_flags=0x10000004
SIGILL: [libjvm.so+0x6de8f0], sa_mask[0]=0x7ffbfeff, sa_flags=0x10000004
SIGUSR1: SIG_DFL, sa_mask[0]=0x00000000, sa_flags=0x00000000
SIGUSR2: [libjvm.so+0x6ded30], sa_mask[0]=0x00000000, sa_flags=0x10000004
SIGHUP: [libwrapper.so+0x1410], sa_mask[0]=0x00000001, sa_flags=0x10000000
SIGINT: [libwrapper.so+0x13b0], sa_mask[0]=0x00000002, sa_flags=0x10000000
SIGTERM: [libwrapper.so+0x13e0], sa_mask[0]=0x00004000, sa_flags=0x10000000
SIGQUIT: [libjvm.so+0x6dee70], sa_mask[0]=0x7ffbfeff, sa_flags=0x10000004


---------------  S Y S T E M  ---------------

OS:"elementary OS" 0.2 (luna)
uname:Linux 3.2.0-51-generic #77-Ubuntu SMP Wed Jul 24 20:18:19 UTC 2013 x86_64
libc:glibc 2.15 NPTL 2.15 
rlimit: STACK 8192k, CORE 0k, NPROC 46747, NOFILE 4096, AS infinity
load average:0.59 0.64 0.60

/proc/meminfo:
MemTotal:        6007888 kB
MemFree:         3539732 kB
Buffers:          133816 kB
Cached:           938908 kB
SwapCached:            0 kB
Active:          1494932 kB
Inactive:         759808 kB
Active(anon):    1186692 kB
Inactive(anon):    17628 kB
Active(file):     308240 kB
Inactive(file):   742180 kB
Unevictable:           0 kB
Mlocked:               0 kB
SwapTotal:       6182908 kB
SwapFree:        6182908 kB
Dirty:               252 kB
Writeback:             0 kB
AnonPages:       1182044 kB
Mapped:           178820 kB
Shmem:             22308 kB
Slab:              76348 kB
SReclaimable:      40112 kB
SUnreclaim:        36236 kB
KernelStack:        4152 kB
PageTables:        31884 kB
NFS_Unstable:          0 kB
Bounce:                0 kB
WritebackTmp:          0 kB
CommitLimit:     9186852 kB
Committed_AS:    4096844 kB
VmallocTotal:   34359738367 kB
VmallocUsed:      295452 kB
VmallocChunk:   34359440688 kB
HardwareCorrupted:     0 kB
AnonHugePages:         0 kB
HugePages_Total:       0
HugePages_Free:        0
HugePages_Rsvd:        0
HugePages_Surp:        0
Hugepagesize:       2048 kB
DirectMap4k:       67584 kB
DirectMap2M:     2985984 kB
DirectMap1G:     3145728 kB


CPU:total 4 (2 cores per cpu, 2 threads per core) family 6 model 69 stepping 1, cmov, cx8, fxsr, mmx, sse, sse2, sse3, ssse3, sse4.1, sse4.2, popcnt, avx, avx2, ht, tsc, tscinvbit

/proc/cpuinfo:
processor	: 0
vendor_id	: GenuineIntel
cpu family	: 6
model		: 69
model name	: Intel(R) Core(TM) i5-4210U CPU @ 1.70GHz
stepping	: 1
microcode	: 0x17
cpu MHz		: 1700.000
cache size	: 3072 KB
physical id	: 0
siblings	: 4
core id		: 0
cpu cores	: 2
apicid		: 0
initial apicid	: 0
fpu		: yes
fpu_exception	: yes
cpuid level	: 13
wp		: yes
flags		: fpu vme de pse tsc msr pae mce cx8 apic sep mtrr pge mca cmov pat pse36 clflush dts acpi mmx fxsr sse sse2 ss ht tm pbe syscall nx pdpe1gb rdtscp lm constant_tsc arch_perfmon pebs bts rep_good nopl xtopology nonstop_tsc aperfmperf pni pclmulqdq dtes64 monitor ds_cpl vmx est tm2 ssse3 fma cx16 xtpr pdcm pcid sse4_1 sse4_2 movbe popcnt tsc_deadline_timer aes xsave avx f16c rdrand lahf_lm abm ida arat epb xsaveopt pln pts dtherm tpr_shadow vnmi flexpriority ept vpid fsgsbase bmi1 avx2 smep bmi2 erms
bogomips	: 4788.85
clflush size	: 64
cache_alignment	: 64
address sizes	: 39 bits physical, 48 bits virtual
power management:

processor	: 1
vendor_id	: GenuineIntel
cpu family	: 6
model		: 69
model name	: Intel(R) Core(TM) i5-4210U CPU @ 1.70GHz
stepping	: 1
microcode	: 0x17
cpu MHz		: 1700.000
cache size	: 3072 KB
physical id	: 0
siblings	: 4
core id		: 0
cpu cores	: 2
apicid		: 1
initial apicid	: 1
fpu		: yes
fpu_exception	: yes
cpuid level	: 13
wp		: yes
flags		: fpu vme de pse tsc msr pae mce cx8 apic sep mtrr pge mca cmov pat pse36 clflush dts acpi mmx fxsr sse sse2 ss ht tm pbe syscall nx pdpe1gb rdtscp lm constant_tsc arch_perfmon pebs bts rep_good nopl xtopology nonstop_tsc aperfmperf pni pclmulqdq dtes64 monitor ds_cpl vmx est tm2 ssse3 fma cx16 xtpr pdcm pcid sse4_1 sse4_2 movbe popcnt tsc_deadline_timer aes xsave avx f16c rdrand lahf_lm abm ida arat epb xsaveopt pln pts dtherm tpr_shadow vnmi flexpriority ept vpid fsgsbase bmi1 avx2 smep bmi2 erms
bogomips	: 4788.90
clflush size	: 64
cache_alignment	: 64
address sizes	: 39 bits physical, 48 bits virtual
power management:

processor	: 2
vendor_id	: GenuineIntel
cpu family	: 6
model		: 69
model name	: Intel(R) Core(TM) i5-4210U CPU @ 1.70GHz
stepping	: 1
microcode	: 0x17
cpu MHz		: 1700.000
cache size	: 3072 KB
physical id	: 0
siblings	: 4
core id		: 1
cpu cores	: 2
apicid		: 2
initial apicid	: 2
fpu		: yes
fpu_exception	: yes
cpuid level	: 13
wp		: yes
flags		: fpu vme de pse tsc msr pae mce cx8 apic sep mtrr pge mca cmov pat pse36 clflush dts acpi mmx fxsr sse sse2 ss ht tm pbe syscall nx pdpe1gb rdtscp lm constant_tsc arch_perfmon pebs bts rep_good nopl xtopology nonstop_tsc aperfmperf pni pclmulqdq dtes64 monitor ds_cpl vmx est tm2 ssse3 fma cx16 xtpr pdcm pcid sse4_1 sse4_2 movbe popcnt tsc_deadline_timer aes xsave avx f16c rdrand lahf_lm abm ida arat epb xsaveopt pln pts dtherm tpr_shadow vnmi flexpriority ept vpid fsgsbase bmi1 avx2 smep bmi2 erms
bogomips	: 4788.94
clflush size	: 64
cache_alignment	: 64
address sizes	: 39 bits physical, 48 bits virtual
power management:

processor	: 3
vendor_id	: GenuineIntel
cpu family	: 6
model		: 69
model name	: Intel(R) Core(TM) i5-4210U CPU @ 1.70GHz
stepping	: 1
microcode	: 0x17
cpu MHz		: 1700.000
cache size	: 3072 KB
physical id	: 0
siblings	: 4
core id		: 1
cpu cores	: 2
apicid		: 3
initial apicid	: 3
fpu		: yes
fpu_exception	: yes
cpuid level	: 13
wp		: yes
flags		: fpu vme de pse tsc msr pae mce cx8 apic sep mtrr pge mca cmov pat pse36 clflush dts acpi mmx fxsr sse sse2 ss ht tm pbe syscall nx pdpe1gb rdtscp lm constant_tsc arch_perfmon pebs bts rep_good nopl xtopology nonstop_tsc aperfmperf pni pclmulqdq dtes64 monitor ds_cpl vmx est tm2 ssse3 fma cx16 xtpr pdcm pcid sse4_1 sse4_2 movbe popcnt tsc_deadline_timer aes xsave avx f16c rdrand lahf_lm abm ida arat epb xsaveopt pln pts dtherm tpr_shadow vnmi flexpriority ept vpid fsgsbase bmi1 avx2 smep bmi2 erms
bogomips	: 4788.93
clflush size	: 64
cache_alignment	: 64
address sizes	: 39 bits physical, 48 bits virtual
power management:



Memory: 4k page, physical 6007888k(3539892k free), swap 6182908k(6182908k free)

vm_info: OpenJDK 64-Bit Server VM (23.25-b01) for linux-amd64 JRE (1.6.0_33-b33), built on Oct 15 2014 12:27:16 by "buildd" with gcc 4.6.3

time: Sat Mar 21 18:05:17 2015
elapsed time: 0 seconds

