#
# A fatal error has been detected by the Java Runtime Environment:
#
#  SIGSEGV (0xb) at pc=0x00007fcc5c2c79de, pid=3545, tid=140515696465664
#
# JRE version: 6.0_33-b33
# Java VM: OpenJDK 64-Bit Server VM (23.25-b01 mixed mode linux-amd64 compressed oops)
# Derivative: IcedTea6 1.13.5
# Distribution: Ubuntu 12.04 LTS, package 6b33-1.13.5-1ubuntu0.12.04
# Problematic frame:
# 
[error occurred during error reporting (printing problematic frame), id 0xb]

# Failed to write core dump. Core dumps have been disabled. To enable core dumping, try "ulimit -c unlimited" before starting Java again
#
# If you would like to submit a bug report, please include
# instructions how to reproduce the bug and visit:
#   https://bugs.launchpad.net/ubuntu/+source/openjdk-6/
# The crash happened outside the Java Virtual Machine in native code.
# See problematic frame for where to report the bug.
#

---------------  T H R E A D  ---------------

Current thread (0x00007fcc6821b000):  JavaThread "Wrapper-Control-Event-Monitor" daemon [_thread_in_native, id=3559, stack(0x00007fcc5c1c5000,0x00007fcc5c2c6000)]

siginfo:si_signo=SIGSEGV: si_errno=0, si_code=1 (SEGV_MAPERR), si_addr=0x0000000000000000

Registers:
RAX=0x00007fcc5c2c79d0, RBX=0x000000009a0f63c0, RCX=0x0000000000000000, RDX=0x0000000000000000
RSP=0x00007fcc5c2c4708, RBP=0x00007fcc5c2c4758, RSI=0x00007fcc5c2c4768, RDI=0x00007fcc6821b1d8
R8 =0x00007fcc6821ab50, R9 =0x0000000000000000, R10=0x00007fcc65011764, R11=0x00007fcc6fc248a0
R12=0x0000000000000000, R13=0x000000009a0f63c0, R14=0x00007fcc5c2c4770, R15=0x00007fcc6821b000
RIP=0x00007fcc5c2c79de, EFLAGS=0x0000000000010287, CSGSFS=0x0000000000000033, ERR=0x0000000000000006
  TRAPNO=0x000000000000000e

Top of Stack: (sp=0x00007fcc5c2c4708)
0x00007fcc5c2c4708:   00007fcc65011790 000000009a0f6c88
0x00007fcc5c2c4718:   00007fcc5c2c4718 0000000000000000
0x00007fcc5c2c4728:   00007fcc5c2c4770 000000009a10ee08
0x00007fcc5c2c4738:   0000000000000000 000000009a0f63c0
0x00007fcc5c2c4748:   0000000000000000 00007fcc5c2c4778
0x00007fcc5c2c4758:   00007fcc5c2c47b8 00007fcc65005fae
0x00007fcc5c2c4768:   00000000e1773fc8 00007fcc6500e596
0x00007fcc5c2c4778:   00007fcc5c2c4778 000000009a0fed50
0x00007fcc5c2c4788:   00007fcc5c2c47c0 000000009a10ee08
0x00007fcc5c2c4798:   0000000000000000 000000009a0fed60
0x00007fcc5c2c47a8:   00007fcc5c2c4778 00007fcc5c2c47c8
0x00007fcc5c2c47b8:   00007fcc5c2c4808 00007fcc65005fae
0x00007fcc5c2c47c8:   00007fcc5c2c47c8 000000009a10bf44
0x00007fcc5c2c47d8:   00007fcc5c2c4868 000000009a1cffc0
0x00007fcc5c2c47e8:   0000000000000000 000000009a10c048
0x00007fcc5c2c47f8:   00007fcc5c2c47c8 00007fcc5c2c4868
0x00007fcc5c2c4808:   00007fcc5c2c48d0 00007fcc650004f7
0x00007fcc5c2c4818:   0000000000000000 0000000000000000
0x00007fcc5c2c4828:   0000000000000000 0000000000000064
0x00007fcc5c2c4838:   00000000d257dd9c 000000007fffff3a
0x00007fcc5c2c4848:   0000000000000000 0000000000000000
0x00007fcc5c2c4858:   00000000d257dd9c 00000000e1810ca8
0x00007fcc5c2c4868:   00000000e17f3540 00007fcc00001fa0
0x00007fcc5c2c4878:   00007fcc34000b80 00007fcc5c2c4b40
0x00007fcc5c2c4888:   00007fcc5c2c4a80 00007fcc34000ba0
0x00007fcc5c2c4898:   00007fcc6821b000 00007fcc5c2c4910
0x00007fcc5c2c48a8:   00007fcc5c2c4b48 00007fcc0000000a
0x00007fcc5c2c48b8:   000000009a10c048 00007fcc6500fb60
0x00007fcc5c2c48c8:   00007fcc5c2c4a88 00007fcc5c2c49b0
0x00007fcc5c2c48d8:   00007fcc6f9d830f 0000000000000001
0x00007fcc5c2c48e8:   00007fcc6821b000 0000000000000000
0x00007fcc5c2c48f8:   0000000000000000 00007fcc6500fb60 

Instructions: (pc=0x00007fcc5c2c79de)
0x00007fcc5c2c79be:   05 00 00 48 8b 30 41 ff e3 66 66 90 66 66 90 66
0x00007fcc5c2c79ce:   66 90 48 8b 0d e9 07 10 00 48 8b 15 fa 07 10 00
0x00007fcc5c2c79de:   c7 01 01 00 00 00 8b 02 85 c0 74 06 c7 02 00 00
0x00007fcc5c2c79ee:   00 00 c7 01 00 00 00 00 c3 66 66 90 66 66 90 66 

Register to memory mapping:

RAX=
[error occurred during error reporting (printing register info), id 0xb]

Stack: [0x00007fcc5c1c5000,0x00007fcc5c2c6000],  sp=0x00007fcc5c2c4708,  free space=1021k
Native frames: (J=compiled Java code, j=interpreted, Vv=VM code, C=native code)

[error occurred during error reporting (printing native stack), id 0xb]

Java frames: (J=compiled Java code, j=interpreted, Vv=VM code)
j  org.tanukisoftware.wrapper.WrapperManager.nativeGetControlEvent()I+0
j  org.tanukisoftware.wrapper.WrapperManager.access$2200()I+0
j  org.tanukisoftware.wrapper.WrapperManager$3.run()V+276
v  ~StubRoutines::call_stub

---------------  P R O C E S S  ---------------

Java Threads: ( => current thread )
  0x00007fcc68216000 JavaThread "Wrapper-Shutdown-Hook" [_thread_blocked, id=3569, stack(0x00007fcc5c0c4000,0x00007fcc5c1c5000)]
  0x00007fcc68009800 JavaThread "DestroyJavaVM" [_thread_blocked, id=3546, stack(0x00007fcc70e63000,0x00007fcc70f64000)]
  0x00007fcc68217800 JavaThread "Wrapper-Connection" daemon [_thread_in_native, id=3561, stack(0x00007fcc57eff000,0x00007fcc58000000)]
=>0x00007fcc6821b000 JavaThread "Wrapper-Control-Event-Monitor" daemon [_thread_in_native, id=3559, stack(0x00007fcc5c1c5000,0x00007fcc5c2c6000)]
  0x00007fcc680fd000 JavaThread "Low Memory Detector" daemon [_thread_blocked, id=3557, stack(0x00007fcc5c4ef000,0x00007fcc5c5f0000)]
  0x00007fcc680fa800 JavaThread "C2 CompilerThread1" daemon [_thread_blocked, id=3556, stack(0x00007fcc5c5f0000,0x00007fcc5c6f1000)]
  0x00007fcc680f7800 JavaThread "C2 CompilerThread0" daemon [_thread_blocked, id=3555, stack(0x00007fcc5c6f1000,0x00007fcc5c7f2000)]
  0x00007fcc680f5800 JavaThread "Signal Dispatcher" daemon [_thread_blocked, id=3554, stack(0x00007fcc5c7f2000,0x00007fcc5c8f3000)]
  0x00007fcc680a5000 JavaThread "Finalizer" daemon [_thread_blocked, id=3553, stack(0x00007fcc6404c000,0x00007fcc6414d000)]
  0x00007fcc680a3000 JavaThread "Reference Handler" daemon [_thread_blocked, id=3552, stack(0x00007fcc6414d000,0x00007fcc6424e000)]

Other Threads:
  0x00007fcc68094000 VMThread [stack: 0x00007fcc6424e000,0x00007fcc6434f000] [id=3551]
  0x00007fcc68107800 WatcherThread [stack: 0x00007fcc5c3ee000,0x00007fcc5c4ef000] [id=3558]

VM state:not at safepoint (normal execution)

VM Mutex/Monitor currently owned by a thread: None

Heap
 PSYoungGen      total 27392K, used 4699K [0x00000000e16b0000, 0x00000000e3540000, 0x0000000100000000)
  eden space 23488K, 20% used [0x00000000e16b0000,0x00000000e1b46e70,0x00000000e2da0000)
  from space 3904K, 0% used [0x00000000e3170000,0x00000000e3170000,0x00000000e3540000)
  to   space 3904K, 0% used [0x00000000e2da0000,0x00000000e2da0000,0x00000000e3170000)
 ParOldGen       total 62592K, used 0K [0x00000000a4400000, 0x00000000a8120000, 0x00000000e16b0000)
  object space 62592K, 0% used [0x00000000a4400000,0x00000000a4400000,0x00000000a8120000)
 PSPermGen       total 21248K, used 4523K [0x0000000099e00000, 0x000000009b2c0000, 0x00000000a4400000)
  object space 21248K, 21% used [0x0000000099e00000,0x000000009a26ae38,0x000000009b2c0000)

Card table byte_map: [0x00007fcc6d8ed000,0x00007fcc6dc1f000] byte_map_base: 0x00007fcc6d41e000

Polling page: 0x00007fcc70f7a000

Code Cache  [0x00007fcc65000000, 0x00007fcc65270000, 0x00007fcc68000000)
 total_blobs=208 nmethods=4 adapters=158 free_code_cache=48750Kb largest_free_block=49919360

Compilation events (8 events):
Event: 0.056 Thread 0x00007fcc680f7800    1             java.util.Properties$LineReader::readLine (452 bytes)
Event: 0.066 Thread 0x00007fcc680fa800    2             java.lang.String::hashCode (60 bytes)
Event: 0.068 Thread 0x00007fcc680f7800 nmethod 1 0x00007fcc6505e650 code [0x00007fcc6505e7e0, 0x00007fcc6505efb8]
Event: 0.069 Thread 0x00007fcc680fa800 nmethod 2 0x00007fcc65061110 code [0x00007fcc65061240, 0x00007fcc650613d8]
Event: 0.071 Thread 0x00007fcc680f7800    3             java.lang.String::indexOf (151 bytes)
Event: 0.077 Thread 0x00007fcc680f7800 nmethod 3 0x00007fcc6505de50 code [0x00007fcc6505dfa0, 0x00007fcc6505e448]
Event: 0.085 Thread 0x00007fcc680fa800    4             java.lang.String::lastIndexOf (156 bytes)
Event: 0.090 Thread 0x00007fcc680fa800 nmethod 4 0x00007fcc6505f750 code [0x00007fcc6505f8a0, 0x00007fcc6505fce8]

GC Heap History (0 events):
No events

Deoptimization events (2 events):
Event: 0.084 Thread 0x00007fcc68009800 Uncommon trap -34 fr.pc 0x00007fcc6505ee38
Event: 0.084 Thread 0x00007fcc68009800 Uncommon trap -34 fr.pc 0x00007fcc6505ee38

Internal exceptions (10 events):
Event: 0.219 Thread 0x00007fcc1c001000 Threw 0x00000000e1aaa2c8 at /build/buildd/openjdk-6-6b33-1.13.5/build/openjdk/hotspot/src/share/vm/prims/jvm.cpp:1272
Event: 0.220 Thread 0x00007fcc1c001000 Threw 0x00000000e1aac420 at /build/buildd/openjdk-6-6b33-1.13.5/build/openjdk/hotspot/src/share/vm/classfile/systemDictionary.cpp:1
Event: 0.220 Thread 0x00007fcc1c001000 Threw 0x00000000e1aac7a0 at /build/buildd/openjdk-6-6b33-1.13.5/build/openjdk/hotspot/src/share/vm/prims/jvm.cpp:1272
Event: 0.220 Thread 0x00007fcc1c001000 Threw 0x00000000e1aaef98 at /build/buildd/openjdk-6-6b33-1.13.5/build/openjdk/hotspot/src/share/vm/classfile/systemDictionary.cpp:1
Event: 0.220 Thread 0x00007fcc1c001000 Threw 0x00000000e1aaf2e0 at /build/buildd/openjdk-6-6b33-1.13.5/build/openjdk/hotspot/src/share/vm/prims/jvm.cpp:1272
Event: 0.220 Thread 0x00007fcc1c001000 Threw 0x00000000e1ab1cd0 at /build/buildd/openjdk-6-6b33-1.13.5/build/openjdk/hotspot/src/share/vm/classfile/systemDictionary.cpp:1
Event: 0.220 Thread 0x00007fcc1c001000 Threw 0x00000000e1ab2038 at /build/buildd/openjdk-6-6b33-1.13.5/build/openjdk/hotspot/src/share/vm/prims/jvm.cpp:1272
Event: 0.221 Thread 0x00007fcc1c001000 Threw 0x00000000e1abac58 at /build/buildd/openjdk-6-6b33-1.13.5/build/openjdk/hotspot/src/share/vm/classfile/systemDictionary.cpp:1
Event: 0.221 Thread 0x00007fcc1c001000 Threw 0x00000000e1abafa8 at /build/buildd/openjdk-6-6b33-1.13.5/build/openjdk/hotspot/src/share/vm/prims/jvm.cpp:1272
Event: 0.222 Thread 0x00007fcc1c001000 Threw 0x00000000e1abc510 at /build/buildd/openjdk-6-6b33-1.13.5/build/openjdk/hotspot/src/share/vm/prims/jni.cpp:716

Events (10 events):
Event: 0.221 loading class 0x00007fcc1001ced0
Event: 0.221 loading class 0x00007fcc1001ced0 done
Event: 0.222 Thread 0x00007fcc1c001000 Thread exited: 0x00007fcc1c001000
Event: 0.222 Thread 0x00007fcc18012800 Thread exited: 0x00007fcc18012800
Event: 0.303 Thread 0x00007fcc68216000 Thread exited: 0x00007fcc68216000
Event: 0.304 loading class 0x00007fcc680d9d60
Event: 0.304 loading class 0x00007fcc680d9d60 done
Event: 0.304 loading class 0x00007fcc680d9ed0
Event: 0.305 loading class 0x00007fcc680d9f10
Event: 0.305 loading class 0x00007fcc680d9f10 done


Dynamic libraries:
00400000-00409000 r-xp 00000000 08:05 6431329                            /usr/lib/jvm/java-6-openjdk-amd64/jre/bin/java
00608000-00609000 r--p 00008000 08:05 6431329                            /usr/lib/jvm/java-6-openjdk-amd64/jre/bin/java
00609000-0060a000 rw-p 00009000 08:05 6431329                            /usr/lib/jvm/java-6-openjdk-amd64/jre/bin/java
01f4f000-01f70000 rw-p 00000000 00:00 0                                  [heap]
99e00000-9b2c0000 rw-p 00000000 00:00 0 
9b2c0000-a4400000 rw-p 00000000 00:00 0 
a4400000-a8120000 rw-p 00000000 00:00 0 
a8120000-e16b0000 rw-p 00000000 00:00 0 
e16b0000-e3540000 rw-p 00000000 00:00 0 
e3540000-100000000 rw-p 00000000 00:00 0 
7fcc10000000-7fcc10025000 rw-p 00000000 00:00 0 
7fcc10025000-7fcc14000000 ---p 00000000 00:00 0 
7fcc18000000-7fcc18021000 rw-p 00000000 00:00 0 
7fcc18021000-7fcc1c000000 ---p 00000000 00:00 0 
7fcc1c000000-7fcc1c021000 rw-p 00000000 00:00 0 
7fcc1c021000-7fcc20000000 ---p 00000000 00:00 0 
7fcc20000000-7fcc20021000 rw-p 00000000 00:00 0 
7fcc20021000-7fcc24000000 ---p 00000000 00:00 0 
7fcc24000000-7fcc24021000 rw-p 00000000 00:00 0 
7fcc24021000-7fcc28000000 ---p 00000000 00:00 0 
7fcc28000000-7fcc28021000 rw-p 00000000 00:00 0 
7fcc28021000-7fcc2c000000 ---p 00000000 00:00 0 
7fcc2c000000-7fcc2c021000 rw-p 00000000 00:00 0 
7fcc2c021000-7fcc30000000 ---p 00000000 00:00 0 
7fcc30000000-7fcc300ff000 rw-p 00000000 00:00 0 
7fcc300ff000-7fcc34000000 ---p 00000000 00:00 0 
7fcc34000000-7fcc3405e000 rw-p 00000000 00:00 0 
7fcc3405e000-7fcc38000000 ---p 00000000 00:00 0 
7fcc38000000-7fcc38021000 rw-p 00000000 00:00 0 
7fcc38021000-7fcc3c000000 ---p 00000000 00:00 0 
7fcc3c000000-7fcc3c021000 rw-p 00000000 00:00 0 
7fcc3c021000-7fcc40000000 ---p 00000000 00:00 0 
7fcc40000000-7fcc40021000 rw-p 00000000 00:00 0 
7fcc40021000-7fcc44000000 ---p 00000000 00:00 0 
7fcc44000000-7fcc44021000 rw-p 00000000 00:00 0 
7fcc44021000-7fcc48000000 ---p 00000000 00:00 0 
7fcc48000000-7fcc48021000 rw-p 00000000 00:00 0 
7fcc48021000-7fcc4c000000 ---p 00000000 00:00 0 
7fcc50000000-7fcc50021000 rw-p 00000000 00:00 0 
7fcc50021000-7fcc54000000 ---p 00000000 00:00 0 
7fcc57ae6000-7fcc57ae9000 ---p 00000000 00:00 0 
7fcc57ae9000-7fcc57be7000 rw-p 00000000 00:00 0 
7fcc57be7000-7fcc57bea000 ---p 00000000 00:00 0 
7fcc57bea000-7fcc57ce8000 rw-p 00000000 00:00 0 
7fcc57ce8000-7fcc57cfe000 r-xp 00000000 08:05 6556729                    /usr/lib/jvm/java-6-openjdk-amd64/jre/lib/amd64/libnet.so
7fcc57cfe000-7fcc57efd000 ---p 00016000 08:05 6556729                    /usr/lib/jvm/java-6-openjdk-amd64/jre/lib/amd64/libnet.so
7fcc57efd000-7fcc57efe000 r--p 00015000 08:05 6556729                    /usr/lib/jvm/java-6-openjdk-amd64/jre/lib/amd64/libnet.so
7fcc57efe000-7fcc57eff000 rw-p 00016000 08:05 6556729                    /usr/lib/jvm/java-6-openjdk-amd64/jre/lib/amd64/libnet.so
7fcc57eff000-7fcc57f02000 ---p 00000000 00:00 0 
7fcc57f02000-7fcc58000000 rw-p 00000000 00:00 0 
7fcc58000000-7fcc58021000 rw-p 00000000 00:00 0 
7fcc58021000-7fcc5c000000 ---p 00000000 00:00 0 
7fcc5c0c4000-7fcc5c0c7000 ---p 00000000 00:00 0 
7fcc5c0c7000-7fcc5c1c5000 rw-p 00000000 00:00 0 
7fcc5c1c5000-7fcc5c1c8000 ---p 00000000 00:00 0 
7fcc5c1c8000-7fcc5c2c6000 rw-p 00000000 00:00 0 
7fcc5c2c6000-7fcc5c2c8000 r-xp 00000000 00:13 9180034                    /home/khaled/mpj-v0_38/lib/libwrapper.so
7fcc5c2c8000-7fcc5c3c8000 ---p 00002000 00:13 9180034                    /home/khaled/mpj-v0_38/lib/libwrapper.so
7fcc5c3c8000-7fcc5c3c9000 rw-p 00002000 00:13 9180034                    /home/khaled/mpj-v0_38/lib/libwrapper.so
7fcc5c3c9000-7fcc5c3d0000 r--s 00054000 08:05 6427520                    /usr/lib/jvm/java-6-openjdk-common/jre/lib/resources.jar
7fcc5c3d0000-7fcc5c3d7000 r--s 0004f000 00:13 9180035                    /home/khaled/mpj-v0_38/lib/log4j-1.2.11.jar
7fcc5c3d7000-7fcc5c3da000 r--s 00012000 00:13 9180038                    /home/khaled/mpj-v0_38/lib/wrapper.jar
7fcc5c3da000-7fcc5c3de000 r--s 0003c000 08:05 6425133                    /usr/lib/jvm/java-6-openjdk-common/jre/lib/jsse.jar
7fcc5c3de000-7fcc5c3df000 r--s 00005000 00:13 9180050                    /home/khaled/mpj-v0_38/lib/daemon.jar
7fcc5c3df000-7fcc5c3e0000 r--s 00007000 08:05 6560420                    /usr/share/java/java-atk-wrapper.jar
7fcc5c3e0000-7fcc5c3e3000 r--s 00077000 08:05 6426778                    /usr/lib/jvm/java-6-openjdk-common/jre/lib/ext/localedata.jar
7fcc5c3e3000-7fcc5c3e6000 r--s 0003a000 08:05 6426776                    /usr/lib/jvm/java-6-openjdk-common/jre/lib/ext/sunpkcs11.jar
7fcc5c3e6000-7fcc5c3ea000 r--s 00032000 08:05 6426171                    /usr/lib/jvm/java-6-openjdk-common/jre/lib/ext/sunjce_provider.jar
7fcc5c3ea000-7fcc5c3ec000 r--s 00001000 08:05 6426777                    /usr/lib/jvm/java-6-openjdk-common/jre/lib/ext/dnsns.jar
7fcc5c3ec000-7fcc5c3ee000 r--s 0000f000 08:05 6426472                    /usr/lib/jvm/java-6-openjdk-common/jre/lib/ext/pulse-java.jar
7fcc5c3ee000-7fcc5c3ef000 ---p 00000000 00:00 0 
7fcc5c3ef000-7fcc5c4ef000 rw-p 00000000 00:00 0 
7fcc5c4ef000-7fcc5c4f2000 ---p 00000000 00:00 0 
7fcc5c4f2000-7fcc5c5f0000 rw-p 00000000 00:00 0 
7fcc5c5f0000-7fcc5c5f3000 ---p 00000000 00:00 0 
7fcc5c5f3000-7fcc5c6f1000 rw-p 00000000 00:00 0 
7fcc5c6f1000-7fcc5c6f4000 ---p 00000000 00:00 0 
7fcc5c6f4000-7fcc5c7f2000 rw-p 00000000 00:00 0 
7fcc5c7f2000-7fcc5c7f5000 ---p 00000000 00:00 0 
7fcc5c7f5000-7fcc5c8f3000 rw-p 00000000 00:00 0 
7fcc5c8f3000-7fcc5ccf0000 r--p 00000000 08:05 6426660                    /usr/lib/locale/locale-archive
7fcc5ccf0000-7fcc60000000 rw-p 00000000 00:00 0 
7fcc60000000-7fcc60021000 rw-p 00000000 00:00 0 
7fcc60021000-7fcc64000000 ---p 00000000 00:00 0 
7fcc6404c000-7fcc6404f000 ---p 00000000 00:00 0 
7fcc6404f000-7fcc6414d000 rw-p 00000000 00:00 0 
7fcc6414d000-7fcc64150000 ---p 00000000 00:00 0 
7fcc64150000-7fcc6424e000 rw-p 00000000 00:00 0 
7fcc6424e000-7fcc6424f000 ---p 00000000 00:00 0 
7fcc6424f000-7fcc65000000 rw-p 00000000 00:00 0 
7fcc65000000-7fcc65270000 rwxp 00000000 00:00 0 
7fcc65270000-7fcc68268000 rw-p 00000000 00:00 0 
7fcc68268000-7fcc6c000000 ---p 00000000 00:00 0 
7fcc6c0c2000-7fcc6c429000 rw-p 00000000 00:00 0 
7fcc6c429000-7fcc6c5c0000 r--s 01a18000 08:05 6431357                    /usr/lib/jvm/java-6-openjdk-amd64/jre/lib/rt.jar
7fcc6c5c0000-7fcc6d2ac000 rw-p 00000000 00:00 0 
7fcc6d2ac000-7fcc6d2ad000 ---p 00000000 00:00 0 
7fcc6d2ad000-7fcc6d3ad000 rw-p 00000000 00:00 0 
7fcc6d3ad000-7fcc6d3ae000 ---p 00000000 00:00 0 
7fcc6d3ae000-7fcc6d4ae000 rw-p 00000000 00:00 0 
7fcc6d4ae000-7fcc6d4af000 ---p 00000000 00:00 0 
7fcc6d4af000-7fcc6d5af000 rw-p 00000000 00:00 0 
7fcc6d5af000-7fcc6d5b0000 ---p 00000000 00:00 0 
7fcc6d5b0000-7fcc6d6bb000 rw-p 00000000 00:00 0 
7fcc6d6bb000-7fcc6d703000 rw-p 00000000 00:00 0 
7fcc6d703000-7fcc6d722000 rw-p 00000000 00:00 0 
7fcc6d722000-7fcc6d8ed000 rw-p 00000000 00:00 0 
7fcc6d8ed000-7fcc6d8f8000 rw-p 00000000 00:00 0 
7fcc6d8f8000-7fcc6d940000 rw-p 00000000 00:00 0 
7fcc6d940000-7fcc6d95f000 rw-p 00000000 00:00 0 
7fcc6d95f000-7fcc6db29000 rw-p 00000000 00:00 0 
7fcc6db29000-7fcc6db39000 rw-p 00000000 00:00 0 
7fcc6db39000-7fcc6dc1e000 rw-p 00000000 00:00 0 
7fcc6dc1e000-7fcc6dc1f000 rw-p 00000000 00:00 0 
7fcc6dc1f000-7fcc6dc26000 r-xp 00000000 08:05 6556710                    /usr/lib/jvm/java-6-openjdk-amd64/jre/lib/amd64/libzip.so
7fcc6dc26000-7fcc6de25000 ---p 00007000 08:05 6556710                    /usr/lib/jvm/java-6-openjdk-amd64/jre/lib/amd64/libzip.so
7fcc6de25000-7fcc6de26000 r--p 00006000 08:05 6556710                    /usr/lib/jvm/java-6-openjdk-amd64/jre/lib/amd64/libzip.so
7fcc6de26000-7fcc6de27000 rw-p 00007000 08:05 6556710                    /usr/lib/jvm/java-6-openjdk-amd64/jre/lib/amd64/libzip.so
7fcc6de27000-7fcc6de33000 r-xp 00000000 08:05 6164477                    /lib/x86_64-linux-gnu/libnss_files-2.15.so
7fcc6de33000-7fcc6e032000 ---p 0000c000 08:05 6164477                    /lib/x86_64-linux-gnu/libnss_files-2.15.so
7fcc6e032000-7fcc6e033000 r--p 0000b000 08:05 6164477                    /lib/x86_64-linux-gnu/libnss_files-2.15.so
7fcc6e033000-7fcc6e034000 rw-p 0000c000 08:05 6164477                    /lib/x86_64-linux-gnu/libnss_files-2.15.so
7fcc6e034000-7fcc6e03e000 r-xp 00000000 08:05 6164484                    /lib/x86_64-linux-gnu/libnss_nis-2.15.so
7fcc6e03e000-7fcc6e23e000 ---p 0000a000 08:05 6164484                    /lib/x86_64-linux-gnu/libnss_nis-2.15.so
7fcc6e23e000-7fcc6e23f000 r--p 0000a000 08:05 6164484                    /lib/x86_64-linux-gnu/libnss_nis-2.15.so
7fcc6e23f000-7fcc6e240000 rw-p 0000b000 08:05 6164484                    /lib/x86_64-linux-gnu/libnss_nis-2.15.so
7fcc6e240000-7fcc6e257000 r-xp 00000000 08:05 6164476                    /lib/x86_64-linux-gnu/libnsl-2.15.so
7fcc6e257000-7fcc6e456000 ---p 00017000 08:05 6164476                    /lib/x86_64-linux-gnu/libnsl-2.15.so
7fcc6e456000-7fcc6e457000 r--p 00016000 08:05 6164476                    /lib/x86_64-linux-gnu/libnsl-2.15.so
7fcc6e457000-7fcc6e458000 rw-p 00017000 08:05 6164476                    /lib/x86_64-linux-gnu/libnsl-2.15.so
7fcc6e458000-7fcc6e45a000 rw-p 00000000 00:00 0 
7fcc6e45a000-7fcc6e462000 r-xp 00000000 08:05 6164483                    /lib/x86_64-linux-gnu/libnss_compat-2.15.so
7fcc6e462000-7fcc6e661000 ---p 00008000 08:05 6164483                    /lib/x86_64-linux-gnu/libnss_compat-2.15.so
7fcc6e661000-7fcc6e662000 r--p 00007000 08:05 6164483                    /lib/x86_64-linux-gnu/libnss_compat-2.15.so
7fcc6e662000-7fcc6e663000 rw-p 00008000 08:05 6164483                    /lib/x86_64-linux-gnu/libnss_compat-2.15.so
7fcc6e663000-7fcc6e690000 r-xp 00000000 08:05 6556728                    /usr/lib/jvm/java-6-openjdk-amd64/jre/lib/amd64/libjava.so
7fcc6e690000-7fcc6e88f000 ---p 0002d000 08:05 6556728                    /usr/lib/jvm/java-6-openjdk-amd64/jre/lib/amd64/libjava.so
7fcc6e88f000-7fcc6e890000 r--p 0002c000 08:05 6556728                    /usr/lib/jvm/java-6-openjdk-amd64/jre/lib/amd64/libjava.so
7fcc6e890000-7fcc6e893000 rw-p 0002d000 08:05 6556728                    /usr/lib/jvm/java-6-openjdk-amd64/jre/lib/amd64/libjava.so
7fcc6e893000-7fcc6e8a1000 r-xp 00000000 08:05 6556727                    /usr/lib/jvm/java-6-openjdk-amd64/jre/lib/amd64/libverify.so
7fcc6e8a1000-7fcc6eaa0000 ---p 0000e000 08:05 6556727                    /usr/lib/jvm/java-6-openjdk-amd64/jre/lib/amd64/libverify.so
7fcc6eaa0000-7fcc6eaa2000 r--p 0000d000 08:05 6556727                    /usr/lib/jvm/java-6-openjdk-amd64/jre/lib/amd64/libverify.so
7fcc6eaa2000-7fcc6eaa3000 rw-p 0000f000 08:05 6556727                    /usr/lib/jvm/java-6-openjdk-amd64/jre/lib/amd64/libverify.so
7fcc6eaa3000-7fcc6eaaa000 r-xp 00000000 08:05 6164474                    /lib/x86_64-linux-gnu/librt-2.15.so
7fcc6eaaa000-7fcc6eca9000 ---p 00007000 08:05 6164474                    /lib/x86_64-linux-gnu/librt-2.15.so
7fcc6eca9000-7fcc6ecaa000 r--p 00006000 08:05 6164474                    /lib/x86_64-linux-gnu/librt-2.15.so
7fcc6ecaa000-7fcc6ecab000 rw-p 00007000 08:05 6164474                    /lib/x86_64-linux-gnu/librt-2.15.so
7fcc6ecab000-7fcc6ecc0000 r-xp 00000000 08:05 6164099                    /lib/x86_64-linux-gnu/libgcc_s.so.1
7fcc6ecc0000-7fcc6eebf000 ---p 00015000 08:05 6164099                    /lib/x86_64-linux-gnu/libgcc_s.so.1
7fcc6eebf000-7fcc6eec0000 r--p 00014000 08:05 6164099                    /lib/x86_64-linux-gnu/libgcc_s.so.1
7fcc6eec0000-7fcc6eec1000 rw-p 00015000 08:05 6164099                    /lib/x86_64-linux-gnu/libgcc_s.so.1
7fcc6eec1000-7fcc6efbc000 r-xp 00000000 08:05 6164481                    /lib/x86_64-linux-gnu/libm-2.15.so
7fcc6efbc000-7fcc6f1bb000 ---p 000fb000 08:05 6164481                    /lib/x86_64-linux-gnu/libm-2.15.so
7fcc6f1bb000-7fcc6f1bc000 r--p 000fa000 08:05 6164481                    /lib/x86_64-linux-gnu/libm-2.15.so
7fcc6f1bc000-7fcc6f1bd000 rw-p 000fb000 08:05 6164481                    /lib/x86_64-linux-gnu/libm-2.15.so
7fcc6f1bd000-7fcc6f29f000 r-xp 00000000 08:05 6430262                    /usr/lib/x86_64-linux-gnu/libstdc++.so.6.0.16
7fcc6f29f000-7fcc6f49e000 ---p 000e2000 08:05 6430262                    /usr/lib/x86_64-linux-gnu/libstdc++.so.6.0.16
7fcc6f49e000-7fcc6f4a6000 r--p 000e1000 08:05 6430262                    /usr/lib/x86_64-linux-gnu/libstdc++.so.6.0.16
7fcc6f4a6000-7fcc6f4a8000 rw-p 000e9000 08:05 6430262                    /usr/lib/x86_64-linux-gnu/libstdc++.so.6.0.16
7fcc6f4a8000-7fcc6f4bd000 rw-p 00000000 00:00 0 
7fcc6f4bd000-7fcc6fe94000 r-xp 00000000 08:05 6556733                    /usr/lib/jvm/java-6-openjdk-amd64/jre/lib/amd64/server/libjvm.so
7fcc6fe94000-7fcc70093000 ---p 009d7000 08:05 6556733                    /usr/lib/jvm/java-6-openjdk-amd64/jre/lib/amd64/server/libjvm.so
7fcc70093000-7fcc70112000 r--p 009d6000 08:05 6556733                    /usr/lib/jvm/java-6-openjdk-amd64/jre/lib/amd64/server/libjvm.so
7fcc70112000-7fcc70135000 rw-p 00a55000 08:05 6556733                    /usr/lib/jvm/java-6-openjdk-amd64/jre/lib/amd64/server/libjvm.so
7fcc70135000-7fcc7015f000 rw-p 00000000 00:00 0 
7fcc7015f000-7fcc70175000 r-xp 00000000 08:05 6164189                    /lib/x86_64-linux-gnu/libz.so.1.2.3.4
7fcc70175000-7fcc70374000 ---p 00016000 08:05 6164189                    /lib/x86_64-linux-gnu/libz.so.1.2.3.4
7fcc70374000-7fcc70375000 r--p 00015000 08:05 6164189                    /lib/x86_64-linux-gnu/libz.so.1.2.3.4
7fcc70375000-7fcc70376000 rw-p 00016000 08:05 6164189                    /lib/x86_64-linux-gnu/libz.so.1.2.3.4
7fcc70376000-7fcc7052b000 r-xp 00000000 08:05 6164478                    /lib/x86_64-linux-gnu/libc-2.15.so
7fcc7052b000-7fcc7072a000 ---p 001b5000 08:05 6164478                    /lib/x86_64-linux-gnu/libc-2.15.so
7fcc7072a000-7fcc7072e000 r--p 001b4000 08:05 6164478                    /lib/x86_64-linux-gnu/libc-2.15.so
7fcc7072e000-7fcc70730000 rw-p 001b8000 08:05 6164478                    /lib/x86_64-linux-gnu/libc-2.15.so
7fcc70730000-7fcc70735000 rw-p 00000000 00:00 0 
7fcc70735000-7fcc70737000 r-xp 00000000 08:05 6164492                    /lib/x86_64-linux-gnu/libdl-2.15.so
7fcc70737000-7fcc70937000 ---p 00002000 08:05 6164492                    /lib/x86_64-linux-gnu/libdl-2.15.so
7fcc70937000-7fcc70938000 r--p 00002000 08:05 6164492                    /lib/x86_64-linux-gnu/libdl-2.15.so
7fcc70938000-7fcc70939000 rw-p 00003000 08:05 6164492                    /lib/x86_64-linux-gnu/libdl-2.15.so
7fcc70939000-7fcc7093d000 r-xp 00000000 08:05 6556699                    /usr/lib/jvm/java-6-openjdk-amd64/jre/lib/amd64/jli/libjli.so
7fcc7093d000-7fcc70b3c000 ---p 00004000 08:05 6556699                    /usr/lib/jvm/java-6-openjdk-amd64/jre/lib/amd64/jli/libjli.so
7fcc70b3c000-7fcc70b3d000 r--p 00003000 08:05 6556699                    /usr/lib/jvm/java-6-openjdk-amd64/jre/lib/amd64/jli/libjli.so
7fcc70b3d000-7fcc70b3e000 rw-p 00004000 08:05 6556699                    /usr/lib/jvm/java-6-openjdk-amd64/jre/lib/amd64/jli/libjli.so
7fcc70b3e000-7fcc70b56000 r-xp 00000000 08:05 6164472                    /lib/x86_64-linux-gnu/libpthread-2.15.so
7fcc70b56000-7fcc70d55000 ---p 00018000 08:05 6164472                    /lib/x86_64-linux-gnu/libpthread-2.15.so
7fcc70d55000-7fcc70d56000 r--p 00017000 08:05 6164472                    /lib/x86_64-linux-gnu/libpthread-2.15.so
7fcc70d56000-7fcc70d57000 rw-p 00018000 08:05 6164472                    /lib/x86_64-linux-gnu/libpthread-2.15.so
7fcc70d57000-7fcc70d5b000 rw-p 00000000 00:00 0 
7fcc70d5b000-7fcc70d7d000 r-xp 00000000 08:05 6164471                    /lib/x86_64-linux-gnu/ld-2.15.so
7fcc70da3000-7fcc70dad000 rw-p 00000000 00:00 0 
7fcc70dad000-7fcc70e63000 rw-p 00000000 00:00 0 
7fcc70e63000-7fcc70e66000 ---p 00000000 00:00 0 
7fcc70e66000-7fcc70f69000 rw-p 00000000 00:00 0 
7fcc70f70000-7fcc70f71000 rw-p 00000000 00:00 0 
7fcc70f71000-7fcc70f79000 rw-s 00000000 08:05 8787555                    /tmp/hsperfdata_khaled/3545
7fcc70f79000-7fcc70f7a000 rw-p 00000000 00:00 0 
7fcc70f7a000-7fcc70f7b000 r--p 00000000 00:00 0 
7fcc70f7b000-7fcc70f7d000 rw-p 00000000 00:00 0 
7fcc70f7d000-7fcc70f7e000 r--p 00022000 08:05 6164471                    /lib/x86_64-linux-gnu/ld-2.15.so
7fcc70f7e000-7fcc70f80000 rw-p 00023000 08:05 6164471                    /lib/x86_64-linux-gnu/ld-2.15.so
7fffac3a6000-7fffac3c7000 rw-p 00000000 00:00 0                          [stack]
7fffac3ff000-7fffac400000 r-xp 00000000 00:00 0                          [vdso]
ffffffffff600000-ffffffffff601000 r-xp 00000000 00:00 0                  [vsyscall]

VM Arguments:
jvm_args: -Djava.library.path=../lib -Dwrapper.key=if7umkDPrHOVZgIm -Dwrapper.port=32000 -Dwrapper.jvm.port.min=31000 -Dwrapper.jvm.port.max=31999 -Dwrapper.debug=TRUE -Dwrapper.pid=3543 -Dwrapper.version=3.2.3 -Dwrapper.native_library=wrapper -Dwrapper.service=TRUE -Dwrapper.cpu.timeout=10 -Dwrapper.jvmid=1 
java_command: runtime.daemon.WrapperSimpleApp runtime.daemon.MPJDaemon 10000
Launcher Type: SUN_STANDARD

Environment Variables:
PATH=/usr/local/sbin:/usr/local/bin:/usr/sbin:/usr/bin:/sbin:/bin:/usr/games
LD_LIBRARY_PATH=/usr/lib/jvm/java-6-openjdk-amd64/jre/lib/amd64/server:/usr/lib/jvm/java-6-openjdk-amd64/jre/lib/amd64:/usr/lib/jvm/java-6-openjdk-amd64/jre/../lib/amd64
SHELL=/bin/bash

Signal Handlers:
SIGSEGV: [libjvm.so+0x83dcf0], sa_mask[0]=0x7ffbfeff, sa_flags=0x10000004
SIGBUS: [libjvm.so+0x83dcf0], sa_mask[0]=0x7ffbfeff, sa_flags=0x10000004
SIGFPE: [libjvm.so+0x6de8f0], sa_mask[0]=0x7ffbfeff, sa_flags=0x10000004
SIGPIPE: [libjvm.so+0x6de8f0], sa_mask[0]=0x7ffbfeff, sa_flags=0x10000004
SIGXFSZ: [libjvm.so+0x6de8f0], sa_mask[0]=0x7ffbfeff, sa_flags=0x10000004
SIGILL: [libjvm.so+0x6de8f0], sa_mask[0]=0x7ffbfeff, sa_flags=0x10000004
SIGUSR1: SIG_DFL, sa_mask[0]=0x00000000, sa_flags=0x00000000
SIGUSR2: [libjvm.so+0x6ded30], sa_mask[0]=0x00000000, sa_flags=0x10000004
SIGHUP: [libwrapper.so+0x1410], sa_mask[0]=0x00000001, sa_flags=0x10000000
SIGINT: [libwrapper.so+0x13b0], sa_mask[0]=0x00000002, sa_flags=0x10000000
SIGTERM: [libwrapper.so+0x13e0], sa_mask[0]=0x00004000, sa_flags=0x10000000
SIGQUIT: [libjvm.so+0x6dee70], sa_mask[0]=0x7ffbfeff, sa_flags=0x10000004


---------------  S Y S T E M  ---------------

OS:"elementary OS" 0.2 (luna)
uname:Linux 3.2.0-51-generic #77-Ubuntu SMP Wed Jul 24 20:18:19 UTC 2013 x86_64
libc:glibc 2.15 NPTL 2.15 
rlimit: STACK 8192k, CORE 0k, NPROC 46747, NOFILE 4096, AS infinity
load average:0.47 0.56 0.71

/proc/meminfo:
MemTotal:        6007888 kB
MemFree:         3411868 kB
Buffers:           95792 kB
Cached:          1089764 kB
SwapCached:            0 kB
Active:          1533160 kB
Inactive:         845772 kB
Active(anon):    1204764 kB
Inactive(anon):    57276 kB
Active(file):     328396 kB
Inactive(file):   788496 kB
Unevictable:           0 kB
Mlocked:               0 kB
SwapTotal:       6182908 kB
SwapFree:        6182908 kB
Dirty:               356 kB
Writeback:             0 kB
AnonPages:       1193316 kB
Mapped:           220784 kB
Shmem:             68652 kB
Slab:              75956 kB
SReclaimable:      38684 kB
SUnreclaim:        37272 kB
KernelStack:        4456 kB
PageTables:        34632 kB
NFS_Unstable:          0 kB
Bounce:                0 kB
WritebackTmp:          0 kB
CommitLimit:     9186852 kB
Committed_AS:    4803140 kB
VmallocTotal:   34359738367 kB
VmallocUsed:      295452 kB
VmallocChunk:   34359440688 kB
HardwareCorrupted:     0 kB
AnonHugePages:         0 kB
HugePages_Total:       0
HugePages_Free:        0
HugePages_Rsvd:        0
HugePages_Surp:        0
Hugepagesize:       2048 kB
DirectMap4k:       61440 kB
DirectMap2M:     2992128 kB
DirectMap1G:     3145728 kB


CPU:total 4 (2 cores per cpu, 2 threads per core) family 6 model 69 stepping 1, cmov, cx8, fxsr, mmx, sse, sse2, sse3, ssse3, sse4.1, sse4.2, popcnt, avx, avx2, ht, tsc, tscinvbit

/proc/cpuinfo:
processor	: 0
vendor_id	: GenuineIntel
cpu family	: 6
model		: 69
model name	: Intel(R) Core(TM) i5-4210U CPU @ 1.70GHz
stepping	: 1
microcode	: 0x17
cpu MHz		: 1700.000
cache size	: 3072 KB
physical id	: 0
siblings	: 4
core id		: 0
cpu cores	: 2
apicid		: 0
initial apicid	: 0
fpu		: yes
fpu_exception	: yes
cpuid level	: 13
wp		: yes
flags		: fpu vme de pse tsc msr pae mce cx8 apic sep mtrr pge mca cmov pat pse36 clflush dts acpi mmx fxsr sse sse2 ss ht tm pbe syscall nx pdpe1gb rdtscp lm constant_tsc arch_perfmon pebs bts rep_good nopl xtopology nonstop_tsc aperfmperf pni pclmulqdq dtes64 monitor ds_cpl vmx est tm2 ssse3 fma cx16 xtpr pdcm pcid sse4_1 sse4_2 movbe popcnt tsc_deadline_timer aes xsave avx f16c rdrand lahf_lm abm ida arat epb xsaveopt pln pts dtherm tpr_shadow vnmi flexpriority ept vpid fsgsbase bmi1 avx2 smep bmi2 erms
bogomips	: 4788.79
clflush size	: 64
cache_alignment	: 64
address sizes	: 39 bits physical, 48 bits virtual
power management:

processor	: 1
vendor_id	: GenuineIntel
cpu family	: 6
model		: 69
model name	: Intel(R) Core(TM) i5-4210U CPU @ 1.70GHz
stepping	: 1
microcode	: 0x17
cpu MHz		: 1700.000
cache size	: 3072 KB
physical id	: 0
siblings	: 4
core id		: 0
cpu cores	: 2
apicid		: 1
initial apicid	: 1
fpu		: yes
fpu_exception	: yes
cpuid level	: 13
wp		: yes
flags		: fpu vme de pse tsc msr pae mce cx8 apic sep mtrr pge mca cmov pat pse36 clflush dts acpi mmx fxsr sse sse2 ss ht tm pbe syscall nx pdpe1gb rdtscp lm constant_tsc arch_perfmon pebs bts rep_good nopl xtopology nonstop_tsc aperfmperf pni pclmulqdq dtes64 monitor ds_cpl vmx est tm2 ssse3 fma cx16 xtpr pdcm pcid sse4_1 sse4_2 movbe popcnt tsc_deadline_timer aes xsave avx f16c rdrand lahf_lm abm ida arat epb xsaveopt pln pts dtherm tpr_shadow vnmi flexpriority ept vpid fsgsbase bmi1 avx2 smep bmi2 erms
bogomips	: 4788.73
clflush size	: 64
cache_alignment	: 64
address sizes	: 39 bits physical, 48 bits virtual
power management:

processor	: 2
vendor_id	: GenuineIntel
cpu family	: 6
model		: 69
model name	: Intel(R) Core(TM) i5-4210U CPU @ 1.70GHz
stepping	: 1
microcode	: 0x17
cpu MHz		: 1700.000
cache size	: 3072 KB
physical id	: 0
siblings	: 4
core id		: 1
cpu cores	: 2
apicid		: 2
initial apicid	: 2
fpu		: yes
fpu_exception	: yes
cpuid level	: 13
wp		: yes
flags		: fpu vme de pse tsc msr pae mce cx8 apic sep mtrr pge mca cmov pat pse36 clflush dts acpi mmx fxsr sse sse2 ss ht tm pbe syscall nx pdpe1gb rdtscp lm constant_tsc arch_perfmon pebs bts rep_good nopl xtopology nonstop_tsc aperfmperf pni pclmulqdq dtes64 monitor ds_cpl vmx est tm2 ssse3 fma cx16 xtpr pdcm pcid sse4_1 sse4_2 movbe popcnt tsc_deadline_timer aes xsave avx f16c rdrand lahf_lm abm ida arat epb xsaveopt pln pts dtherm tpr_shadow vnmi flexpriority ept vpid fsgsbase bmi1 avx2 smep bmi2 erms
bogomips	: 4788.75
clflush size	: 64
cache_alignment	: 64
address sizes	: 39 bits physical, 48 bits virtual
power management:

processor	: 3
vendor_id	: GenuineIntel
cpu family	: 6
model		: 69
model name	: Intel(R) Core(TM) i5-4210U CPU @ 1.70GHz
stepping	: 1
microcode	: 0x17
cpu MHz		: 1700.000
cache size	: 3072 KB
physical id	: 0
siblings	: 4
core id		: 1
cpu cores	: 2
apicid		: 3
initial apicid	: 3
fpu		: yes
fpu_exception	: yes
cpuid level	: 13
wp		: yes
flags		: fpu vme de pse tsc msr pae mce cx8 apic sep mtrr pge mca cmov pat pse36 clflush dts acpi mmx fxsr sse sse2 ss ht tm pbe syscall nx pdpe1gb rdtscp lm constant_tsc arch_perfmon pebs bts rep_good nopl xtopology nonstop_tsc aperfmperf pni pclmulqdq dtes64 monitor ds_cpl vmx est tm2 ssse3 fma cx16 xtpr pdcm pcid sse4_1 sse4_2 movbe popcnt tsc_deadline_timer aes xsave avx f16c rdrand lahf_lm abm ida arat epb xsaveopt pln pts dtherm tpr_shadow vnmi flexpriority ept vpid fsgsbase bmi1 avx2 smep bmi2 erms
bogomips	: 4788.74
clflush size	: 64
cache_alignment	: 64
address sizes	: 39 bits physical, 48 bits virtual
power management:



Memory: 4k page, physical 6007888k(3411708k free), swap 6182908k(6182908k free)

vm_info: OpenJDK 64-Bit Server VM (23.25-b01) for linux-amd64 JRE (1.6.0_33-b33), built on Oct 15 2014 12:27:16 by "buildd" with gcc 4.6.3

time: Wed Mar 18 02:39:36 2015
elapsed time: 0 seconds

