#
# A fatal error has been detected by the Java Runtime Environment:
#
#  SIGSEGV (0xb) at pc=0x00007f44b6fd19de, pid=13521, tid=139933104535296
#
# JRE version: 6.0_33-b33
# Java VM: OpenJDK 64-Bit Server VM (23.25-b01 mixed mode linux-amd64 compressed oops)
# Derivative: IcedTea6 1.13.5
# Distribution: Ubuntu 12.04 LTS, package 6b33-1.13.5-1ubuntu0.12.04
# Problematic frame:
# 
[error occurred during error reporting (printing problematic frame), id 0xb]

# Failed to write core dump. Core dumps have been disabled. To enable core dumping, try "ulimit -c unlimited" before starting Java again
#
# If you would like to submit a bug report, please include
# instructions how to reproduce the bug and visit:
#   https://bugs.launchpad.net/ubuntu/+source/openjdk-6/
# The crash happened outside the Java Virtual Machine in native code.
# See problematic frame for where to report the bug.
#

---------------  T H R E A D  ---------------

Current thread (0x00007f44c41f3000):  JavaThread "Wrapper-Control-Event-Monitor" daemon [_thread_in_native, id=13535, stack(0x00007f44b6ecf000,0x00007f44b6fd0000)]

siginfo:si_signo=SIGSEGV: si_errno=0, si_code=1 (SEGV_MAPERR), si_addr=0x0000000000000000

Registers:
RAX=0x00007f44b6fd19d0, RBX=0x000000009a0f63c0, RCX=0x0000000000000000, RDX=0x0000000000000000
RSP=0x00007f44b6fce708, RBP=0x00007f44b6fce758, RSI=0x00007f44b6fce768, RDI=0x00007f44c41f31d8
R8 =0x00007f44c41f2b50, R9 =0x0000000000000000, R10=0x00007f44c09f0764, R11=0x00007f44c9bc08a0
R12=0x0000000000000000, R13=0x000000009a0f63c0, R14=0x00007f44b6fce770, R15=0x00007f44c41f3000
RIP=0x00007f44b6fd19de, EFLAGS=0x0000000000010287, CSGSFS=0x0000000000000033, ERR=0x0000000000000006
  TRAPNO=0x000000000000000e

Top of Stack: (sp=0x00007f44b6fce708)
0x00007f44b6fce708:   00007f44c09f0790 000000009a0f6c88
0x00007f44b6fce718:   00007f44b6fce718 0000000000000000
0x00007f44b6fce728:   00007f44b6fce770 000000009a10ee08
0x00007f44b6fce738:   0000000000000000 000000009a0f63c0
0x00007f44b6fce748:   0000000000000000 00007f44b6fce778
0x00007f44b6fce758:   00007f44b6fce7b8 00007f44c09e4fae
0x00007f44b6fce768:   00000000e1773fe8 00007f44c09ed596
0x00007f44b6fce778:   00007f44b6fce778 000000009a0fed50
0x00007f44b6fce788:   00007f44b6fce7c0 000000009a10ee08
0x00007f44b6fce798:   0000000000000000 000000009a0fed60
0x00007f44b6fce7a8:   00007f44b6fce778 00007f44b6fce7c8
0x00007f44b6fce7b8:   00007f44b6fce808 00007f44c09e4fae
0x00007f44b6fce7c8:   00007f44b6fce7c8 000000009a10bf44
0x00007f44b6fce7d8:   00007f44b6fce868 000000009a1cffc0
0x00007f44b6fce7e8:   0000000000000000 000000009a10c048
0x00007f44b6fce7f8:   00007f44b6fce7c8 00007f44b6fce868
0x00007f44b6fce808:   00007f44b6fce8d0 00007f44c09df4f7
0x00007f44b6fce818:   0000000000000000 0000000000000000
0x00007f44b6fce828:   0000000000000000 0000000000000064
0x00007f44b6fce838:   00000000d26b37b9 000000007fffff3a
0x00007f44b6fce848:   0000000000000000 0000000000000000
0x00007f44b6fce858:   00000000d26b37b9 00000000e1810c68
0x00007f44b6fce868:   00000000e17f3668 00007f4400001fa0
0x00007f44b6fce878:   00007f448c000bd0 00007f44b6fceb40
0x00007f44b6fce888:   00007f44b6fcea80 00007f448c000bf0
0x00007f44b6fce898:   00007f44c41f3000 00007f44b6fce910
0x00007f44b6fce8a8:   00007f44b6fceb48 00007f440000000a
0x00007f44b6fce8b8:   000000009a10c048 00007f44c09eeb60
0x00007f44b6fce8c8:   00007f44b6fcea88 00007f44b6fce9b0
0x00007f44b6fce8d8:   00007f44c997430f 0000000000000001
0x00007f44b6fce8e8:   00007f44c41f3000 0000000000000000
0x00007f44b6fce8f8:   0000000000000000 00007f44c09eeb60 

Instructions: (pc=0x00007f44b6fd19de)
0x00007f44b6fd19be:   05 00 00 48 8b 30 41 ff e3 66 66 90 66 66 90 66
0x00007f44b6fd19ce:   66 90 48 8b 0d e9 07 10 00 48 8b 15 fa 07 10 00
0x00007f44b6fd19de:   c7 01 01 00 00 00 8b 02 85 c0 74 06 c7 02 00 00
0x00007f44b6fd19ee:   00 00 c7 01 00 00 00 00 c3 66 66 90 66 66 90 66 

Register to memory mapping:

RAX=
[error occurred during error reporting (printing register info), id 0xb]

Stack: [0x00007f44b6ecf000,0x00007f44b6fd0000],  sp=0x00007f44b6fce708,  free space=1021k
Native frames: (J=compiled Java code, j=interpreted, Vv=VM code, C=native code)

[error occurred during error reporting (printing native stack), id 0xb]

Java frames: (J=compiled Java code, j=interpreted, Vv=VM code)
j  org.tanukisoftware.wrapper.WrapperManager.nativeGetControlEvent()I+0
j  org.tanukisoftware.wrapper.WrapperManager.access$2200()I+0
j  org.tanukisoftware.wrapper.WrapperManager$3.run()V+276
v  ~StubRoutines::call_stub

---------------  P R O C E S S  ---------------

Java Threads: ( => current thread )
  0x00007f44c41ee000 JavaThread "Wrapper-Shutdown-Hook" [_thread_blocked, id=13547, stack(0x00007f44b6dce000,0x00007f44b6ecf000)]
  0x00007f44c4009800 JavaThread "DestroyJavaVM" [_thread_blocked, id=13522, stack(0x00007f44cadff000,0x00007f44caf00000)]
  0x00007f44c41ef800 JavaThread "Wrapper-Connection" daemon [_thread_in_native, id=13537, stack(0x00007f44b6ccd000,0x00007f44b6dce000)]
=>0x00007f44c41f3000 JavaThread "Wrapper-Control-Event-Monitor" daemon [_thread_in_native, id=13535, stack(0x00007f44b6ecf000,0x00007f44b6fd0000)]
  0x00007f44c40fd000 JavaThread "Low Memory Detector" daemon [_thread_blocked, id=13533, stack(0x00007f44b71f9000,0x00007f44b72fa000)]
  0x00007f44c40fa800 JavaThread "C2 CompilerThread1" daemon [_thread_blocked, id=13532, stack(0x00007f44b72fa000,0x00007f44b73fb000)]
  0x00007f44c40f7800 JavaThread "C2 CompilerThread0" daemon [_thread_blocked, id=13531, stack(0x00007f44b73fb000,0x00007f44b74fc000)]
  0x00007f44c40f5800 JavaThread "Signal Dispatcher" daemon [_thread_blocked, id=13530, stack(0x00007f44b74fc000,0x00007f44b75fd000)]
  0x00007f44c40a5000 JavaThread "Finalizer" daemon [_thread_blocked, id=13529, stack(0x00007f44b79fa000,0x00007f44b7afb000)]
  0x00007f44c40a3000 JavaThread "Reference Handler" daemon [_thread_blocked, id=13528, stack(0x00007f44b7afb000,0x00007f44b7bfc000)]

Other Threads:
  0x00007f44c4094000 VMThread [stack: 0x00007f44b7bfc000,0x00007f44b7cfd000] [id=13527]
  0x00007f44c4107800 WatcherThread [stack: 0x00007f44b70f8000,0x00007f44b71f9000] [id=13534]

VM state:not at safepoint (normal execution)

VM Mutex/Monitor currently owned by a thread: None

Heap
 PSYoungGen      total 27392K, used 4699K [0x00000000e16b0000, 0x00000000e3540000, 0x0000000100000000)
  eden space 23488K, 20% used [0x00000000e16b0000,0x00000000e1b46e30,0x00000000e2da0000)
  from space 3904K, 0% used [0x00000000e3170000,0x00000000e3170000,0x00000000e3540000)
  to   space 3904K, 0% used [0x00000000e2da0000,0x00000000e2da0000,0x00000000e3170000)
 ParOldGen       total 62592K, used 0K [0x00000000a4400000, 0x00000000a8120000, 0x00000000e16b0000)
  object space 62592K, 0% used [0x00000000a4400000,0x00000000a4400000,0x00000000a8120000)
 PSPermGen       total 21248K, used 4523K [0x0000000099e00000, 0x000000009b2c0000, 0x00000000a4400000)
  object space 21248K, 21% used [0x0000000099e00000,0x000000009a26ae38,0x000000009b2c0000)

Card table byte_map: [0x00007f44c06ad000,0x00007f44c09df000] byte_map_base: 0x00007f44c01de000

Polling page: 0x00007f44caf16000

Code Cache  [0x00007f44c09df000, 0x00007f44c0c4f000, 0x00007f44c39df000)
 total_blobs=208 nmethods=4 adapters=158 free_code_cache=48750Kb largest_free_block=49918016

Compilation events (8 events):
Event: 0.056 Thread 0x00007f44c40fa800    1             java.util.Properties$LineReader::readLine (452 bytes)
Event: 0.070 Thread 0x00007f44c40f7800    2             java.lang.String::hashCode (60 bytes)
Event: 0.072 Thread 0x00007f44c40f7800 nmethod 2 0x00007f44c0a43550 code [0x00007f44c0a43680, 0x00007f44c0a43818]
Event: 0.072 Thread 0x00007f44c40fa800 nmethod 1 0x00007f44c0a3d650 code [0x00007f44c0a3d7e0, 0x00007f44c0a3dfb8]
Event: 0.075 Thread 0x00007f44c40f7800    3             java.lang.String::indexOf (151 bytes)
Event: 0.081 Thread 0x00007f44c40f7800 nmethod 3 0x00007f44c0a3ce50 code [0x00007f44c0a3cfa0, 0x00007f44c0a3d448]
Event: 0.090 Thread 0x00007f44c40fa800    4             java.lang.String::lastIndexOf (156 bytes)
Event: 0.096 Thread 0x00007f44c40fa800 nmethod 4 0x00007f44c0a43890 code [0x00007f44c0a439e0, 0x00007f44c0a43e28]

GC Heap History (0 events):
No events

Deoptimization events (2 events):
Event: 0.088 Thread 0x00007f44c4009800 Uncommon trap -34 fr.pc 0x00007f44c0a3de38
Event: 0.088 Thread 0x00007f44c4009800 Uncommon trap -34 fr.pc 0x00007f44c0a3de38

Internal exceptions (10 events):
Event: 0.214 Thread 0x00007f4474001000 Threw 0x00000000e1aaa298 at /build/buildd/openjdk-6-6b33-1.13.5/build/openjdk/hotspot/src/share/vm/prims/jvm.cpp:1272
Event: 0.214 Thread 0x00007f4474001000 Threw 0x00000000e1aac3f0 at /build/buildd/openjdk-6-6b33-1.13.5/build/openjdk/hotspot/src/share/vm/classfile/systemDictionary.cpp:1
Event: 0.214 Thread 0x00007f4474001000 Threw 0x00000000e1aac770 at /build/buildd/openjdk-6-6b33-1.13.5/build/openjdk/hotspot/src/share/vm/prims/jvm.cpp:1272
Event: 0.215 Thread 0x00007f4474001000 Threw 0x00000000e1aaef68 at /build/buildd/openjdk-6-6b33-1.13.5/build/openjdk/hotspot/src/share/vm/classfile/systemDictionary.cpp:1
Event: 0.215 Thread 0x00007f4474001000 Threw 0x00000000e1aaf2b0 at /build/buildd/openjdk-6-6b33-1.13.5/build/openjdk/hotspot/src/share/vm/prims/jvm.cpp:1272
Event: 0.215 Thread 0x00007f4474001000 Threw 0x00000000e1ab1ca0 at /build/buildd/openjdk-6-6b33-1.13.5/build/openjdk/hotspot/src/share/vm/classfile/systemDictionary.cpp:1
Event: 0.215 Thread 0x00007f4474001000 Threw 0x00000000e1ab2008 at /build/buildd/openjdk-6-6b33-1.13.5/build/openjdk/hotspot/src/share/vm/prims/jvm.cpp:1272
Event: 0.216 Thread 0x00007f4474001000 Threw 0x00000000e1abac28 at /build/buildd/openjdk-6-6b33-1.13.5/build/openjdk/hotspot/src/share/vm/classfile/systemDictionary.cpp:1
Event: 0.216 Thread 0x00007f4474001000 Threw 0x00000000e1abaf78 at /build/buildd/openjdk-6-6b33-1.13.5/build/openjdk/hotspot/src/share/vm/prims/jvm.cpp:1272
Event: 0.216 Thread 0x00007f4474001000 Threw 0x00000000e1abc4e0 at /build/buildd/openjdk-6-6b33-1.13.5/build/openjdk/hotspot/src/share/vm/prims/jni.cpp:716

Events (10 events):
Event: 0.214 loading class 0x00007f446800c6f0 done
Event: 0.215 loading class 0x00007f4468007f00
Event: 0.215 loading class 0x00007f4468007f00 done
Event: 0.215 loading class 0x00007f446800bbb0
Event: 0.215 loading class 0x00007f446800bbb0 done
Event: 0.216 loading class 0x00007f446801ced0
Event: 0.216 loading class 0x00007f446801ced0 done
Event: 0.217 Thread 0x00007f4474001000 Thread exited: 0x00007f4474001000
Event: 0.217 Thread 0x00007f4470012800 Thread exited: 0x00007f4470012800
Event: 0.309 Thread 0x00007f44c41ee000 Thread exited: 0x00007f44c41ee000


Dynamic libraries:
00400000-00409000 r-xp 00000000 08:05 6431329                            /usr/lib/jvm/java-6-openjdk-amd64/jre/bin/java
00608000-00609000 r--p 00008000 08:05 6431329                            /usr/lib/jvm/java-6-openjdk-amd64/jre/bin/java
00609000-0060a000 rw-p 00009000 08:05 6431329                            /usr/lib/jvm/java-6-openjdk-amd64/jre/bin/java
00f6f000-00f90000 rw-p 00000000 00:00 0                                  [heap]
99e00000-9b2c0000 rw-p 00000000 00:00 0 
9b2c0000-a4400000 rw-p 00000000 00:00 0 
a4400000-a8120000 rw-p 00000000 00:00 0 
a8120000-e16b0000 rw-p 00000000 00:00 0 
e16b0000-e3540000 rw-p 00000000 00:00 0 
e3540000-100000000 rw-p 00000000 00:00 0 
7f4468000000-7f4468025000 rw-p 00000000 00:00 0 
7f4468025000-7f446c000000 ---p 00000000 00:00 0 
7f4470000000-7f4470021000 rw-p 00000000 00:00 0 
7f4470021000-7f4474000000 ---p 00000000 00:00 0 
7f4474000000-7f4474021000 rw-p 00000000 00:00 0 
7f4474021000-7f4478000000 ---p 00000000 00:00 0 
7f4478000000-7f4478021000 rw-p 00000000 00:00 0 
7f4478021000-7f447c000000 ---p 00000000 00:00 0 
7f447c000000-7f447c021000 rw-p 00000000 00:00 0 
7f447c021000-7f4480000000 ---p 00000000 00:00 0 
7f4480000000-7f4480021000 rw-p 00000000 00:00 0 
7f4480021000-7f4484000000 ---p 00000000 00:00 0 
7f4484000000-7f4484021000 rw-p 00000000 00:00 0 
7f4484021000-7f4488000000 ---p 00000000 00:00 0 
7f4488000000-7f4488089000 rw-p 00000000 00:00 0 
7f4488089000-7f448c000000 ---p 00000000 00:00 0 
7f448c000000-7f448c10f000 rw-p 00000000 00:00 0 
7f448c10f000-7f4490000000 ---p 00000000 00:00 0 
7f4490000000-7f4490021000 rw-p 00000000 00:00 0 
7f4490021000-7f4494000000 ---p 00000000 00:00 0 
7f4494000000-7f4494021000 rw-p 00000000 00:00 0 
7f4494021000-7f4498000000 ---p 00000000 00:00 0 
7f4498000000-7f4498021000 rw-p 00000000 00:00 0 
7f4498021000-7f449c000000 ---p 00000000 00:00 0 
7f449c000000-7f449c021000 rw-p 00000000 00:00 0 
7f449c021000-7f44a0000000 ---p 00000000 00:00 0 
7f44a0000000-7f44a0021000 rw-p 00000000 00:00 0 
7f44a0021000-7f44a4000000 ---p 00000000 00:00 0 
7f44a8000000-7f44a8021000 rw-p 00000000 00:00 0 
7f44a8021000-7f44ac000000 ---p 00000000 00:00 0 
7f44ac1ec000-7f44aceb0000 rw-p 00000000 00:00 0 
7f44b0000000-7f44b0021000 rw-p 00000000 00:00 0 
7f44b0021000-7f44b4000000 ---p 00000000 00:00 0 
7f44b68b4000-7f44b68b7000 ---p 00000000 00:00 0 
7f44b68b7000-7f44b69b5000 rw-p 00000000 00:00 0 
7f44b69b5000-7f44b69b8000 ---p 00000000 00:00 0 
7f44b69b8000-7f44b6ab6000 rw-p 00000000 00:00 0 
7f44b6ab6000-7f44b6acc000 r-xp 00000000 08:05 6556729                    /usr/lib/jvm/java-6-openjdk-amd64/jre/lib/amd64/libnet.so
7f44b6acc000-7f44b6ccb000 ---p 00016000 08:05 6556729                    /usr/lib/jvm/java-6-openjdk-amd64/jre/lib/amd64/libnet.so
7f44b6ccb000-7f44b6ccc000 r--p 00015000 08:05 6556729                    /usr/lib/jvm/java-6-openjdk-amd64/jre/lib/amd64/libnet.so
7f44b6ccc000-7f44b6ccd000 rw-p 00016000 08:05 6556729                    /usr/lib/jvm/java-6-openjdk-amd64/jre/lib/amd64/libnet.so
7f44b6ccd000-7f44b6cd0000 ---p 00000000 00:00 0 
7f44b6cd0000-7f44b6dce000 rw-p 00000000 00:00 0 
7f44b6dce000-7f44b6dd1000 ---p 00000000 00:00 0 
7f44b6dd1000-7f44b6ecf000 rw-p 00000000 00:00 0 
7f44b6ecf000-7f44b6ed2000 ---p 00000000 00:00 0 
7f44b6ed2000-7f44b6fd0000 rw-p 00000000 00:00 0 
7f44b6fd0000-7f44b6fd2000 r-xp 00000000 00:13 9180034                    /home/khaled/mpj-v0_38/lib/libwrapper.so
7f44b6fd2000-7f44b70d2000 ---p 00002000 00:13 9180034                    /home/khaled/mpj-v0_38/lib/libwrapper.so
7f44b70d2000-7f44b70d3000 rw-p 00002000 00:13 9180034                    /home/khaled/mpj-v0_38/lib/libwrapper.so
7f44b70d3000-7f44b70da000 r--s 00054000 08:05 6427520                    /usr/lib/jvm/java-6-openjdk-common/jre/lib/resources.jar
7f44b70da000-7f44b70e1000 r--s 0004f000 00:13 9180035                    /home/khaled/mpj-v0_38/lib/log4j-1.2.11.jar
7f44b70e1000-7f44b70e4000 r--s 00012000 00:13 9180038                    /home/khaled/mpj-v0_38/lib/wrapper.jar
7f44b70e4000-7f44b70e8000 r--s 0003c000 08:05 6425133                    /usr/lib/jvm/java-6-openjdk-common/jre/lib/jsse.jar
7f44b70e8000-7f44b70e9000 r--s 00005000 00:13 9180050                    /home/khaled/mpj-v0_38/lib/daemon.jar
7f44b70e9000-7f44b70ea000 r--s 00007000 08:05 6560420                    /usr/share/java/java-atk-wrapper.jar
7f44b70ea000-7f44b70ed000 r--s 00077000 08:05 6426778                    /usr/lib/jvm/java-6-openjdk-common/jre/lib/ext/localedata.jar
7f44b70ed000-7f44b70f0000 r--s 0003a000 08:05 6426776                    /usr/lib/jvm/java-6-openjdk-common/jre/lib/ext/sunpkcs11.jar
7f44b70f0000-7f44b70f4000 r--s 00032000 08:05 6426171                    /usr/lib/jvm/java-6-openjdk-common/jre/lib/ext/sunjce_provider.jar
7f44b70f4000-7f44b70f6000 r--s 00001000 08:05 6426777                    /usr/lib/jvm/java-6-openjdk-common/jre/lib/ext/dnsns.jar
7f44b70f6000-7f44b70f8000 r--s 0000f000 08:05 6426472                    /usr/lib/jvm/java-6-openjdk-common/jre/lib/ext/pulse-java.jar
7f44b70f8000-7f44b70f9000 ---p 00000000 00:00 0 
7f44b70f9000-7f44b71f9000 rw-p 00000000 00:00 0 
7f44b71f9000-7f44b71fc000 ---p 00000000 00:00 0 
7f44b71fc000-7f44b72fa000 rw-p 00000000 00:00 0 
7f44b72fa000-7f44b72fd000 ---p 00000000 00:00 0 
7f44b72fd000-7f44b73fb000 rw-p 00000000 00:00 0 
7f44b73fb000-7f44b73fe000 ---p 00000000 00:00 0 
7f44b73fe000-7f44b74fc000 rw-p 00000000 00:00 0 
7f44b74fc000-7f44b74ff000 ---p 00000000 00:00 0 
7f44b74ff000-7f44b75fd000 rw-p 00000000 00:00 0 
7f44b75fd000-7f44b79fa000 r--p 00000000 08:05 6426660                    /usr/lib/locale/locale-archive
7f44b79fa000-7f44b79fd000 ---p 00000000 00:00 0 
7f44b79fd000-7f44b7afb000 rw-p 00000000 00:00 0 
7f44b7afb000-7f44b7afe000 ---p 00000000 00:00 0 
7f44b7afe000-7f44b7bfc000 rw-p 00000000 00:00 0 
7f44b7bfc000-7f44b7bfd000 ---p 00000000 00:00 0 
7f44b7bfd000-7f44b8000000 rw-p 00000000 00:00 0 
7f44b8000000-7f44b8021000 rw-p 00000000 00:00 0 
7f44b8021000-7f44bc000000 ---p 00000000 00:00 0 
7f44bc00d000-7f44bccf1000 rw-p 00000000 00:00 0 
7f44bccf1000-7f44bce88000 r--s 01a18000 08:05 6431357                    /usr/lib/jvm/java-6-openjdk-amd64/jre/lib/rt.jar
7f44bce88000-7f44c01c0000 rw-p 00000000 00:00 0 
7f44c01c0000-7f44c01c1000 ---p 00000000 00:00 0 
7f44c01c1000-7f44c02c1000 rw-p 00000000 00:00 0 
7f44c02c1000-7f44c02c2000 ---p 00000000 00:00 0 
7f44c02c2000-7f44c03c2000 rw-p 00000000 00:00 0 
7f44c03c2000-7f44c03c3000 ---p 00000000 00:00 0 
7f44c03c3000-7f44c04e2000 rw-p 00000000 00:00 0 
7f44c04e2000-7f44c06ad000 rw-p 00000000 00:00 0 
7f44c06ad000-7f44c06b8000 rw-p 00000000 00:00 0 
7f44c06b8000-7f44c0700000 rw-p 00000000 00:00 0 
7f44c0700000-7f44c071f000 rw-p 00000000 00:00 0 
7f44c071f000-7f44c08e9000 rw-p 00000000 00:00 0 
7f44c08e9000-7f44c08f9000 rw-p 00000000 00:00 0 
7f44c08f9000-7f44c09de000 rw-p 00000000 00:00 0 
7f44c09de000-7f44c09df000 rw-p 00000000 00:00 0 
7f44c09df000-7f44c0c4f000 rwxp 00000000 00:00 0 
7f44c0c4f000-7f44c39df000 rw-p 00000000 00:00 0 
7f44c39df000-7f44c39e6000 r-xp 00000000 08:05 6556710                    /usr/lib/jvm/java-6-openjdk-amd64/jre/lib/amd64/libzip.so
7f44c39e6000-7f44c3be5000 ---p 00007000 08:05 6556710                    /usr/lib/jvm/java-6-openjdk-amd64/jre/lib/amd64/libzip.so
7f44c3be5000-7f44c3be6000 r--p 00006000 08:05 6556710                    /usr/lib/jvm/java-6-openjdk-amd64/jre/lib/amd64/libzip.so
7f44c3be6000-7f44c3be7000 rw-p 00007000 08:05 6556710                    /usr/lib/jvm/java-6-openjdk-amd64/jre/lib/amd64/libzip.so
7f44c3be7000-7f44c3bf3000 r-xp 00000000 08:05 6164477                    /lib/x86_64-linux-gnu/libnss_files-2.15.so
7f44c3bf3000-7f44c3df2000 ---p 0000c000 08:05 6164477                    /lib/x86_64-linux-gnu/libnss_files-2.15.so
7f44c3df2000-7f44c3df3000 r--p 0000b000 08:05 6164477                    /lib/x86_64-linux-gnu/libnss_files-2.15.so
7f44c3df3000-7f44c3df4000 rw-p 0000c000 08:05 6164477                    /lib/x86_64-linux-gnu/libnss_files-2.15.so
7f44c3df4000-7f44c3dfe000 r-xp 00000000 08:05 6164484                    /lib/x86_64-linux-gnu/libnss_nis-2.15.so
7f44c3dfe000-7f44c3ffe000 ---p 0000a000 08:05 6164484                    /lib/x86_64-linux-gnu/libnss_nis-2.15.so
7f44c3ffe000-7f44c3fff000 r--p 0000a000 08:05 6164484                    /lib/x86_64-linux-gnu/libnss_nis-2.15.so
7f44c3fff000-7f44c4000000 rw-p 0000b000 08:05 6164484                    /lib/x86_64-linux-gnu/libnss_nis-2.15.so
7f44c4000000-7f44c4240000 rw-p 00000000 00:00 0 
7f44c4240000-7f44c8000000 ---p 00000000 00:00 0 
7f44c8057000-7f44c8088000 rw-p 00000000 00:00 0 
7f44c8088000-7f44c8089000 ---p 00000000 00:00 0 
7f44c8089000-7f44c8194000 rw-p 00000000 00:00 0 
7f44c8194000-7f44c81dc000 rw-p 00000000 00:00 0 
7f44c81dc000-7f44c81f3000 r-xp 00000000 08:05 6164476                    /lib/x86_64-linux-gnu/libnsl-2.15.so
7f44c81f3000-7f44c83f2000 ---p 00017000 08:05 6164476                    /lib/x86_64-linux-gnu/libnsl-2.15.so
7f44c83f2000-7f44c83f3000 r--p 00016000 08:05 6164476                    /lib/x86_64-linux-gnu/libnsl-2.15.so
7f44c83f3000-7f44c83f4000 rw-p 00017000 08:05 6164476                    /lib/x86_64-linux-gnu/libnsl-2.15.so
7f44c83f4000-7f44c83f6000 rw-p 00000000 00:00 0 
7f44c83f6000-7f44c83fe000 r-xp 00000000 08:05 6164483                    /lib/x86_64-linux-gnu/libnss_compat-2.15.so
7f44c83fe000-7f44c85fd000 ---p 00008000 08:05 6164483                    /lib/x86_64-linux-gnu/libnss_compat-2.15.so
7f44c85fd000-7f44c85fe000 r--p 00007000 08:05 6164483                    /lib/x86_64-linux-gnu/libnss_compat-2.15.so
7f44c85fe000-7f44c85ff000 rw-p 00008000 08:05 6164483                    /lib/x86_64-linux-gnu/libnss_compat-2.15.so
7f44c85ff000-7f44c862c000 r-xp 00000000 08:05 6556728                    /usr/lib/jvm/java-6-openjdk-amd64/jre/lib/amd64/libjava.so
7f44c862c000-7f44c882b000 ---p 0002d000 08:05 6556728                    /usr/lib/jvm/java-6-openjdk-amd64/jre/lib/amd64/libjava.so
7f44c882b000-7f44c882c000 r--p 0002c000 08:05 6556728                    /usr/lib/jvm/java-6-openjdk-amd64/jre/lib/amd64/libjava.so
7f44c882c000-7f44c882f000 rw-p 0002d000 08:05 6556728                    /usr/lib/jvm/java-6-openjdk-amd64/jre/lib/amd64/libjava.so
7f44c882f000-7f44c883d000 r-xp 00000000 08:05 6556727                    /usr/lib/jvm/java-6-openjdk-amd64/jre/lib/amd64/libverify.so
7f44c883d000-7f44c8a3c000 ---p 0000e000 08:05 6556727                    /usr/lib/jvm/java-6-openjdk-amd64/jre/lib/amd64/libverify.so
7f44c8a3c000-7f44c8a3e000 r--p 0000d000 08:05 6556727                    /usr/lib/jvm/java-6-openjdk-amd64/jre/lib/amd64/libverify.so
7f44c8a3e000-7f44c8a3f000 rw-p 0000f000 08:05 6556727                    /usr/lib/jvm/java-6-openjdk-amd64/jre/lib/amd64/libverify.so
7f44c8a3f000-7f44c8a46000 r-xp 00000000 08:05 6164474                    /lib/x86_64-linux-gnu/librt-2.15.so
7f44c8a46000-7f44c8c45000 ---p 00007000 08:05 6164474                    /lib/x86_64-linux-gnu/librt-2.15.so
7f44c8c45000-7f44c8c46000 r--p 00006000 08:05 6164474                    /lib/x86_64-linux-gnu/librt-2.15.so
7f44c8c46000-7f44c8c47000 rw-p 00007000 08:05 6164474                    /lib/x86_64-linux-gnu/librt-2.15.so
7f44c8c47000-7f44c8c5c000 r-xp 00000000 08:05 6164099                    /lib/x86_64-linux-gnu/libgcc_s.so.1
7f44c8c5c000-7f44c8e5b000 ---p 00015000 08:05 6164099                    /lib/x86_64-linux-gnu/libgcc_s.so.1
7f44c8e5b000-7f44c8e5c000 r--p 00014000 08:05 6164099                    /lib/x86_64-linux-gnu/libgcc_s.so.1
7f44c8e5c000-7f44c8e5d000 rw-p 00015000 08:05 6164099                    /lib/x86_64-linux-gnu/libgcc_s.so.1
7f44c8e5d000-7f44c8f58000 r-xp 00000000 08:05 6164481                    /lib/x86_64-linux-gnu/libm-2.15.so
7f44c8f58000-7f44c9157000 ---p 000fb000 08:05 6164481                    /lib/x86_64-linux-gnu/libm-2.15.so
7f44c9157000-7f44c9158000 r--p 000fa000 08:05 6164481                    /lib/x86_64-linux-gnu/libm-2.15.so
7f44c9158000-7f44c9159000 rw-p 000fb000 08:05 6164481                    /lib/x86_64-linux-gnu/libm-2.15.so
7f44c9159000-7f44c923b000 r-xp 00000000 08:05 6430262                    /usr/lib/x86_64-linux-gnu/libstdc++.so.6.0.16
7f44c923b000-7f44c943a000 ---p 000e2000 08:05 6430262                    /usr/lib/x86_64-linux-gnu/libstdc++.so.6.0.16
7f44c943a000-7f44c9442000 r--p 000e1000 08:05 6430262                    /usr/lib/x86_64-linux-gnu/libstdc++.so.6.0.16
7f44c9442000-7f44c9444000 rw-p 000e9000 08:05 6430262                    /usr/lib/x86_64-linux-gnu/libstdc++.so.6.0.16
7f44c9444000-7f44c9459000 rw-p 00000000 00:00 0 
7f44c9459000-7f44c9e30000 r-xp 00000000 08:05 6556733                    /usr/lib/jvm/java-6-openjdk-amd64/jre/lib/amd64/server/libjvm.so
7f44c9e30000-7f44ca02f000 ---p 009d7000 08:05 6556733                    /usr/lib/jvm/java-6-openjdk-amd64/jre/lib/amd64/server/libjvm.so
7f44ca02f000-7f44ca0ae000 r--p 009d6000 08:05 6556733                    /usr/lib/jvm/java-6-openjdk-amd64/jre/lib/amd64/server/libjvm.so
7f44ca0ae000-7f44ca0d1000 rw-p 00a55000 08:05 6556733                    /usr/lib/jvm/java-6-openjdk-amd64/jre/lib/amd64/server/libjvm.so
7f44ca0d1000-7f44ca0fb000 rw-p 00000000 00:00 0 
7f44ca0fb000-7f44ca111000 r-xp 00000000 08:05 6164189                    /lib/x86_64-linux-gnu/libz.so.1.2.3.4
7f44ca111000-7f44ca310000 ---p 00016000 08:05 6164189                    /lib/x86_64-linux-gnu/libz.so.1.2.3.4
7f44ca310000-7f44ca311000 r--p 00015000 08:05 6164189                    /lib/x86_64-linux-gnu/libz.so.1.2.3.4
7f44ca311000-7f44ca312000 rw-p 00016000 08:05 6164189                    /lib/x86_64-linux-gnu/libz.so.1.2.3.4
7f44ca312000-7f44ca4c7000 r-xp 00000000 08:05 6164478                    /lib/x86_64-linux-gnu/libc-2.15.so
7f44ca4c7000-7f44ca6c6000 ---p 001b5000 08:05 6164478                    /lib/x86_64-linux-gnu/libc-2.15.so
7f44ca6c6000-7f44ca6ca000 r--p 001b4000 08:05 6164478                    /lib/x86_64-linux-gnu/libc-2.15.so
7f44ca6ca000-7f44ca6cc000 rw-p 001b8000 08:05 6164478                    /lib/x86_64-linux-gnu/libc-2.15.so
7f44ca6cc000-7f44ca6d1000 rw-p 00000000 00:00 0 
7f44ca6d1000-7f44ca6d3000 r-xp 00000000 08:05 6164492                    /lib/x86_64-linux-gnu/libdl-2.15.so
7f44ca6d3000-7f44ca8d3000 ---p 00002000 08:05 6164492                    /lib/x86_64-linux-gnu/libdl-2.15.so
7f44ca8d3000-7f44ca8d4000 r--p 00002000 08:05 6164492                    /lib/x86_64-linux-gnu/libdl-2.15.so
7f44ca8d4000-7f44ca8d5000 rw-p 00003000 08:05 6164492                    /lib/x86_64-linux-gnu/libdl-2.15.so
7f44ca8d5000-7f44ca8d9000 r-xp 00000000 08:05 6556699                    /usr/lib/jvm/java-6-openjdk-amd64/jre/lib/amd64/jli/libjli.so
7f44ca8d9000-7f44caad8000 ---p 00004000 08:05 6556699                    /usr/lib/jvm/java-6-openjdk-amd64/jre/lib/amd64/jli/libjli.so
7f44caad8000-7f44caad9000 r--p 00003000 08:05 6556699                    /usr/lib/jvm/java-6-openjdk-amd64/jre/lib/amd64/jli/libjli.so
7f44caad9000-7f44caada000 rw-p 00004000 08:05 6556699                    /usr/lib/jvm/java-6-openjdk-amd64/jre/lib/amd64/jli/libjli.so
7f44caada000-7f44caaf2000 r-xp 00000000 08:05 6164472                    /lib/x86_64-linux-gnu/libpthread-2.15.so
7f44caaf2000-7f44cacf1000 ---p 00018000 08:05 6164472                    /lib/x86_64-linux-gnu/libpthread-2.15.so
7f44cacf1000-7f44cacf2000 r--p 00017000 08:05 6164472                    /lib/x86_64-linux-gnu/libpthread-2.15.so
7f44cacf2000-7f44cacf3000 rw-p 00018000 08:05 6164472                    /lib/x86_64-linux-gnu/libpthread-2.15.so
7f44cacf3000-7f44cacf7000 rw-p 00000000 00:00 0 
7f44cacf7000-7f44cad19000 r-xp 00000000 08:05 6164471                    /lib/x86_64-linux-gnu/ld-2.15.so
7f44cad3f000-7f44cad49000 rw-p 00000000 00:00 0 
7f44cad49000-7f44cadff000 rw-p 00000000 00:00 0 
7f44cadff000-7f44cae02000 ---p 00000000 00:00 0 
7f44cae02000-7f44caf05000 rw-p 00000000 00:00 0 
7f44caf0c000-7f44caf0d000 rw-p 00000000 00:00 0 
7f44caf0d000-7f44caf15000 rw-s 00000000 08:05 8916523                    /tmp/hsperfdata_khaled/13521
7f44caf15000-7f44caf16000 rw-p 00000000 00:00 0 
7f44caf16000-7f44caf17000 r--p 00000000 00:00 0 
7f44caf17000-7f44caf19000 rw-p 00000000 00:00 0 
7f44caf19000-7f44caf1a000 r--p 00022000 08:05 6164471                    /lib/x86_64-linux-gnu/ld-2.15.so
7f44caf1a000-7f44caf1c000 rw-p 00023000 08:05 6164471                    /lib/x86_64-linux-gnu/ld-2.15.so
7fff0787e000-7fff0789f000 rw-p 00000000 00:00 0                          [stack]
7fff079ff000-7fff07a00000 r-xp 00000000 00:00 0                          [vdso]
ffffffffff600000-ffffffffff601000 r-xp 00000000 00:00 0                  [vsyscall]

VM Arguments:
jvm_args: -Djava.library.path=../lib -Dwrapper.key=eeNHmp5m0ESvvZgT -Dwrapper.port=32000 -Dwrapper.jvm.port.min=31000 -Dwrapper.jvm.port.max=31999 -Dwrapper.debug=TRUE -Dwrapper.pid=13519 -Dwrapper.version=3.2.3 -Dwrapper.native_library=wrapper -Dwrapper.service=TRUE -Dwrapper.cpu.timeout=10 -Dwrapper.jvmid=1 
java_command: runtime.daemon.WrapperSimpleApp runtime.daemon.MPJDaemon 10000
Launcher Type: SUN_STANDARD

Environment Variables:
PATH=/usr/local/sbin:/usr/local/bin:/usr/sbin:/usr/bin:/sbin:/bin:/usr/games
LD_LIBRARY_PATH=/usr/lib/jvm/java-6-openjdk-amd64/jre/lib/amd64/server:/usr/lib/jvm/java-6-openjdk-amd64/jre/lib/amd64:/usr/lib/jvm/java-6-openjdk-amd64/jre/../lib/amd64
SHELL=/bin/bash

Signal Handlers:
SIGSEGV: [libjvm.so+0x83dcf0], sa_mask[0]=0x7ffbfeff, sa_flags=0x10000004
SIGBUS: [libjvm.so+0x83dcf0], sa_mask[0]=0x7ffbfeff, sa_flags=0x10000004
SIGFPE: [libjvm.so+0x6de8f0], sa_mask[0]=0x7ffbfeff, sa_flags=0x10000004
SIGPIPE: [libjvm.so+0x6de8f0], sa_mask[0]=0x7ffbfeff, sa_flags=0x10000004
SIGXFSZ: [libjvm.so+0x6de8f0], sa_mask[0]=0x7ffbfeff, sa_flags=0x10000004
SIGILL: [libjvm.so+0x6de8f0], sa_mask[0]=0x7ffbfeff, sa_flags=0x10000004
SIGUSR1: SIG_DFL, sa_mask[0]=0x00000000, sa_flags=0x00000000
SIGUSR2: [libjvm.so+0x6ded30], sa_mask[0]=0x00000000, sa_flags=0x10000004
SIGHUP: [libwrapper.so+0x1410], sa_mask[0]=0x00000001, sa_flags=0x10000000
SIGINT: [libwrapper.so+0x13b0], sa_mask[0]=0x00000002, sa_flags=0x10000000
SIGTERM: [libwrapper.so+0x13e0], sa_mask[0]=0x00004000, sa_flags=0x10000000
SIGQUIT: [libjvm.so+0x6dee70], sa_mask[0]=0x7ffbfeff, sa_flags=0x10000004


---------------  S Y S T E M  ---------------

OS:"elementary OS" 0.2 (luna)
uname:Linux 3.2.0-51-generic #77-Ubuntu SMP Wed Jul 24 20:18:19 UTC 2013 x86_64
libc:glibc 2.15 NPTL 2.15 
rlimit: STACK 8192k, CORE 0k, NPROC 46747, NOFILE 4096, AS infinity
load average:0.70 0.52 0.52

/proc/meminfo:
MemTotal:        6007888 kB
MemFree:         4401360 kB
Buffers:           66764 kB
Cached:           679668 kB
SwapCached:            0 kB
Active:           848372 kB
Inactive:         580484 kB
Active(anon):     682948 kB
Inactive(anon):     1328 kB
Active(file):     165424 kB
Inactive(file):   579156 kB
Unevictable:           0 kB
Mlocked:               0 kB
SwapTotal:       6182908 kB
SwapFree:        6182908 kB
Dirty:               108 kB
Writeback:             0 kB
AnonPages:        682552 kB
Mapped:            93384 kB
Shmem:              1856 kB
Slab:              54360 kB
SReclaimable:      24896 kB
SUnreclaim:        29464 kB
KernelStack:        3144 kB
PageTables:        22600 kB
NFS_Unstable:          0 kB
Bounce:                0 kB
WritebackTmp:          0 kB
CommitLimit:     9186852 kB
Committed_AS:    2343216 kB
VmallocTotal:   34359738367 kB
VmallocUsed:      295452 kB
VmallocChunk:   34359439496 kB
HardwareCorrupted:     0 kB
AnonHugePages:         0 kB
HugePages_Total:       0
HugePages_Free:        0
HugePages_Rsvd:        0
HugePages_Surp:        0
Hugepagesize:       2048 kB
DirectMap4k:       61440 kB
DirectMap2M:     2992128 kB
DirectMap1G:     3145728 kB


CPU:total 4 (2 cores per cpu, 2 threads per core) family 6 model 69 stepping 1, cmov, cx8, fxsr, mmx, sse, sse2, sse3, ssse3, sse4.1, sse4.2, popcnt, avx, avx2, ht, tsc, tscinvbit

/proc/cpuinfo:
processor	: 0
vendor_id	: GenuineIntel
cpu family	: 6
model		: 69
model name	: Intel(R) Core(TM) i5-4210U CPU @ 1.70GHz
stepping	: 1
microcode	: 0x17
cpu MHz		: 1700.000
cache size	: 3072 KB
physical id	: 0
siblings	: 4
core id		: 0
cpu cores	: 2
apicid		: 0
initial apicid	: 0
fpu		: yes
fpu_exception	: yes
cpuid level	: 13
wp		: yes
flags		: fpu vme de pse tsc msr pae mce cx8 apic sep mtrr pge mca cmov pat pse36 clflush dts acpi mmx fxsr sse sse2 ss ht tm pbe syscall nx pdpe1gb rdtscp lm constant_tsc arch_perfmon pebs bts rep_good nopl xtopology nonstop_tsc aperfmperf pni pclmulqdq dtes64 monitor ds_cpl vmx est tm2 ssse3 fma cx16 xtpr pdcm pcid sse4_1 sse4_2 movbe popcnt tsc_deadline_timer aes xsave avx f16c rdrand lahf_lm abm ida arat epb xsaveopt pln pts dtherm tpr_shadow vnmi flexpriority ept vpid fsgsbase bmi1 avx2 smep bmi2 erms
bogomips	: 4788.79
clflush size	: 64
cache_alignment	: 64
address sizes	: 39 bits physical, 48 bits virtual
power management:

processor	: 1
vendor_id	: GenuineIntel
cpu family	: 6
model		: 69
model name	: Intel(R) Core(TM) i5-4210U CPU @ 1.70GHz
stepping	: 1
microcode	: 0x17
cpu MHz		: 1700.000
cache size	: 3072 KB
physical id	: 0
siblings	: 4
core id		: 0
cpu cores	: 2
apicid		: 1
initial apicid	: 1
fpu		: yes
fpu_exception	: yes
cpuid level	: 13
wp		: yes
flags		: fpu vme de pse tsc msr pae mce cx8 apic sep mtrr pge mca cmov pat pse36 clflush dts acpi mmx fxsr sse sse2 ss ht tm pbe syscall nx pdpe1gb rdtscp lm constant_tsc arch_perfmon pebs bts rep_good nopl xtopology nonstop_tsc aperfmperf pni pclmulqdq dtes64 monitor ds_cpl vmx est tm2 ssse3 fma cx16 xtpr pdcm pcid sse4_1 sse4_2 movbe popcnt tsc_deadline_timer aes xsave avx f16c rdrand lahf_lm abm ida arat epb xsaveopt pln pts dtherm tpr_shadow vnmi flexpriority ept vpid fsgsbase bmi1 avx2 smep bmi2 erms
bogomips	: 4788.72
clflush size	: 64
cache_alignment	: 64
address sizes	: 39 bits physical, 48 bits virtual
power management:

processor	: 2
vendor_id	: GenuineIntel
cpu family	: 6
model		: 69
model name	: Intel(R) Core(TM) i5-4210U CPU @ 1.70GHz
stepping	: 1
microcode	: 0x17
cpu MHz		: 1700.000
cache size	: 3072 KB
physical id	: 0
siblings	: 4
core id		: 1
cpu cores	: 2
apicid		: 2
initial apicid	: 2
fpu		: yes
fpu_exception	: yes
cpuid level	: 13
wp		: yes
flags		: fpu vme de pse tsc msr pae mce cx8 apic sep mtrr pge mca cmov pat pse36 clflush dts acpi mmx fxsr sse sse2 ss ht tm pbe syscall nx pdpe1gb rdtscp lm constant_tsc arch_perfmon pebs bts rep_good nopl xtopology nonstop_tsc aperfmperf pni pclmulqdq dtes64 monitor ds_cpl vmx est tm2 ssse3 fma cx16 xtpr pdcm pcid sse4_1 sse4_2 movbe popcnt tsc_deadline_timer aes xsave avx f16c rdrand lahf_lm abm ida arat epb xsaveopt pln pts dtherm tpr_shadow vnmi flexpriority ept vpid fsgsbase bmi1 avx2 smep bmi2 erms
bogomips	: 4788.76
clflush size	: 64
cache_alignment	: 64
address sizes	: 39 bits physical, 48 bits virtual
power management:

processor	: 3
vendor_id	: GenuineIntel
cpu family	: 6
model		: 69
model name	: Intel(R) Core(TM) i5-4210U CPU @ 1.70GHz
stepping	: 1
microcode	: 0x17
cpu MHz		: 1700.000
cache size	: 3072 KB
physical id	: 0
siblings	: 4
core id		: 1
cpu cores	: 2
apicid		: 3
initial apicid	: 3
fpu		: yes
fpu_exception	: yes
cpuid level	: 13
wp		: yes
flags		: fpu vme de pse tsc msr pae mce cx8 apic sep mtrr pge mca cmov pat pse36 clflush dts acpi mmx fxsr sse sse2 ss ht tm pbe syscall nx pdpe1gb rdtscp lm constant_tsc arch_perfmon pebs bts rep_good nopl xtopology nonstop_tsc aperfmperf pni pclmulqdq dtes64 monitor ds_cpl vmx est tm2 ssse3 fma cx16 xtpr pdcm pcid sse4_1 sse4_2 movbe popcnt tsc_deadline_timer aes xsave avx f16c rdrand lahf_lm abm ida arat epb xsaveopt pln pts dtherm tpr_shadow vnmi flexpriority ept vpid fsgsbase bmi1 avx2 smep bmi2 erms
bogomips	: 4788.75
clflush size	: 64
cache_alignment	: 64
address sizes	: 39 bits physical, 48 bits virtual
power management:



Memory: 4k page, physical 6007888k(4401360k free), swap 6182908k(6182908k free)

vm_info: OpenJDK 64-Bit Server VM (23.25-b01) for linux-amd64 JRE (1.6.0_33-b33), built on Oct 15 2014 12:27:16 by "buildd" with gcc 4.6.3

time: Thu Mar 19 13:53:22 2015
elapsed time: 0 seconds

