#
# A fatal error has been detected by the Java Runtime Environment:
#
#  SIGSEGV (0xb) at pc=0x00007fd8f887b9de, pid=7137, tid=140569859299072
#
# JRE version: 6.0_33-b33
# Java VM: OpenJDK 64-Bit Server VM (23.25-b01 mixed mode linux-amd64 compressed oops)
# Derivative: IcedTea6 1.13.5
# Distribution: Ubuntu 12.04 LTS, package 6b33-1.13.5-1ubuntu0.12.04
# Problematic frame:
# 
[error occurred during error reporting (printing problematic frame), id 0xb]

# Failed to write core dump. Core dumps have been disabled. To enable core dumping, try "ulimit -c unlimited" before starting Java again
#
# If you would like to submit a bug report, please include
# instructions how to reproduce the bug and visit:
#   https://bugs.launchpad.net/ubuntu/+source/openjdk-6/
# The crash happened outside the Java Virtual Machine in native code.
# See problematic frame for where to report the bug.
#

---------------  T H R E A D  ---------------

Current thread (0x00007fd900213000):  JavaThread "Wrapper-Control-Event-Monitor" daemon [_thread_in_native, id=7151, stack(0x00007fd8f8779000,0x00007fd8f887a000)]

siginfo:si_signo=SIGSEGV: si_errno=0, si_code=1 (SEGV_MAPERR), si_addr=0x0000000000000000

Registers:
RAX=0x00007fd8f887b9d0, RBX=0x000000009a0f63c0, RCX=0x0000000000000000, RDX=0x0000000000000000
RSP=0x00007fd8f8878708, RBP=0x00007fd8f8878758, RSI=0x00007fd8f8878768, RDI=0x00007fd9002131d8
R8 =0x00007fd900212a50, R9 =0x0000000000000000, R10=0x00007fd8fd011764, R11=0x00007fd9074248a0
R12=0x0000000000000000, R13=0x000000009a0f63c0, R14=0x00007fd8f8878770, R15=0x00007fd900213000
RIP=0x00007fd8f887b9de, EFLAGS=0x0000000000010287, CSGSFS=0x0000000000000033, ERR=0x0000000000000006
  TRAPNO=0x000000000000000e

Top of Stack: (sp=0x00007fd8f8878708)
0x00007fd8f8878708:   00007fd8fd011790 000000009a0f6c88
0x00007fd8f8878718:   00007fd8f8878718 0000000000000000
0x00007fd8f8878728:   00007fd8f8878770 000000009a10ee08
0x00007fd8f8878738:   0000000000000000 000000009a0f63c0
0x00007fd8f8878748:   0000000000000000 00007fd8f8878778
0x00007fd8f8878758:   00007fd8f88787b8 00007fd8fd005fae
0x00007fd8f8878768:   00000000e1773fc8 00007fd8fd00e596
0x00007fd8f8878778:   00007fd8f8878778 000000009a0fed50
0x00007fd8f8878788:   00007fd8f88787c0 000000009a10ee08
0x00007fd8f8878798:   0000000000000000 000000009a0fed60
0x00007fd8f88787a8:   00007fd8f8878778 00007fd8f88787c8
0x00007fd8f88787b8:   00007fd8f8878808 00007fd8fd005fae
0x00007fd8f88787c8:   00007fd8f88787c8 000000009a10bf44
0x00007fd8f88787d8:   00007fd8f8878868 000000009a1cffc0
0x00007fd8f88787e8:   0000000000000000 000000009a10c048
0x00007fd8f88787f8:   00007fd8f88787c8 00007fd8f8878868
0x00007fd8f8878808:   00007fd8f88788d0 00007fd8fd0004f7
0x00007fd8f8878818:   0000000000000000 0000000000000000
0x00007fd8f8878828:   0000000000000000 0000000000000064
0x00007fd8f8878838:   00000000d257a28e 000000007fffff3a
0x00007fd8f8878848:   0000000000000000 0000000000000000
0x00007fd8f8878858:   00000000d257a28e 00000000e1810ca8
0x00007fd8f8878868:   00000000e17f3540 00007fd800001fa0
0x00007fd8f8878878:   00007fd8c4009710 00007fd8f8878b40
0x00007fd8f8878888:   00007fd8f8878a80 00007fd8c4009730
0x00007fd8f8878898:   00007fd900213000 00007fd8f8878910
0x00007fd8f88788a8:   00007fd8f8878b48 00007fd80000000a
0x00007fd8f88788b8:   000000009a10c048 00007fd8fd00fb60
0x00007fd8f88788c8:   00007fd8f8878a88 00007fd8f88789b0
0x00007fd8f88788d8:   00007fd9071d830f 0000000000000001
0x00007fd8f88788e8:   00007fd900213000 0000000000000000
0x00007fd8f88788f8:   0000000000000000 00007fd8fd00fb60 

Instructions: (pc=0x00007fd8f887b9de)
0x00007fd8f887b9be:   05 00 00 48 8b 30 41 ff e3 66 66 90 66 66 90 66
0x00007fd8f887b9ce:   66 90 48 8b 0d e9 07 10 00 48 8b 15 fa 07 10 00
0x00007fd8f887b9de:   c7 01 01 00 00 00 8b 02 85 c0 74 06 c7 02 00 00
0x00007fd8f887b9ee:   00 00 c7 01 00 00 00 00 c3 66 66 90 66 66 90 66 

Register to memory mapping:

RAX=
[error occurred during error reporting (printing register info), id 0xb]

Stack: [0x00007fd8f8779000,0x00007fd8f887a000],  sp=0x00007fd8f8878708,  free space=1021k
Native frames: (J=compiled Java code, j=interpreted, Vv=VM code, C=native code)

[error occurred during error reporting (printing native stack), id 0xb]

Java frames: (J=compiled Java code, j=interpreted, Vv=VM code)
j  org.tanukisoftware.wrapper.WrapperManager.nativeGetControlEvent()I+0
j  org.tanukisoftware.wrapper.WrapperManager.access$2200()I+0
j  org.tanukisoftware.wrapper.WrapperManager$3.run()V+276
v  ~StubRoutines::call_stub

---------------  P R O C E S S  ---------------

Java Threads: ( => current thread )
  0x00007fd90020e000 JavaThread "Wrapper-Shutdown-Hook" [_thread_blocked, id=7163, stack(0x00007fd8f8678000,0x00007fd8f8779000)]
  0x00007fd900009800 JavaThread "DestroyJavaVM" [_thread_blocked, id=7138, stack(0x00007fd908663000,0x00007fd908764000)]
  0x00007fd90020f800 JavaThread "Wrapper-Connection" daemon [_thread_in_native, id=7153, stack(0x00007fd8f8577000,0x00007fd8f8678000)]
=>0x00007fd900213000 JavaThread "Wrapper-Control-Event-Monitor" daemon [_thread_in_native, id=7151, stack(0x00007fd8f8779000,0x00007fd8f887a000)]
  0x00007fd9000fd000 JavaThread "Low Memory Detector" daemon [_thread_blocked, id=7149, stack(0x00007fd8f8aa3000,0x00007fd8f8ba4000)]
  0x00007fd9000fa800 JavaThread "C2 CompilerThread1" daemon [_thread_blocked, id=7148, stack(0x00007fd8f8ba4000,0x00007fd8f8ca5000)]
  0x00007fd9000f7800 JavaThread "C2 CompilerThread0" daemon [_thread_blocked, id=7147, stack(0x00007fd8f8ca5000,0x00007fd8f8da6000)]
  0x00007fd9000f5800 JavaThread "Signal Dispatcher" daemon [_thread_blocked, id=7146, stack(0x00007fd8f8da6000,0x00007fd8f8ea7000)]
  0x00007fd9000a5000 JavaThread "Finalizer" daemon [_thread_blocked, id=7145, stack(0x00007fd8f92a4000,0x00007fd8f93a5000)]
  0x00007fd9000a3000 JavaThread "Reference Handler" daemon [_thread_blocked, id=7144, stack(0x00007fd8f93a5000,0x00007fd8f94a6000)]

Other Threads:
  0x00007fd900094000 VMThread [stack: 0x00007fd8f94a6000,0x00007fd8f95a7000] [id=7143]
  0x00007fd900107800 WatcherThread [stack: 0x00007fd8f89a2000,0x00007fd8f8aa3000] [id=7150]

VM state:not at safepoint (normal execution)

VM Mutex/Monitor currently owned by a thread: None

Heap
 PSYoungGen      total 27392K, used 4699K [0x00000000e16b0000, 0x00000000e3540000, 0x0000000100000000)
  eden space 23488K, 20% used [0x00000000e16b0000,0x00000000e1b46e70,0x00000000e2da0000)
  from space 3904K, 0% used [0x00000000e3170000,0x00000000e3170000,0x00000000e3540000)
  to   space 3904K, 0% used [0x00000000e2da0000,0x00000000e2da0000,0x00000000e3170000)
 ParOldGen       total 62592K, used 0K [0x00000000a4400000, 0x00000000a8120000, 0x00000000e16b0000)
  object space 62592K, 0% used [0x00000000a4400000,0x00000000a4400000,0x00000000a8120000)
 PSPermGen       total 21248K, used 4523K [0x0000000099e00000, 0x000000009b2c0000, 0x00000000a4400000)
  object space 21248K, 21% used [0x0000000099e00000,0x000000009a26ae38,0x000000009b2c0000)

Card table byte_map: [0x00007fd9050ed000,0x00007fd90541f000] byte_map_base: 0x00007fd904c1e000

Polling page: 0x00007fd90877a000

Code Cache  [0x00007fd8fd000000, 0x00007fd8fd270000, 0x00007fd900000000)
 total_blobs=208 nmethods=4 adapters=158 free_code_cache=48750Kb largest_free_block=49919360

Compilation events (8 events):
Event: 0.070 Thread 0x00007fd9000f7800    1             java.util.Properties$LineReader::readLine (452 bytes)
Event: 0.081 Thread 0x00007fd9000f7800 nmethod 1 0x00007fd8fd05e650 code [0x00007fd8fd05e7e0, 0x00007fd8fd05efb8]
Event: 0.082 Thread 0x00007fd9000fa800    2             java.lang.String::hashCode (60 bytes)
Event: 0.085 Thread 0x00007fd9000fa800 nmethod 2 0x00007fd8fd061110 code [0x00007fd8fd061240, 0x00007fd8fd0613d8]
Event: 0.087 Thread 0x00007fd9000f7800    3             java.lang.String::indexOf (151 bytes)
Event: 0.093 Thread 0x00007fd9000f7800 nmethod 3 0x00007fd8fd05de50 code [0x00007fd8fd05dfa0, 0x00007fd8fd05e448]
Event: 0.102 Thread 0x00007fd9000fa800    4             java.lang.String::lastIndexOf (156 bytes)
Event: 0.108 Thread 0x00007fd9000fa800 nmethod 4 0x00007fd8fd05f750 code [0x00007fd8fd05f8a0, 0x00007fd8fd05fce8]

GC Heap History (0 events):
No events

Deoptimization events (2 events):
Event: 0.100 Thread 0x00007fd900009800 Uncommon trap -34 fr.pc 0x00007fd8fd05ee38
Event: 0.100 Thread 0x00007fd900009800 Uncommon trap -34 fr.pc 0x00007fd8fd05ee38

Internal exceptions (10 events):
Event: 0.230 Thread 0x00007fd8b0001000 Threw 0x00000000e1aaa2d0 at /build/buildd/openjdk-6-6b33-1.13.5/build/openjdk/hotspot/src/share/vm/prims/jvm.cpp:1272
Event: 0.230 Thread 0x00007fd8b0001000 Threw 0x00000000e1aac428 at /build/buildd/openjdk-6-6b33-1.13.5/build/openjdk/hotspot/src/share/vm/classfile/systemDictionary.cpp:1
Event: 0.230 Thread 0x00007fd8b0001000 Threw 0x00000000e1aac7a8 at /build/buildd/openjdk-6-6b33-1.13.5/build/openjdk/hotspot/src/share/vm/prims/jvm.cpp:1272
Event: 0.231 Thread 0x00007fd8b0001000 Threw 0x00000000e1aaefa0 at /build/buildd/openjdk-6-6b33-1.13.5/build/openjdk/hotspot/src/share/vm/classfile/systemDictionary.cpp:1
Event: 0.231 Thread 0x00007fd8b0001000 Threw 0x00000000e1aaf2e8 at /build/buildd/openjdk-6-6b33-1.13.5/build/openjdk/hotspot/src/share/vm/prims/jvm.cpp:1272
Event: 0.231 Thread 0x00007fd8b0001000 Threw 0x00000000e1ab1cd8 at /build/buildd/openjdk-6-6b33-1.13.5/build/openjdk/hotspot/src/share/vm/classfile/systemDictionary.cpp:1
Event: 0.231 Thread 0x00007fd8b0001000 Threw 0x00000000e1ab2040 at /build/buildd/openjdk-6-6b33-1.13.5/build/openjdk/hotspot/src/share/vm/prims/jvm.cpp:1272
Event: 0.232 Thread 0x00007fd8b0001000 Threw 0x00000000e1abac60 at /build/buildd/openjdk-6-6b33-1.13.5/build/openjdk/hotspot/src/share/vm/classfile/systemDictionary.cpp:1
Event: 0.232 Thread 0x00007fd8b0001000 Threw 0x00000000e1abafb0 at /build/buildd/openjdk-6-6b33-1.13.5/build/openjdk/hotspot/src/share/vm/prims/jvm.cpp:1272
Event: 0.232 Thread 0x00007fd8b0001000 Threw 0x00000000e1abc518 at /build/buildd/openjdk-6-6b33-1.13.5/build/openjdk/hotspot/src/share/vm/prims/jni.cpp:716

Events (10 events):
Event: 0.231 loading class 0x00007fd8a4007f00
Event: 0.231 loading class 0x00007fd8a4007f00 done
Event: 0.231 loading class 0x00007fd8a400bc50
Event: 0.231 loading class 0x00007fd8a400bc50 done
Event: 0.232 loading class 0x00007fd8a401cf50
Event: 0.232 loading class 0x00007fd8a401cf50 done
Event: 0.233 Thread 0x00007fd8b0001000 Thread exited: 0x00007fd8b0001000
Event: 0.233 Thread 0x00007fd8ac012800 Thread exited: 0x00007fd8ac012800
Event: 0.321 Thread 0x00007fd90020e000 Thread exited: 0x00007fd90020e000
Event: 0.321 loading class 0x00007fd9000d9d60


Dynamic libraries:
00400000-00409000 r-xp 00000000 08:05 6431329                            /usr/lib/jvm/java-6-openjdk-amd64/jre/bin/java
00608000-00609000 r--p 00008000 08:05 6431329                            /usr/lib/jvm/java-6-openjdk-amd64/jre/bin/java
00609000-0060a000 rw-p 00009000 08:05 6431329                            /usr/lib/jvm/java-6-openjdk-amd64/jre/bin/java
00c31000-00c52000 rw-p 00000000 00:00 0                                  [heap]
99e00000-9b2c0000 rw-p 00000000 00:00 0 
9b2c0000-a4400000 rw-p 00000000 00:00 0 
a4400000-a8120000 rw-p 00000000 00:00 0 
a8120000-e16b0000 rw-p 00000000 00:00 0 
e16b0000-e3540000 rw-p 00000000 00:00 0 
e3540000-100000000 rw-p 00000000 00:00 0 
7fd8a4000000-7fd8a4025000 rw-p 00000000 00:00 0 
7fd8a4025000-7fd8a8000000 ---p 00000000 00:00 0 
7fd8ac000000-7fd8ac021000 rw-p 00000000 00:00 0 
7fd8ac021000-7fd8b0000000 ---p 00000000 00:00 0 
7fd8b0000000-7fd8b0021000 rw-p 00000000 00:00 0 
7fd8b0021000-7fd8b4000000 ---p 00000000 00:00 0 
7fd8b4000000-7fd8b4021000 rw-p 00000000 00:00 0 
7fd8b4021000-7fd8b8000000 ---p 00000000 00:00 0 
7fd8b8000000-7fd8b8021000 rw-p 00000000 00:00 0 
7fd8b8021000-7fd8bc000000 ---p 00000000 00:00 0 
7fd8bc000000-7fd8bc021000 rw-p 00000000 00:00 0 
7fd8bc021000-7fd8c0000000 ---p 00000000 00:00 0 
7fd8c0000000-7fd8c0021000 rw-p 00000000 00:00 0 
7fd8c0021000-7fd8c4000000 ---p 00000000 00:00 0 
7fd8c4000000-7fd8c40d9000 rw-p 00000000 00:00 0 
7fd8c40d9000-7fd8c8000000 ---p 00000000 00:00 0 
7fd8c8000000-7fd8c8021000 rw-p 00000000 00:00 0 
7fd8c8021000-7fd8cc000000 ---p 00000000 00:00 0 
7fd8cc000000-7fd8cc021000 rw-p 00000000 00:00 0 
7fd8cc021000-7fd8d0000000 ---p 00000000 00:00 0 
7fd8d0000000-7fd8d0021000 rw-p 00000000 00:00 0 
7fd8d0021000-7fd8d4000000 ---p 00000000 00:00 0 
7fd8d4000000-7fd8d4021000 rw-p 00000000 00:00 0 
7fd8d4021000-7fd8d8000000 ---p 00000000 00:00 0 
7fd8d8000000-7fd8d8021000 rw-p 00000000 00:00 0 
7fd8d8021000-7fd8dc000000 ---p 00000000 00:00 0 
7fd8dc000000-7fd8dc021000 rw-p 00000000 00:00 0 
7fd8dc021000-7fd8e0000000 ---p 00000000 00:00 0 
7fd8e4000000-7fd8e4021000 rw-p 00000000 00:00 0 
7fd8e4021000-7fd8e8000000 ---p 00000000 00:00 0 
7fd8e902c000-7fd8e9cf0000 rw-p 00000000 00:00 0 
7fd8ec000000-7fd8ec021000 rw-p 00000000 00:00 0 
7fd8ec021000-7fd8f0000000 ---p 00000000 00:00 0 
7fd8f4000000-7fd8f4021000 rw-p 00000000 00:00 0 
7fd8f4021000-7fd8f8000000 ---p 00000000 00:00 0 
7fd8f815e000-7fd8f8161000 ---p 00000000 00:00 0 
7fd8f8161000-7fd8f825f000 rw-p 00000000 00:00 0 
7fd8f825f000-7fd8f8262000 ---p 00000000 00:00 0 
7fd8f8262000-7fd8f8360000 rw-p 00000000 00:00 0 
7fd8f8360000-7fd8f8376000 r-xp 00000000 08:05 6556729                    /usr/lib/jvm/java-6-openjdk-amd64/jre/lib/amd64/libnet.so
7fd8f8376000-7fd8f8575000 ---p 00016000 08:05 6556729                    /usr/lib/jvm/java-6-openjdk-amd64/jre/lib/amd64/libnet.so
7fd8f8575000-7fd8f8576000 r--p 00015000 08:05 6556729                    /usr/lib/jvm/java-6-openjdk-amd64/jre/lib/amd64/libnet.so
7fd8f8576000-7fd8f8577000 rw-p 00016000 08:05 6556729                    /usr/lib/jvm/java-6-openjdk-amd64/jre/lib/amd64/libnet.so
7fd8f8577000-7fd8f857a000 ---p 00000000 00:00 0 
7fd8f857a000-7fd8f8678000 rw-p 00000000 00:00 0 
7fd8f8678000-7fd8f867b000 ---p 00000000 00:00 0 
7fd8f867b000-7fd8f8779000 rw-p 00000000 00:00 0 
7fd8f8779000-7fd8f877c000 ---p 00000000 00:00 0 
7fd8f877c000-7fd8f887a000 rw-p 00000000 00:00 0 
7fd8f887a000-7fd8f887c000 r-xp 00000000 00:13 9180034                    /home/khaled/mpj-v0_38/lib/libwrapper.so
7fd8f887c000-7fd8f897c000 ---p 00002000 00:13 9180034                    /home/khaled/mpj-v0_38/lib/libwrapper.so
7fd8f897c000-7fd8f897d000 rw-p 00002000 00:13 9180034                    /home/khaled/mpj-v0_38/lib/libwrapper.so
7fd8f897d000-7fd8f8984000 r--s 00054000 08:05 6427520                    /usr/lib/jvm/java-6-openjdk-common/jre/lib/resources.jar
7fd8f8984000-7fd8f898b000 r--s 0004f000 00:13 9180035                    /home/khaled/mpj-v0_38/lib/log4j-1.2.11.jar
7fd8f898b000-7fd8f898e000 r--s 00012000 00:13 9180038                    /home/khaled/mpj-v0_38/lib/wrapper.jar
7fd8f898e000-7fd8f8992000 r--s 0003c000 08:05 6425133                    /usr/lib/jvm/java-6-openjdk-common/jre/lib/jsse.jar
7fd8f8992000-7fd8f8993000 r--s 00005000 00:13 9180050                    /home/khaled/mpj-v0_38/lib/daemon.jar
7fd8f8993000-7fd8f8994000 r--s 00007000 08:05 6560420                    /usr/share/java/java-atk-wrapper.jar
7fd8f8994000-7fd8f8997000 r--s 00077000 08:05 6426778                    /usr/lib/jvm/java-6-openjdk-common/jre/lib/ext/localedata.jar
7fd8f8997000-7fd8f899a000 r--s 0003a000 08:05 6426776                    /usr/lib/jvm/java-6-openjdk-common/jre/lib/ext/sunpkcs11.jar
7fd8f899a000-7fd8f899e000 r--s 00032000 08:05 6426171                    /usr/lib/jvm/java-6-openjdk-common/jre/lib/ext/sunjce_provider.jar
7fd8f899e000-7fd8f89a0000 r--s 00001000 08:05 6426777                    /usr/lib/jvm/java-6-openjdk-common/jre/lib/ext/dnsns.jar
7fd8f89a0000-7fd8f89a2000 r--s 0000f000 08:05 6426472                    /usr/lib/jvm/java-6-openjdk-common/jre/lib/ext/pulse-java.jar
7fd8f89a2000-7fd8f89a3000 ---p 00000000 00:00 0 
7fd8f89a3000-7fd8f8aa3000 rw-p 00000000 00:00 0 
7fd8f8aa3000-7fd8f8aa6000 ---p 00000000 00:00 0 
7fd8f8aa6000-7fd8f8ba4000 rw-p 00000000 00:00 0 
7fd8f8ba4000-7fd8f8ba7000 ---p 00000000 00:00 0 
7fd8f8ba7000-7fd8f8ca5000 rw-p 00000000 00:00 0 
7fd8f8ca5000-7fd8f8ca8000 ---p 00000000 00:00 0 
7fd8f8ca8000-7fd8f8da6000 rw-p 00000000 00:00 0 
7fd8f8da6000-7fd8f8da9000 ---p 00000000 00:00 0 
7fd8f8da9000-7fd8f8ea7000 rw-p 00000000 00:00 0 
7fd8f8ea7000-7fd8f92a4000 r--p 00000000 08:05 6426660                    /usr/lib/locale/locale-archive
7fd8f92a4000-7fd8f92a7000 ---p 00000000 00:00 0 
7fd8f92a7000-7fd8f93a5000 rw-p 00000000 00:00 0 
7fd8f93a5000-7fd8f93a8000 ---p 00000000 00:00 0 
7fd8f93a8000-7fd8f94a6000 rw-p 00000000 00:00 0 
7fd8f94a6000-7fd8f94a7000 ---p 00000000 00:00 0 
7fd8f94a7000-7fd8fd000000 rw-p 00000000 00:00 0 
7fd8fd000000-7fd8fd270000 rwxp 00000000 00:00 0 
7fd8fd270000-7fd900260000 rw-p 00000000 00:00 0 
7fd900260000-7fd904000000 ---p 00000000 00:00 0 
7fd90401e000-7fd9048ed000 rw-p 00000000 00:00 0 
7fd9048ed000-7fd904a84000 r--s 01a18000 08:05 6431357                    /usr/lib/jvm/java-6-openjdk-amd64/jre/lib/rt.jar
7fd904a84000-7fd904aac000 rw-p 00000000 00:00 0 
7fd904aac000-7fd904aad000 ---p 00000000 00:00 0 
7fd904aad000-7fd904bad000 rw-p 00000000 00:00 0 
7fd904bad000-7fd904bae000 ---p 00000000 00:00 0 
7fd904bae000-7fd904cae000 rw-p 00000000 00:00 0 
7fd904cae000-7fd904caf000 ---p 00000000 00:00 0 
7fd904caf000-7fd904daf000 rw-p 00000000 00:00 0 
7fd904daf000-7fd904db0000 ---p 00000000 00:00 0 
7fd904db0000-7fd904ebb000 rw-p 00000000 00:00 0 
7fd904ebb000-7fd904f03000 rw-p 00000000 00:00 0 
7fd904f03000-7fd904f22000 rw-p 00000000 00:00 0 
7fd904f22000-7fd9050ed000 rw-p 00000000 00:00 0 
7fd9050ed000-7fd9050f8000 rw-p 00000000 00:00 0 
7fd9050f8000-7fd905140000 rw-p 00000000 00:00 0 
7fd905140000-7fd90515f000 rw-p 00000000 00:00 0 
7fd90515f000-7fd905329000 rw-p 00000000 00:00 0 
7fd905329000-7fd905339000 rw-p 00000000 00:00 0 
7fd905339000-7fd90541e000 rw-p 00000000 00:00 0 
7fd90541e000-7fd90541f000 rw-p 00000000 00:00 0 
7fd90541f000-7fd905426000 r-xp 00000000 08:05 6556710                    /usr/lib/jvm/java-6-openjdk-amd64/jre/lib/amd64/libzip.so
7fd905426000-7fd905625000 ---p 00007000 08:05 6556710                    /usr/lib/jvm/java-6-openjdk-amd64/jre/lib/amd64/libzip.so
7fd905625000-7fd905626000 r--p 00006000 08:05 6556710                    /usr/lib/jvm/java-6-openjdk-amd64/jre/lib/amd64/libzip.so
7fd905626000-7fd905627000 rw-p 00007000 08:05 6556710                    /usr/lib/jvm/java-6-openjdk-amd64/jre/lib/amd64/libzip.so
7fd905627000-7fd905633000 r-xp 00000000 08:05 6164477                    /lib/x86_64-linux-gnu/libnss_files-2.15.so
7fd905633000-7fd905832000 ---p 0000c000 08:05 6164477                    /lib/x86_64-linux-gnu/libnss_files-2.15.so
7fd905832000-7fd905833000 r--p 0000b000 08:05 6164477                    /lib/x86_64-linux-gnu/libnss_files-2.15.so
7fd905833000-7fd905834000 rw-p 0000c000 08:05 6164477                    /lib/x86_64-linux-gnu/libnss_files-2.15.so
7fd905834000-7fd90583e000 r-xp 00000000 08:05 6164484                    /lib/x86_64-linux-gnu/libnss_nis-2.15.so
7fd90583e000-7fd905a3e000 ---p 0000a000 08:05 6164484                    /lib/x86_64-linux-gnu/libnss_nis-2.15.so
7fd905a3e000-7fd905a3f000 r--p 0000a000 08:05 6164484                    /lib/x86_64-linux-gnu/libnss_nis-2.15.so
7fd905a3f000-7fd905a40000 rw-p 0000b000 08:05 6164484                    /lib/x86_64-linux-gnu/libnss_nis-2.15.so
7fd905a40000-7fd905a57000 r-xp 00000000 08:05 6164476                    /lib/x86_64-linux-gnu/libnsl-2.15.so
7fd905a57000-7fd905c56000 ---p 00017000 08:05 6164476                    /lib/x86_64-linux-gnu/libnsl-2.15.so
7fd905c56000-7fd905c57000 r--p 00016000 08:05 6164476                    /lib/x86_64-linux-gnu/libnsl-2.15.so
7fd905c57000-7fd905c58000 rw-p 00017000 08:05 6164476                    /lib/x86_64-linux-gnu/libnsl-2.15.so
7fd905c58000-7fd905c5a000 rw-p 00000000 00:00 0 
7fd905c5a000-7fd905c62000 r-xp 00000000 08:05 6164483                    /lib/x86_64-linux-gnu/libnss_compat-2.15.so
7fd905c62000-7fd905e61000 ---p 00008000 08:05 6164483                    /lib/x86_64-linux-gnu/libnss_compat-2.15.so
7fd905e61000-7fd905e62000 r--p 00007000 08:05 6164483                    /lib/x86_64-linux-gnu/libnss_compat-2.15.so
7fd905e62000-7fd905e63000 rw-p 00008000 08:05 6164483                    /lib/x86_64-linux-gnu/libnss_compat-2.15.so
7fd905e63000-7fd905e90000 r-xp 00000000 08:05 6556728                    /usr/lib/jvm/java-6-openjdk-amd64/jre/lib/amd64/libjava.so
7fd905e90000-7fd90608f000 ---p 0002d000 08:05 6556728                    /usr/lib/jvm/java-6-openjdk-amd64/jre/lib/amd64/libjava.so
7fd90608f000-7fd906090000 r--p 0002c000 08:05 6556728                    /usr/lib/jvm/java-6-openjdk-amd64/jre/lib/amd64/libjava.so
7fd906090000-7fd906093000 rw-p 0002d000 08:05 6556728                    /usr/lib/jvm/java-6-openjdk-amd64/jre/lib/amd64/libjava.so
7fd906093000-7fd9060a1000 r-xp 00000000 08:05 6556727                    /usr/lib/jvm/java-6-openjdk-amd64/jre/lib/amd64/libverify.so
7fd9060a1000-7fd9062a0000 ---p 0000e000 08:05 6556727                    /usr/lib/jvm/java-6-openjdk-amd64/jre/lib/amd64/libverify.so
7fd9062a0000-7fd9062a2000 r--p 0000d000 08:05 6556727                    /usr/lib/jvm/java-6-openjdk-amd64/jre/lib/amd64/libverify.so
7fd9062a2000-7fd9062a3000 rw-p 0000f000 08:05 6556727                    /usr/lib/jvm/java-6-openjdk-amd64/jre/lib/amd64/libverify.so
7fd9062a3000-7fd9062aa000 r-xp 00000000 08:05 6164474                    /lib/x86_64-linux-gnu/librt-2.15.so
7fd9062aa000-7fd9064a9000 ---p 00007000 08:05 6164474                    /lib/x86_64-linux-gnu/librt-2.15.so
7fd9064a9000-7fd9064aa000 r--p 00006000 08:05 6164474                    /lib/x86_64-linux-gnu/librt-2.15.so
7fd9064aa000-7fd9064ab000 rw-p 00007000 08:05 6164474                    /lib/x86_64-linux-gnu/librt-2.15.so
7fd9064ab000-7fd9064c0000 r-xp 00000000 08:05 6164099                    /lib/x86_64-linux-gnu/libgcc_s.so.1
7fd9064c0000-7fd9066bf000 ---p 00015000 08:05 6164099                    /lib/x86_64-linux-gnu/libgcc_s.so.1
7fd9066bf000-7fd9066c0000 r--p 00014000 08:05 6164099                    /lib/x86_64-linux-gnu/libgcc_s.so.1
7fd9066c0000-7fd9066c1000 rw-p 00015000 08:05 6164099                    /lib/x86_64-linux-gnu/libgcc_s.so.1
7fd9066c1000-7fd9067bc000 r-xp 00000000 08:05 6164481                    /lib/x86_64-linux-gnu/libm-2.15.so
7fd9067bc000-7fd9069bb000 ---p 000fb000 08:05 6164481                    /lib/x86_64-linux-gnu/libm-2.15.so
7fd9069bb000-7fd9069bc000 r--p 000fa000 08:05 6164481                    /lib/x86_64-linux-gnu/libm-2.15.so
7fd9069bc000-7fd9069bd000 rw-p 000fb000 08:05 6164481                    /lib/x86_64-linux-gnu/libm-2.15.so
7fd9069bd000-7fd906a9f000 r-xp 00000000 08:05 6430262                    /usr/lib/x86_64-linux-gnu/libstdc++.so.6.0.16
7fd906a9f000-7fd906c9e000 ---p 000e2000 08:05 6430262                    /usr/lib/x86_64-linux-gnu/libstdc++.so.6.0.16
7fd906c9e000-7fd906ca6000 r--p 000e1000 08:05 6430262                    /usr/lib/x86_64-linux-gnu/libstdc++.so.6.0.16
7fd906ca6000-7fd906ca8000 rw-p 000e9000 08:05 6430262                    /usr/lib/x86_64-linux-gnu/libstdc++.so.6.0.16
7fd906ca8000-7fd906cbd000 rw-p 00000000 00:00 0 
7fd906cbd000-7fd907694000 r-xp 00000000 08:05 6556733                    /usr/lib/jvm/java-6-openjdk-amd64/jre/lib/amd64/server/libjvm.so
7fd907694000-7fd907893000 ---p 009d7000 08:05 6556733                    /usr/lib/jvm/java-6-openjdk-amd64/jre/lib/amd64/server/libjvm.so
7fd907893000-7fd907912000 r--p 009d6000 08:05 6556733                    /usr/lib/jvm/java-6-openjdk-amd64/jre/lib/amd64/server/libjvm.so
7fd907912000-7fd907935000 rw-p 00a55000 08:05 6556733                    /usr/lib/jvm/java-6-openjdk-amd64/jre/lib/amd64/server/libjvm.so
7fd907935000-7fd90795f000 rw-p 00000000 00:00 0 
7fd90795f000-7fd907975000 r-xp 00000000 08:05 6164189                    /lib/x86_64-linux-gnu/libz.so.1.2.3.4
7fd907975000-7fd907b74000 ---p 00016000 08:05 6164189                    /lib/x86_64-linux-gnu/libz.so.1.2.3.4
7fd907b74000-7fd907b75000 r--p 00015000 08:05 6164189                    /lib/x86_64-linux-gnu/libz.so.1.2.3.4
7fd907b75000-7fd907b76000 rw-p 00016000 08:05 6164189                    /lib/x86_64-linux-gnu/libz.so.1.2.3.4
7fd907b76000-7fd907d2b000 r-xp 00000000 08:05 6164478                    /lib/x86_64-linux-gnu/libc-2.15.so
7fd907d2b000-7fd907f2a000 ---p 001b5000 08:05 6164478                    /lib/x86_64-linux-gnu/libc-2.15.so
7fd907f2a000-7fd907f2e000 r--p 001b4000 08:05 6164478                    /lib/x86_64-linux-gnu/libc-2.15.so
7fd907f2e000-7fd907f30000 rw-p 001b8000 08:05 6164478                    /lib/x86_64-linux-gnu/libc-2.15.so
7fd907f30000-7fd907f35000 rw-p 00000000 00:00 0 
7fd907f35000-7fd907f37000 r-xp 00000000 08:05 6164492                    /lib/x86_64-linux-gnu/libdl-2.15.so
7fd907f37000-7fd908137000 ---p 00002000 08:05 6164492                    /lib/x86_64-linux-gnu/libdl-2.15.so
7fd908137000-7fd908138000 r--p 00002000 08:05 6164492                    /lib/x86_64-linux-gnu/libdl-2.15.so
7fd908138000-7fd908139000 rw-p 00003000 08:05 6164492                    /lib/x86_64-linux-gnu/libdl-2.15.so
7fd908139000-7fd90813d000 r-xp 00000000 08:05 6556699                    /usr/lib/jvm/java-6-openjdk-amd64/jre/lib/amd64/jli/libjli.so
7fd90813d000-7fd90833c000 ---p 00004000 08:05 6556699                    /usr/lib/jvm/java-6-openjdk-amd64/jre/lib/amd64/jli/libjli.so
7fd90833c000-7fd90833d000 r--p 00003000 08:05 6556699                    /usr/lib/jvm/java-6-openjdk-amd64/jre/lib/amd64/jli/libjli.so
7fd90833d000-7fd90833e000 rw-p 00004000 08:05 6556699                    /usr/lib/jvm/java-6-openjdk-amd64/jre/lib/amd64/jli/libjli.so
7fd90833e000-7fd908356000 r-xp 00000000 08:05 6164472                    /lib/x86_64-linux-gnu/libpthread-2.15.so
7fd908356000-7fd908555000 ---p 00018000 08:05 6164472                    /lib/x86_64-linux-gnu/libpthread-2.15.so
7fd908555000-7fd908556000 r--p 00017000 08:05 6164472                    /lib/x86_64-linux-gnu/libpthread-2.15.so
7fd908556000-7fd908557000 rw-p 00018000 08:05 6164472                    /lib/x86_64-linux-gnu/libpthread-2.15.so
7fd908557000-7fd90855b000 rw-p 00000000 00:00 0 
7fd90855b000-7fd90857d000 r-xp 00000000 08:05 6164471                    /lib/x86_64-linux-gnu/ld-2.15.so
7fd9085a3000-7fd9085ad000 rw-p 00000000 00:00 0 
7fd9085ad000-7fd908663000 rw-p 00000000 00:00 0 
7fd908663000-7fd908666000 ---p 00000000 00:00 0 
7fd908666000-7fd908769000 rw-p 00000000 00:00 0 
7fd908770000-7fd908771000 rw-p 00000000 00:00 0 
7fd908771000-7fd908779000 rw-s 00000000 08:05 8787553                    /tmp/hsperfdata_khaled/7137
7fd908779000-7fd90877a000 rw-p 00000000 00:00 0 
7fd90877a000-7fd90877b000 r--p 00000000 00:00 0 
7fd90877b000-7fd90877d000 rw-p 00000000 00:00 0 
7fd90877d000-7fd90877e000 r--p 00022000 08:05 6164471                    /lib/x86_64-linux-gnu/ld-2.15.so
7fd90877e000-7fd908780000 rw-p 00023000 08:05 6164471                    /lib/x86_64-linux-gnu/ld-2.15.so
7fff53717000-7fff53738000 rw-p 00000000 00:00 0                          [stack]
7fff537ff000-7fff53800000 r-xp 00000000 00:00 0                          [vdso]
ffffffffff600000-ffffffffff601000 r-xp 00000000 00:00 0                  [vsyscall]

VM Arguments:
jvm_args: -Djava.library.path=../lib -Dwrapper.key=G7ndp9S62kywUEWp -Dwrapper.port=32000 -Dwrapper.jvm.port.min=31000 -Dwrapper.jvm.port.max=31999 -Dwrapper.debug=TRUE -Dwrapper.pid=7135 -Dwrapper.version=3.2.3 -Dwrapper.native_library=wrapper -Dwrapper.service=TRUE -Dwrapper.cpu.timeout=10 -Dwrapper.jvmid=1 
java_command: runtime.daemon.WrapperSimpleApp runtime.daemon.MPJDaemon 10000
Launcher Type: SUN_STANDARD

Environment Variables:
PATH=/usr/local/sbin:/usr/local/bin:/usr/sbin:/usr/bin:/sbin:/bin:/usr/games
LD_LIBRARY_PATH=/usr/lib/jvm/java-6-openjdk-amd64/jre/lib/amd64/server:/usr/lib/jvm/java-6-openjdk-amd64/jre/lib/amd64:/usr/lib/jvm/java-6-openjdk-amd64/jre/../lib/amd64
SHELL=/bin/bash

Signal Handlers:
SIGSEGV: [libjvm.so+0x83dcf0], sa_mask[0]=0x7ffbfeff, sa_flags=0x10000004
SIGBUS: [libjvm.so+0x83dcf0], sa_mask[0]=0x7ffbfeff, sa_flags=0x10000004
SIGFPE: [libjvm.so+0x6de8f0], sa_mask[0]=0x7ffbfeff, sa_flags=0x10000004
SIGPIPE: [libjvm.so+0x6de8f0], sa_mask[0]=0x7ffbfeff, sa_flags=0x10000004
SIGXFSZ: [libjvm.so+0x6de8f0], sa_mask[0]=0x7ffbfeff, sa_flags=0x10000004
SIGILL: [libjvm.so+0x6de8f0], sa_mask[0]=0x7ffbfeff, sa_flags=0x10000004
SIGUSR1: SIG_DFL, sa_mask[0]=0x00000000, sa_flags=0x00000000
SIGUSR2: [libjvm.so+0x6ded30], sa_mask[0]=0x00000000, sa_flags=0x10000004
SIGHUP: [libwrapper.so+0x1410], sa_mask[0]=0x00000001, sa_flags=0x10000000
SIGINT: [libwrapper.so+0x13b0], sa_mask[0]=0x00000002, sa_flags=0x10000000
SIGTERM: [libwrapper.so+0x13e0], sa_mask[0]=0x00004000, sa_flags=0x10000000
SIGQUIT: [libjvm.so+0x6dee70], sa_mask[0]=0x7ffbfeff, sa_flags=0x10000004


---------------  S Y S T E M  ---------------

OS:"elementary OS" 0.2 (luna)
uname:Linux 3.2.0-51-generic #77-Ubuntu SMP Wed Jul 24 20:18:19 UTC 2013 x86_64
libc:glibc 2.15 NPTL 2.15 
rlimit: STACK 8192k, CORE 0k, NPROC 46747, NOFILE 4096, AS infinity
load average:0.72 0.86 0.90

/proc/meminfo:
MemTotal:        6007888 kB
MemFree:         3170668 kB
Buffers:           92028 kB
Cached:          1047668 kB
SwapCached:            0 kB
Active:          1699632 kB
Inactive:         921772 kB
Active(anon):    1485488 kB
Inactive(anon):    44064 kB
Active(file):     214144 kB
Inactive(file):   877708 kB
Unevictable:           0 kB
Mlocked:               0 kB
SwapTotal:       6182908 kB
SwapFree:        6182908 kB
Dirty:               476 kB
Writeback:             0 kB
AnonPages:       1481784 kB
Mapped:           207216 kB
Shmem:             47848 kB
Slab:              73124 kB
SReclaimable:      36092 kB
SUnreclaim:        37032 kB
KernelStack:        4848 kB
PageTables:        36260 kB
NFS_Unstable:          0 kB
Bounce:                0 kB
WritebackTmp:          0 kB
CommitLimit:     9186852 kB
Committed_AS:    5375008 kB
VmallocTotal:   34359738367 kB
VmallocUsed:      295452 kB
VmallocChunk:   34359440688 kB
HardwareCorrupted:     0 kB
AnonHugePages:         0 kB
HugePages_Total:       0
HugePages_Free:        0
HugePages_Rsvd:        0
HugePages_Surp:        0
Hugepagesize:       2048 kB
DirectMap4k:       61440 kB
DirectMap2M:     2992128 kB
DirectMap1G:     3145728 kB


CPU:total 4 (2 cores per cpu, 2 threads per core) family 6 model 69 stepping 1, cmov, cx8, fxsr, mmx, sse, sse2, sse3, ssse3, sse4.1, sse4.2, popcnt, avx, avx2, ht, tsc, tscinvbit

/proc/cpuinfo:
processor	: 0
vendor_id	: GenuineIntel
cpu family	: 6
model		: 69
model name	: Intel(R) Core(TM) i5-4210U CPU @ 1.70GHz
stepping	: 1
microcode	: 0x17
cpu MHz		: 1700.000
cache size	: 3072 KB
physical id	: 0
siblings	: 4
core id		: 0
cpu cores	: 2
apicid		: 0
initial apicid	: 0
fpu		: yes
fpu_exception	: yes
cpuid level	: 13
wp		: yes
flags		: fpu vme de pse tsc msr pae mce cx8 apic sep mtrr pge mca cmov pat pse36 clflush dts acpi mmx fxsr sse sse2 ss ht tm pbe syscall nx pdpe1gb rdtscp lm constant_tsc arch_perfmon pebs bts rep_good nopl xtopology nonstop_tsc aperfmperf pni pclmulqdq dtes64 monitor ds_cpl vmx est tm2 ssse3 fma cx16 xtpr pdcm pcid sse4_1 sse4_2 movbe popcnt tsc_deadline_timer aes xsave avx f16c rdrand lahf_lm abm ida arat epb xsaveopt pln pts dtherm tpr_shadow vnmi flexpriority ept vpid fsgsbase bmi1 avx2 smep bmi2 erms
bogomips	: 4788.79
clflush size	: 64
cache_alignment	: 64
address sizes	: 39 bits physical, 48 bits virtual
power management:

processor	: 1
vendor_id	: GenuineIntel
cpu family	: 6
model		: 69
model name	: Intel(R) Core(TM) i5-4210U CPU @ 1.70GHz
stepping	: 1
microcode	: 0x17
cpu MHz		: 1100.000
cache size	: 3072 KB
physical id	: 0
siblings	: 4
core id		: 0
cpu cores	: 2
apicid		: 1
initial apicid	: 1
fpu		: yes
fpu_exception	: yes
cpuid level	: 13
wp		: yes
flags		: fpu vme de pse tsc msr pae mce cx8 apic sep mtrr pge mca cmov pat pse36 clflush dts acpi mmx fxsr sse sse2 ss ht tm pbe syscall nx pdpe1gb rdtscp lm constant_tsc arch_perfmon pebs bts rep_good nopl xtopology nonstop_tsc aperfmperf pni pclmulqdq dtes64 monitor ds_cpl vmx est tm2 ssse3 fma cx16 xtpr pdcm pcid sse4_1 sse4_2 movbe popcnt tsc_deadline_timer aes xsave avx f16c rdrand lahf_lm abm ida arat epb xsaveopt pln pts dtherm tpr_shadow vnmi flexpriority ept vpid fsgsbase bmi1 avx2 smep bmi2 erms
bogomips	: 4788.73
clflush size	: 64
cache_alignment	: 64
address sizes	: 39 bits physical, 48 bits virtual
power management:

processor	: 2
vendor_id	: GenuineIntel
cpu family	: 6
model		: 69
model name	: Intel(R) Core(TM) i5-4210U CPU @ 1.70GHz
stepping	: 1
microcode	: 0x17
cpu MHz		: 768.000
cache size	: 3072 KB
physical id	: 0
siblings	: 4
core id		: 1
cpu cores	: 2
apicid		: 2
initial apicid	: 2
fpu		: yes
fpu_exception	: yes
cpuid level	: 13
wp		: yes
flags		: fpu vme de pse tsc msr pae mce cx8 apic sep mtrr pge mca cmov pat pse36 clflush dts acpi mmx fxsr sse sse2 ss ht tm pbe syscall nx pdpe1gb rdtscp lm constant_tsc arch_perfmon pebs bts rep_good nopl xtopology nonstop_tsc aperfmperf pni pclmulqdq dtes64 monitor ds_cpl vmx est tm2 ssse3 fma cx16 xtpr pdcm pcid sse4_1 sse4_2 movbe popcnt tsc_deadline_timer aes xsave avx f16c rdrand lahf_lm abm ida arat epb xsaveopt pln pts dtherm tpr_shadow vnmi flexpriority ept vpid fsgsbase bmi1 avx2 smep bmi2 erms
bogomips	: 4788.75
clflush size	: 64
cache_alignment	: 64
address sizes	: 39 bits physical, 48 bits virtual
power management:

processor	: 3
vendor_id	: GenuineIntel
cpu family	: 6
model		: 69
model name	: Intel(R) Core(TM) i5-4210U CPU @ 1.70GHz
stepping	: 1
microcode	: 0x17
cpu MHz		: 768.000
cache size	: 3072 KB
physical id	: 0
siblings	: 4
core id		: 1
cpu cores	: 2
apicid		: 3
initial apicid	: 3
fpu		: yes
fpu_exception	: yes
cpuid level	: 13
wp		: yes
flags		: fpu vme de pse tsc msr pae mce cx8 apic sep mtrr pge mca cmov pat pse36 clflush dts acpi mmx fxsr sse sse2 ss ht tm pbe syscall nx pdpe1gb rdtscp lm constant_tsc arch_perfmon pebs bts rep_good nopl xtopology nonstop_tsc aperfmperf pni pclmulqdq dtes64 monitor ds_cpl vmx est tm2 ssse3 fma cx16 xtpr pdcm pcid sse4_1 sse4_2 movbe popcnt tsc_deadline_timer aes xsave avx f16c rdrand lahf_lm abm ida arat epb xsaveopt pln pts dtherm tpr_shadow vnmi flexpriority ept vpid fsgsbase bmi1 avx2 smep bmi2 erms
bogomips	: 4788.74
clflush size	: 64
cache_alignment	: 64
address sizes	: 39 bits physical, 48 bits virtual
power management:



Memory: 4k page, physical 6007888k(3170668k free), swap 6182908k(6182908k free)

vm_info: OpenJDK 64-Bit Server VM (23.25-b01) for linux-amd64 JRE (1.6.0_33-b33), built on Oct 15 2014 12:27:16 by "buildd" with gcc 4.6.3

time: Wed Mar 18 02:14:24 2015
elapsed time: 0 seconds

