#
# A fatal error has been detected by the Java Runtime Environment:
#
#  SIGSEGV (0xb) at pc=0x00007f01380029de, pid=9322, tid=139643144107776
#
# JRE version: 6.0_33-b33
# Java VM: OpenJDK 64-Bit Server VM (23.25-b01 mixed mode linux-amd64 compressed oops)
# Derivative: IcedTea6 1.13.5
# Distribution: Ubuntu 12.04 LTS, package 6b33-1.13.5-1ubuntu0.12.04
# Problematic frame:
# 
[error occurred during error reporting (printing problematic frame), id 0xb]

# Failed to write core dump. Core dumps have been disabled. To enable core dumping, try "ulimit -c unlimited" before starting Java again
#
# If you would like to submit a bug report, please include
# instructions how to reproduce the bug and visit:
#   https://bugs.launchpad.net/ubuntu/+source/openjdk-6/
# The crash happened outside the Java Virtual Machine in native code.
# See problematic frame for where to report the bug.
#

---------------  T H R E A D  ---------------

Current thread (0x00007f0140203000):  JavaThread "Wrapper-Control-Event-Monitor" daemon [_thread_in_native, id=9336, stack(0x00007f0133eff000,0x00007f0134000000)]

siginfo:si_signo=SIGSEGV: si_errno=0, si_code=1 (SEGV_MAPERR), si_addr=0x0000000000000000

Registers:
RAX=0x00007f01380029d0, RBX=0x000000009a0f63c0, RCX=0x0000000000000000, RDX=0x0000000000000000
RSP=0x00007f0133ffe688, RBP=0x00007f0133ffe6d8, RSI=0x00007f0133ffe6e8, RDI=0x00007f01402031d8
R8 =0x00007f0140202650, R9 =0x0000000000000000, R10=0x00007f013d011764, R11=0x00007f01478138a0
R12=0x0000000000000000, R13=0x000000009a0f63c0, R14=0x00007f0133ffe6f0, R15=0x00007f0140203000
RIP=0x00007f01380029de, EFLAGS=0x0000000000010287, CSGSFS=0x0000000000000033, ERR=0x0000000000000006
  TRAPNO=0x000000000000000e

Top of Stack: (sp=0x00007f0133ffe688)
0x00007f0133ffe688:   00007f013d011790 000000009a0f6c88
0x00007f0133ffe698:   00007f0133ffe698 0000000000000000
0x00007f0133ffe6a8:   00007f0133ffe6f0 000000009a10ee08
0x00007f0133ffe6b8:   0000000000000000 000000009a0f63c0
0x00007f0133ffe6c8:   0000000000000000 00007f0133ffe6f8
0x00007f0133ffe6d8:   00007f0133ffe738 00007f013d005fae
0x00007f0133ffe6e8:   00000000e1773fc8 00007f013d00e596
0x00007f0133ffe6f8:   00007f0133ffe6f8 000000009a0fed50
0x00007f0133ffe708:   00007f0133ffe740 000000009a10ee08
0x00007f0133ffe718:   0000000000000000 000000009a0fed60
0x00007f0133ffe728:   00007f0133ffe6f8 00007f0133ffe748
0x00007f0133ffe738:   00007f0133ffe788 00007f013d005fae
0x00007f0133ffe748:   00007f0133ffe748 000000009a10bf44
0x00007f0133ffe758:   00007f0133ffe7e8 000000009a1cffc0
0x00007f0133ffe768:   0000000000000000 000000009a10c048
0x00007f0133ffe778:   00007f0133ffe748 00007f0133ffe7e8
0x00007f0133ffe788:   00007f0133ffe850 00007f013d0004f7
0x00007f0133ffe798:   0000000000000000 0000000000000000
0x00007f0133ffe7a8:   0000000000000000 0000000000000064
0x00007f0133ffe7b8:   00000000d26b2ff6 000000007fffff3a
0x00007f0133ffe7c8:   0000000000000000 0000000000000000
0x00007f0133ffe7d8:   00000000d26b2ff6 00000000e1810ca8
0x00007f0133ffe7e8:   00000000e17f3540 00007f0100001fa0
0x00007f0133ffe7f8:   00007f0110009b00 00007f0133ffeac0
0x00007f0133ffe808:   00007f0133ffea00 00007f0110009b20
0x00007f0133ffe818:   00007f0140203000 00007f0133ffe890
0x00007f0133ffe828:   00007f0133ffeac8 00007f010000000a
0x00007f0133ffe838:   000000009a10c048 00007f013d00fb60
0x00007f0133ffe848:   00007f0133ffea08 00007f0133ffe930
0x00007f0133ffe858:   00007f01475c730f 0000000000000001
0x00007f0133ffe868:   00007f0140203000 0000000000000000
0x00007f0133ffe878:   0000000000000000 00007f013d00fb60 

Instructions: (pc=0x00007f01380029de)
0x00007f01380029be:   05 00 00 48 8b 30 41 ff e3 66 66 90 66 66 90 66
0x00007f01380029ce:   66 90 48 8b 0d e9 07 10 00 48 8b 15 fa 07 10 00
0x00007f01380029de:   c7 01 01 00 00 00 8b 02 85 c0 74 06 c7 02 00 00
0x00007f01380029ee:   00 00 c7 01 00 00 00 00 c3 66 66 90 66 66 90 66 

Register to memory mapping:

RAX=
[error occurred during error reporting (printing register info), id 0xb]

Stack: [0x00007f0133eff000,0x00007f0134000000],  sp=0x00007f0133ffe688,  free space=1021k
Native frames: (J=compiled Java code, j=interpreted, Vv=VM code, C=native code)

[error occurred during error reporting (printing native stack), id 0xb]

Java frames: (J=compiled Java code, j=interpreted, Vv=VM code)
j  org.tanukisoftware.wrapper.WrapperManager.nativeGetControlEvent()I+0
j  org.tanukisoftware.wrapper.WrapperManager.access$2200()I+0
j  org.tanukisoftware.wrapper.WrapperManager$3.run()V+276
v  ~StubRoutines::call_stub

---------------  P R O C E S S  ---------------

Java Threads: ( => current thread )
  0x00007f01401fe000 JavaThread "Wrapper-Shutdown-Hook" [_thread_blocked, id=9348, stack(0x00007f0133dfe000,0x00007f0133eff000)]
  0x00007f0140009800 JavaThread "DestroyJavaVM" [_thread_blocked, id=9323, stack(0x00007f0148a52000,0x00007f0148b53000)]
  0x00007f01401ff800 JavaThread "Wrapper-Connection" daemon [_thread_in_native, id=9338, stack(0x00007f0133cfd000,0x00007f0133dfe000)]
=>0x00007f0140203000 JavaThread "Wrapper-Control-Event-Monitor" daemon [_thread_in_native, id=9336, stack(0x00007f0133eff000,0x00007f0134000000)]
  0x00007f01400fd000 JavaThread "Low Memory Detector" daemon [_thread_blocked, id=9334, stack(0x00007f0138205000,0x00007f0138306000)]
  0x00007f01400fa800 JavaThread "C2 CompilerThread1" daemon [_thread_blocked, id=9333, stack(0x00007f0138306000,0x00007f0138407000)]
  0x00007f01400f7800 JavaThread "C2 CompilerThread0" daemon [_thread_blocked, id=9332, stack(0x00007f0138407000,0x00007f0138508000)]
  0x00007f01400f5800 JavaThread "Signal Dispatcher" daemon [_thread_blocked, id=9331, stack(0x00007f0138508000,0x00007f0138609000)]
  0x00007f01400a5000 JavaThread "Finalizer" daemon [_thread_blocked, id=9330, stack(0x00007f0138a06000,0x00007f0138b07000)]
  0x00007f01400a3000 JavaThread "Reference Handler" daemon [_thread_blocked, id=9329, stack(0x00007f0138b07000,0x00007f0138c08000)]

Other Threads:
  0x00007f0140094000 VMThread [stack: 0x00007f0138c08000,0x00007f0138d09000] [id=9328]
  0x00007f0140107800 WatcherThread [stack: 0x00007f0138104000,0x00007f0138205000] [id=9335]

VM state:not at safepoint (normal execution)

VM Mutex/Monitor currently owned by a thread: None

Heap
 PSYoungGen      total 27392K, used 4699K [0x00000000e16b0000, 0x00000000e3540000, 0x0000000100000000)
  eden space 23488K, 20% used [0x00000000e16b0000,0x00000000e1b46e70,0x00000000e2da0000)
  from space 3904K, 0% used [0x00000000e3170000,0x00000000e3170000,0x00000000e3540000)
  to   space 3904K, 0% used [0x00000000e2da0000,0x00000000e2da0000,0x00000000e3170000)
 ParOldGen       total 62592K, used 0K [0x00000000a4400000, 0x00000000a8120000, 0x00000000e16b0000)
  object space 62592K, 0% used [0x00000000a4400000,0x00000000a4400000,0x00000000a8120000)
 PSPermGen       total 21248K, used 4523K [0x0000000099e00000, 0x000000009b2c0000, 0x00000000a4400000)
  object space 21248K, 21% used [0x0000000099e00000,0x000000009a26ae38,0x000000009b2c0000)

Card table byte_map: [0x00007f01454dc000,0x00007f014580e000] byte_map_base: 0x00007f014500d000

Polling page: 0x00007f0148b69000

Code Cache  [0x00007f013d000000, 0x00007f013d270000, 0x00007f0140000000)
 total_blobs=208 nmethods=4 adapters=158 free_code_cache=48750Kb largest_free_block=49919360

Compilation events (8 events):
Event: 0.058 Thread 0x00007f01400f7800    1             java.util.Properties$LineReader::readLine (452 bytes)
Event: 0.073 Thread 0x00007f01400f7800 nmethod 1 0x00007f013d05e650 code [0x00007f013d05e7e0, 0x00007f013d05efb8]
Event: 0.073 Thread 0x00007f01400fa800    2             java.lang.String::hashCode (60 bytes)
Event: 0.075 Thread 0x00007f01400fa800 nmethod 2 0x00007f013d061110 code [0x00007f013d061240, 0x00007f013d0613d8]
Event: 0.079 Thread 0x00007f01400f7800    3             java.lang.String::indexOf (151 bytes)
Event: 0.087 Thread 0x00007f01400f7800 nmethod 3 0x00007f013d05de50 code [0x00007f013d05dfa0, 0x00007f013d05e448]
Event: 0.096 Thread 0x00007f01400fa800    4             java.lang.String::lastIndexOf (156 bytes)
Event: 0.101 Thread 0x00007f01400fa800 nmethod 4 0x00007f013d05f750 code [0x00007f013d05f8a0, 0x00007f013d05fce8]

GC Heap History (0 events):
No events

Deoptimization events (2 events):
Event: 0.094 Thread 0x00007f0140009800 Uncommon trap -34 fr.pc 0x00007f013d05ee38
Event: 0.095 Thread 0x00007f0140009800 Uncommon trap -34 fr.pc 0x00007f013d05ee38

Internal exceptions (10 events):
Event: 0.215 Thread 0x00007f00ec001000 Threw 0x00000000e1aaa2d0 at /build/buildd/openjdk-6-6b33-1.13.5/build/openjdk/hotspot/src/share/vm/prims/jvm.cpp:1272
Event: 0.215 Thread 0x00007f00ec001000 Threw 0x00000000e1aac428 at /build/buildd/openjdk-6-6b33-1.13.5/build/openjdk/hotspot/src/share/vm/classfile/systemDictionary.cpp:1
Event: 0.215 Thread 0x00007f00ec001000 Threw 0x00000000e1aac7a8 at /build/buildd/openjdk-6-6b33-1.13.5/build/openjdk/hotspot/src/share/vm/prims/jvm.cpp:1272
Event: 0.216 Thread 0x00007f00ec001000 Threw 0x00000000e1aaefa0 at /build/buildd/openjdk-6-6b33-1.13.5/build/openjdk/hotspot/src/share/vm/classfile/systemDictionary.cpp:1
Event: 0.216 Thread 0x00007f00ec001000 Threw 0x00000000e1aaf2e8 at /build/buildd/openjdk-6-6b33-1.13.5/build/openjdk/hotspot/src/share/vm/prims/jvm.cpp:1272
Event: 0.216 Thread 0x00007f00ec001000 Threw 0x00000000e1ab1cd8 at /build/buildd/openjdk-6-6b33-1.13.5/build/openjdk/hotspot/src/share/vm/classfile/systemDictionary.cpp:1
Event: 0.216 Thread 0x00007f00ec001000 Threw 0x00000000e1ab2040 at /build/buildd/openjdk-6-6b33-1.13.5/build/openjdk/hotspot/src/share/vm/prims/jvm.cpp:1272
Event: 0.217 Thread 0x00007f00ec001000 Threw 0x00000000e1abac60 at /build/buildd/openjdk-6-6b33-1.13.5/build/openjdk/hotspot/src/share/vm/classfile/systemDictionary.cpp:1
Event: 0.217 Thread 0x00007f00ec001000 Threw 0x00000000e1abafb0 at /build/buildd/openjdk-6-6b33-1.13.5/build/openjdk/hotspot/src/share/vm/prims/jvm.cpp:1272
Event: 0.217 Thread 0x00007f00ec001000 Threw 0x00000000e1abc518 at /build/buildd/openjdk-6-6b33-1.13.5/build/openjdk/hotspot/src/share/vm/prims/jni.cpp:716

Events (10 events):
Event: 0.216 loading class 0x00007f00f0007f00
Event: 0.216 loading class 0x00007f00f0007f00 done
Event: 0.216 loading class 0x00007f00f000bc50
Event: 0.216 loading class 0x00007f00f000bc50 done
Event: 0.217 loading class 0x00007f00f001cf50
Event: 0.217 loading class 0x00007f00f001cf50 done
Event: 0.218 Thread 0x00007f00ec001000 Thread exited: 0x00007f00ec001000
Event: 0.218 Thread 0x00007f00f8012800 Thread exited: 0x00007f00f8012800
Event: 0.313 Thread 0x00007f01401fe000 Thread exited: 0x00007f01401fe000
Event: 0.314 loading class 0x00007f01400d9d60


Dynamic libraries:
00400000-00409000 r-xp 00000000 08:05 6431329                            /usr/lib/jvm/java-6-openjdk-amd64/jre/bin/java
00608000-00609000 r--p 00008000 08:05 6431329                            /usr/lib/jvm/java-6-openjdk-amd64/jre/bin/java
00609000-0060a000 rw-p 00009000 08:05 6431329                            /usr/lib/jvm/java-6-openjdk-amd64/jre/bin/java
02164000-02185000 rw-p 00000000 00:00 0                                  [heap]
99e00000-9b2c0000 rw-p 00000000 00:00 0 
9b2c0000-a4400000 rw-p 00000000 00:00 0 
a4400000-a8120000 rw-p 00000000 00:00 0 
a8120000-e16b0000 rw-p 00000000 00:00 0 
e16b0000-e3540000 rw-p 00000000 00:00 0 
e3540000-100000000 rw-p 00000000 00:00 0 
7f00ec000000-7f00ec021000 rw-p 00000000 00:00 0 
7f00ec021000-7f00f0000000 ---p 00000000 00:00 0 
7f00f0000000-7f00f0025000 rw-p 00000000 00:00 0 
7f00f0025000-7f00f4000000 ---p 00000000 00:00 0 
7f00f4000000-7f00f4021000 rw-p 00000000 00:00 0 
7f00f4021000-7f00f8000000 ---p 00000000 00:00 0 
7f00f8000000-7f00f8021000 rw-p 00000000 00:00 0 
7f00f8021000-7f00fc000000 ---p 00000000 00:00 0 
7f00fc000000-7f00fc021000 rw-p 00000000 00:00 0 
7f00fc021000-7f0100000000 ---p 00000000 00:00 0 
7f0100000000-7f0100021000 rw-p 00000000 00:00 0 
7f0100021000-7f0104000000 ---p 00000000 00:00 0 
7f0104000000-7f0104021000 rw-p 00000000 00:00 0 
7f0104021000-7f0108000000 ---p 00000000 00:00 0 
7f0108000000-7f0108021000 rw-p 00000000 00:00 0 
7f0108021000-7f010c000000 ---p 00000000 00:00 0 
7f010c000000-7f010c021000 rw-p 00000000 00:00 0 
7f010c021000-7f0110000000 ---p 00000000 00:00 0 
7f0110000000-7f01100f0000 rw-p 00000000 00:00 0 
7f01100f0000-7f0114000000 ---p 00000000 00:00 0 
7f0114000000-7f0114021000 rw-p 00000000 00:00 0 
7f0114021000-7f0118000000 ---p 00000000 00:00 0 
7f0118000000-7f0118021000 rw-p 00000000 00:00 0 
7f0118021000-7f011c000000 ---p 00000000 00:00 0 
7f011c000000-7f011c021000 rw-p 00000000 00:00 0 
7f011c021000-7f0120000000 ---p 00000000 00:00 0 
7f0120000000-7f0120021000 rw-p 00000000 00:00 0 
7f0120021000-7f0124000000 ---p 00000000 00:00 0 
7f0124000000-7f0124021000 rw-p 00000000 00:00 0 
7f0124021000-7f0128000000 ---p 00000000 00:00 0 
7f012c000000-7f012c021000 rw-p 00000000 00:00 0 
7f012c021000-7f0130000000 ---p 00000000 00:00 0 
7f01338b3000-7f01338b6000 ---p 00000000 00:00 0 
7f01338b6000-7f01339b4000 rw-p 00000000 00:00 0 
7f01339b4000-7f01339b7000 ---p 00000000 00:00 0 
7f01339b7000-7f0133ae6000 rw-p 00000000 00:00 0 
7f0133ae6000-7f0133afc000 r-xp 00000000 08:05 6556729                    /usr/lib/jvm/java-6-openjdk-amd64/jre/lib/amd64/libnet.so
7f0133afc000-7f0133cfb000 ---p 00016000 08:05 6556729                    /usr/lib/jvm/java-6-openjdk-amd64/jre/lib/amd64/libnet.so
7f0133cfb000-7f0133cfc000 r--p 00015000 08:05 6556729                    /usr/lib/jvm/java-6-openjdk-amd64/jre/lib/amd64/libnet.so
7f0133cfc000-7f0133cfd000 rw-p 00016000 08:05 6556729                    /usr/lib/jvm/java-6-openjdk-amd64/jre/lib/amd64/libnet.so
7f0133cfd000-7f0133d00000 ---p 00000000 00:00 0 
7f0133d00000-7f0133dfe000 rw-p 00000000 00:00 0 
7f0133dfe000-7f0133e01000 ---p 00000000 00:00 0 
7f0133e01000-7f0133eff000 rw-p 00000000 00:00 0 
7f0133eff000-7f0133f02000 ---p 00000000 00:00 0 
7f0133f02000-7f0134000000 rw-p 00000000 00:00 0 
7f0134000000-7f0134021000 rw-p 00000000 00:00 0 
7f0134021000-7f0138000000 ---p 00000000 00:00 0 
7f0138001000-7f0138003000 r-xp 00000000 00:13 9180034                    /home/khaled/mpj-v0_38/lib/libwrapper.so
7f0138003000-7f0138103000 ---p 00002000 00:13 9180034                    /home/khaled/mpj-v0_38/lib/libwrapper.so
7f0138103000-7f0138104000 rw-p 00002000 00:13 9180034                    /home/khaled/mpj-v0_38/lib/libwrapper.so
7f0138104000-7f0138105000 ---p 00000000 00:00 0 
7f0138105000-7f0138205000 rw-p 00000000 00:00 0 
7f0138205000-7f0138208000 ---p 00000000 00:00 0 
7f0138208000-7f0138306000 rw-p 00000000 00:00 0 
7f0138306000-7f0138309000 ---p 00000000 00:00 0 
7f0138309000-7f0138407000 rw-p 00000000 00:00 0 
7f0138407000-7f013840a000 ---p 00000000 00:00 0 
7f013840a000-7f0138508000 rw-p 00000000 00:00 0 
7f0138508000-7f013850b000 ---p 00000000 00:00 0 
7f013850b000-7f0138609000 rw-p 00000000 00:00 0 
7f0138609000-7f0138a06000 r--p 00000000 08:05 6426660                    /usr/lib/locale/locale-archive
7f0138a06000-7f0138a09000 ---p 00000000 00:00 0 
7f0138a09000-7f0138b07000 rw-p 00000000 00:00 0 
7f0138b07000-7f0138b0a000 ---p 00000000 00:00 0 
7f0138b0a000-7f0138c08000 rw-p 00000000 00:00 0 
7f0138c08000-7f0138c09000 ---p 00000000 00:00 0 
7f0138c09000-7f013d000000 rw-p 00000000 00:00 0 
7f013d000000-7f013d270000 rwxp 00000000 00:00 0 
7f013d270000-7f0140250000 rw-p 00000000 00:00 0 
7f0140250000-7f0144000000 ---p 00000000 00:00 0 
7f0144018000-7f01441af000 r--s 01a18000 08:05 6431357                    /usr/lib/jvm/java-6-openjdk-amd64/jre/lib/rt.jar
7f01441af000-7f0144e9b000 rw-p 00000000 00:00 0 
7f0144e9b000-7f0144e9c000 ---p 00000000 00:00 0 
7f0144e9c000-7f0144f9c000 rw-p 00000000 00:00 0 
7f0144f9c000-7f0144f9d000 ---p 00000000 00:00 0 
7f0144f9d000-7f014509d000 rw-p 00000000 00:00 0 
7f014509d000-7f014509e000 ---p 00000000 00:00 0 
7f014509e000-7f014519e000 rw-p 00000000 00:00 0 
7f014519e000-7f014519f000 ---p 00000000 00:00 0 
7f014519f000-7f01452aa000 rw-p 00000000 00:00 0 
7f01452aa000-7f01452f2000 rw-p 00000000 00:00 0 
7f01452f2000-7f0145311000 rw-p 00000000 00:00 0 
7f0145311000-7f01454dc000 rw-p 00000000 00:00 0 
7f01454dc000-7f01454e7000 rw-p 00000000 00:00 0 
7f01454e7000-7f014552f000 rw-p 00000000 00:00 0 
7f014552f000-7f014554e000 rw-p 00000000 00:00 0 
7f014554e000-7f0145718000 rw-p 00000000 00:00 0 
7f0145718000-7f0145728000 rw-p 00000000 00:00 0 
7f0145728000-7f014580d000 rw-p 00000000 00:00 0 
7f014580d000-7f014580e000 rw-p 00000000 00:00 0 
7f014580e000-7f0145815000 r-xp 00000000 08:05 6556710                    /usr/lib/jvm/java-6-openjdk-amd64/jre/lib/amd64/libzip.so
7f0145815000-7f0145a14000 ---p 00007000 08:05 6556710                    /usr/lib/jvm/java-6-openjdk-amd64/jre/lib/amd64/libzip.so
7f0145a14000-7f0145a15000 r--p 00006000 08:05 6556710                    /usr/lib/jvm/java-6-openjdk-amd64/jre/lib/amd64/libzip.so
7f0145a15000-7f0145a16000 rw-p 00007000 08:05 6556710                    /usr/lib/jvm/java-6-openjdk-amd64/jre/lib/amd64/libzip.so
7f0145a16000-7f0145a22000 r-xp 00000000 08:05 6164477                    /lib/x86_64-linux-gnu/libnss_files-2.15.so
7f0145a22000-7f0145c21000 ---p 0000c000 08:05 6164477                    /lib/x86_64-linux-gnu/libnss_files-2.15.so
7f0145c21000-7f0145c22000 r--p 0000b000 08:05 6164477                    /lib/x86_64-linux-gnu/libnss_files-2.15.so
7f0145c22000-7f0145c23000 rw-p 0000c000 08:05 6164477                    /lib/x86_64-linux-gnu/libnss_files-2.15.so
7f0145c23000-7f0145c2d000 r-xp 00000000 08:05 6164484                    /lib/x86_64-linux-gnu/libnss_nis-2.15.so
7f0145c2d000-7f0145e2d000 ---p 0000a000 08:05 6164484                    /lib/x86_64-linux-gnu/libnss_nis-2.15.so
7f0145e2d000-7f0145e2e000 r--p 0000a000 08:05 6164484                    /lib/x86_64-linux-gnu/libnss_nis-2.15.so
7f0145e2e000-7f0145e2f000 rw-p 0000b000 08:05 6164484                    /lib/x86_64-linux-gnu/libnss_nis-2.15.so
7f0145e2f000-7f0145e46000 r-xp 00000000 08:05 6164476                    /lib/x86_64-linux-gnu/libnsl-2.15.so
7f0145e46000-7f0146045000 ---p 00017000 08:05 6164476                    /lib/x86_64-linux-gnu/libnsl-2.15.so
7f0146045000-7f0146046000 r--p 00016000 08:05 6164476                    /lib/x86_64-linux-gnu/libnsl-2.15.so
7f0146046000-7f0146047000 rw-p 00017000 08:05 6164476                    /lib/x86_64-linux-gnu/libnsl-2.15.so
7f0146047000-7f0146049000 rw-p 00000000 00:00 0 
7f0146049000-7f0146051000 r-xp 00000000 08:05 6164483                    /lib/x86_64-linux-gnu/libnss_compat-2.15.so
7f0146051000-7f0146250000 ---p 00008000 08:05 6164483                    /lib/x86_64-linux-gnu/libnss_compat-2.15.so
7f0146250000-7f0146251000 r--p 00007000 08:05 6164483                    /lib/x86_64-linux-gnu/libnss_compat-2.15.so
7f0146251000-7f0146252000 rw-p 00008000 08:05 6164483                    /lib/x86_64-linux-gnu/libnss_compat-2.15.so
7f0146252000-7f014627f000 r-xp 00000000 08:05 6556728                    /usr/lib/jvm/java-6-openjdk-amd64/jre/lib/amd64/libjava.so
7f014627f000-7f014647e000 ---p 0002d000 08:05 6556728                    /usr/lib/jvm/java-6-openjdk-amd64/jre/lib/amd64/libjava.so
7f014647e000-7f014647f000 r--p 0002c000 08:05 6556728                    /usr/lib/jvm/java-6-openjdk-amd64/jre/lib/amd64/libjava.so
7f014647f000-7f0146482000 rw-p 0002d000 08:05 6556728                    /usr/lib/jvm/java-6-openjdk-amd64/jre/lib/amd64/libjava.so
7f0146482000-7f0146490000 r-xp 00000000 08:05 6556727                    /usr/lib/jvm/java-6-openjdk-amd64/jre/lib/amd64/libverify.so
7f0146490000-7f014668f000 ---p 0000e000 08:05 6556727                    /usr/lib/jvm/java-6-openjdk-amd64/jre/lib/amd64/libverify.so
7f014668f000-7f0146691000 r--p 0000d000 08:05 6556727                    /usr/lib/jvm/java-6-openjdk-amd64/jre/lib/amd64/libverify.so
7f0146691000-7f0146692000 rw-p 0000f000 08:05 6556727                    /usr/lib/jvm/java-6-openjdk-amd64/jre/lib/amd64/libverify.so
7f0146692000-7f0146699000 r-xp 00000000 08:05 6164474                    /lib/x86_64-linux-gnu/librt-2.15.so
7f0146699000-7f0146898000 ---p 00007000 08:05 6164474                    /lib/x86_64-linux-gnu/librt-2.15.so
7f0146898000-7f0146899000 r--p 00006000 08:05 6164474                    /lib/x86_64-linux-gnu/librt-2.15.so
7f0146899000-7f014689a000 rw-p 00007000 08:05 6164474                    /lib/x86_64-linux-gnu/librt-2.15.so
7f014689a000-7f01468af000 r-xp 00000000 08:05 6164099                    /lib/x86_64-linux-gnu/libgcc_s.so.1
7f01468af000-7f0146aae000 ---p 00015000 08:05 6164099                    /lib/x86_64-linux-gnu/libgcc_s.so.1
7f0146aae000-7f0146aaf000 r--p 00014000 08:05 6164099                    /lib/x86_64-linux-gnu/libgcc_s.so.1
7f0146aaf000-7f0146ab0000 rw-p 00015000 08:05 6164099                    /lib/x86_64-linux-gnu/libgcc_s.so.1
7f0146ab0000-7f0146bab000 r-xp 00000000 08:05 6164481                    /lib/x86_64-linux-gnu/libm-2.15.so
7f0146bab000-7f0146daa000 ---p 000fb000 08:05 6164481                    /lib/x86_64-linux-gnu/libm-2.15.so
7f0146daa000-7f0146dab000 r--p 000fa000 08:05 6164481                    /lib/x86_64-linux-gnu/libm-2.15.so
7f0146dab000-7f0146dac000 rw-p 000fb000 08:05 6164481                    /lib/x86_64-linux-gnu/libm-2.15.so
7f0146dac000-7f0146e8e000 r-xp 00000000 08:05 6430262                    /usr/lib/x86_64-linux-gnu/libstdc++.so.6.0.16
7f0146e8e000-7f014708d000 ---p 000e2000 08:05 6430262                    /usr/lib/x86_64-linux-gnu/libstdc++.so.6.0.16
7f014708d000-7f0147095000 r--p 000e1000 08:05 6430262                    /usr/lib/x86_64-linux-gnu/libstdc++.so.6.0.16
7f0147095000-7f0147097000 rw-p 000e9000 08:05 6430262                    /usr/lib/x86_64-linux-gnu/libstdc++.so.6.0.16
7f0147097000-7f01470ac000 rw-p 00000000 00:00 0 
7f01470ac000-7f0147a83000 r-xp 00000000 08:05 6556733                    /usr/lib/jvm/java-6-openjdk-amd64/jre/lib/amd64/server/libjvm.so
7f0147a83000-7f0147c82000 ---p 009d7000 08:05 6556733                    /usr/lib/jvm/java-6-openjdk-amd64/jre/lib/amd64/server/libjvm.so
7f0147c82000-7f0147d01000 r--p 009d6000 08:05 6556733                    /usr/lib/jvm/java-6-openjdk-amd64/jre/lib/amd64/server/libjvm.so
7f0147d01000-7f0147d24000 rw-p 00a55000 08:05 6556733                    /usr/lib/jvm/java-6-openjdk-amd64/jre/lib/amd64/server/libjvm.so
7f0147d24000-7f0147d4e000 rw-p 00000000 00:00 0 
7f0147d4e000-7f0147d64000 r-xp 00000000 08:05 6164189                    /lib/x86_64-linux-gnu/libz.so.1.2.3.4
7f0147d64000-7f0147f63000 ---p 00016000 08:05 6164189                    /lib/x86_64-linux-gnu/libz.so.1.2.3.4
7f0147f63000-7f0147f64000 r--p 00015000 08:05 6164189                    /lib/x86_64-linux-gnu/libz.so.1.2.3.4
7f0147f64000-7f0147f65000 rw-p 00016000 08:05 6164189                    /lib/x86_64-linux-gnu/libz.so.1.2.3.4
7f0147f65000-7f014811a000 r-xp 00000000 08:05 6164478                    /lib/x86_64-linux-gnu/libc-2.15.so
7f014811a000-7f0148319000 ---p 001b5000 08:05 6164478                    /lib/x86_64-linux-gnu/libc-2.15.so
7f0148319000-7f014831d000 r--p 001b4000 08:05 6164478                    /lib/x86_64-linux-gnu/libc-2.15.so
7f014831d000-7f014831f000 rw-p 001b8000 08:05 6164478                    /lib/x86_64-linux-gnu/libc-2.15.so
7f014831f000-7f0148324000 rw-p 00000000 00:00 0 
7f0148324000-7f0148326000 r-xp 00000000 08:05 6164492                    /lib/x86_64-linux-gnu/libdl-2.15.so
7f0148326000-7f0148526000 ---p 00002000 08:05 6164492                    /lib/x86_64-linux-gnu/libdl-2.15.so
7f0148526000-7f0148527000 r--p 00002000 08:05 6164492                    /lib/x86_64-linux-gnu/libdl-2.15.so
7f0148527000-7f0148528000 rw-p 00003000 08:05 6164492                    /lib/x86_64-linux-gnu/libdl-2.15.so
7f0148528000-7f014852c000 r-xp 00000000 08:05 6556699                    /usr/lib/jvm/java-6-openjdk-amd64/jre/lib/amd64/jli/libjli.so
7f014852c000-7f014872b000 ---p 00004000 08:05 6556699                    /usr/lib/jvm/java-6-openjdk-amd64/jre/lib/amd64/jli/libjli.so
7f014872b000-7f014872c000 r--p 00003000 08:05 6556699                    /usr/lib/jvm/java-6-openjdk-amd64/jre/lib/amd64/jli/libjli.so
7f014872c000-7f014872d000 rw-p 00004000 08:05 6556699                    /usr/lib/jvm/java-6-openjdk-amd64/jre/lib/amd64/jli/libjli.so
7f014872d000-7f0148745000 r-xp 00000000 08:05 6164472                    /lib/x86_64-linux-gnu/libpthread-2.15.so
7f0148745000-7f0148944000 ---p 00018000 08:05 6164472                    /lib/x86_64-linux-gnu/libpthread-2.15.so
7f0148944000-7f0148945000 r--p 00017000 08:05 6164472                    /lib/x86_64-linux-gnu/libpthread-2.15.so
7f0148945000-7f0148946000 rw-p 00018000 08:05 6164472                    /lib/x86_64-linux-gnu/libpthread-2.15.so
7f0148946000-7f014894a000 rw-p 00000000 00:00 0 
7f014894a000-7f014896c000 r-xp 00000000 08:05 6164471                    /lib/x86_64-linux-gnu/ld-2.15.so
7f0148974000-7f0148975000 rw-p 00000000 00:00 0 
7f0148975000-7f014897c000 r--s 00054000 08:05 6427520                    /usr/lib/jvm/java-6-openjdk-common/jre/lib/resources.jar
7f014897c000-7f0148983000 r--s 0004f000 00:13 9180035                    /home/khaled/mpj-v0_38/lib/log4j-1.2.11.jar
7f0148983000-7f0148986000 r--s 00012000 00:13 9180038                    /home/khaled/mpj-v0_38/lib/wrapper.jar
7f0148986000-7f014898a000 r--s 0003c000 08:05 6425133                    /usr/lib/jvm/java-6-openjdk-common/jre/lib/jsse.jar
7f014898a000-7f014898b000 r--s 00005000 00:13 9180050                    /home/khaled/mpj-v0_38/lib/daemon.jar
7f014898b000-7f014898c000 r--s 00007000 08:05 6560420                    /usr/share/java/java-atk-wrapper.jar
7f014898c000-7f014898f000 r--s 00077000 08:05 6426778                    /usr/lib/jvm/java-6-openjdk-common/jre/lib/ext/localedata.jar
7f014898f000-7f0148992000 r--s 0003a000 08:05 6426776                    /usr/lib/jvm/java-6-openjdk-common/jre/lib/ext/sunpkcs11.jar
7f0148992000-7f014899c000 rw-p 00000000 00:00 0 
7f014899c000-7f0148a52000 rw-p 00000000 00:00 0 
7f0148a52000-7f0148a55000 ---p 00000000 00:00 0 
7f0148a55000-7f0148b58000 rw-p 00000000 00:00 0 
7f0148b58000-7f0148b5c000 r--s 00032000 08:05 6426171                    /usr/lib/jvm/java-6-openjdk-common/jre/lib/ext/sunjce_provider.jar
7f0148b5c000-7f0148b5e000 r--s 00001000 08:05 6426777                    /usr/lib/jvm/java-6-openjdk-common/jre/lib/ext/dnsns.jar
7f0148b5e000-7f0148b60000 r--s 0000f000 08:05 6426472                    /usr/lib/jvm/java-6-openjdk-common/jre/lib/ext/pulse-java.jar
7f0148b60000-7f0148b68000 rw-s 00000000 08:05 8916523                    /tmp/hsperfdata_khaled/9322
7f0148b68000-7f0148b69000 rw-p 00000000 00:00 0 
7f0148b69000-7f0148b6a000 r--p 00000000 00:00 0 
7f0148b6a000-7f0148b6c000 rw-p 00000000 00:00 0 
7f0148b6c000-7f0148b6d000 r--p 00022000 08:05 6164471                    /lib/x86_64-linux-gnu/ld-2.15.so
7f0148b6d000-7f0148b6f000 rw-p 00023000 08:05 6164471                    /lib/x86_64-linux-gnu/ld-2.15.so
7fff12fc9000-7fff12fea000 rw-p 00000000 00:00 0                          [stack]
7fff12fff000-7fff13000000 r-xp 00000000 00:00 0                          [vdso]
ffffffffff600000-ffffffffff601000 r-xp 00000000 00:00 0                  [vsyscall]

VM Arguments:
jvm_args: -Djava.library.path=../lib -Dwrapper.key=CFlvuSK1jN85Byaa -Dwrapper.port=32000 -Dwrapper.jvm.port.min=31000 -Dwrapper.jvm.port.max=31999 -Dwrapper.debug=TRUE -Dwrapper.pid=9320 -Dwrapper.version=3.2.3 -Dwrapper.native_library=wrapper -Dwrapper.service=TRUE -Dwrapper.cpu.timeout=10 -Dwrapper.jvmid=1 
java_command: runtime.daemon.WrapperSimpleApp runtime.daemon.MPJDaemon 10000
Launcher Type: SUN_STANDARD

Environment Variables:
PATH=/usr/local/sbin:/usr/local/bin:/usr/sbin:/usr/bin:/sbin:/bin:/usr/games
LD_LIBRARY_PATH=/usr/lib/jvm/java-6-openjdk-amd64/jre/lib/amd64/server:/usr/lib/jvm/java-6-openjdk-amd64/jre/lib/amd64:/usr/lib/jvm/java-6-openjdk-amd64/jre/../lib/amd64
SHELL=/bin/bash

Signal Handlers:
SIGSEGV: [libjvm.so+0x83dcf0], sa_mask[0]=0x7ffbfeff, sa_flags=0x10000004
SIGBUS: [libjvm.so+0x83dcf0], sa_mask[0]=0x7ffbfeff, sa_flags=0x10000004
SIGFPE: [libjvm.so+0x6de8f0], sa_mask[0]=0x7ffbfeff, sa_flags=0x10000004
SIGPIPE: [libjvm.so+0x6de8f0], sa_mask[0]=0x7ffbfeff, sa_flags=0x10000004
SIGXFSZ: [libjvm.so+0x6de8f0], sa_mask[0]=0x7ffbfeff, sa_flags=0x10000004
SIGILL: [libjvm.so+0x6de8f0], sa_mask[0]=0x7ffbfeff, sa_flags=0x10000004
SIGUSR1: SIG_DFL, sa_mask[0]=0x00000000, sa_flags=0x00000000
SIGUSR2: [libjvm.so+0x6ded30], sa_mask[0]=0x00000000, sa_flags=0x10000004
SIGHUP: [libwrapper.so+0x1410], sa_mask[0]=0x00000001, sa_flags=0x10000000
SIGINT: [libwrapper.so+0x13b0], sa_mask[0]=0x00000002, sa_flags=0x10000000
SIGTERM: [libwrapper.so+0x13e0], sa_mask[0]=0x00004000, sa_flags=0x10000000
SIGQUIT: [libjvm.so+0x6dee70], sa_mask[0]=0x7ffbfeff, sa_flags=0x10000004


---------------  S Y S T E M  ---------------

OS:"elementary OS" 0.2 (luna)
uname:Linux 3.2.0-51-generic #77-Ubuntu SMP Wed Jul 24 20:18:19 UTC 2013 x86_64
libc:glibc 2.15 NPTL 2.15 
rlimit: STACK 8192k, CORE 0k, NPROC 46747, NOFILE 4096, AS infinity
load average:0.39 0.57 0.54

/proc/meminfo:
MemTotal:        6007888 kB
MemFree:         4402064 kB
Buffers:           66760 kB
Cached:           679144 kB
SwapCached:            0 kB
Active:           846992 kB
Inactive:         580540 kB
Active(anon):     682260 kB
Inactive(anon):     1344 kB
Active(file):     164732 kB
Inactive(file):   579196 kB
Unevictable:           0 kB
Mlocked:               0 kB
SwapTotal:       6182908 kB
SwapFree:        6182908 kB
Dirty:               176 kB
Writeback:             0 kB
AnonPages:        681976 kB
Mapped:            93012 kB
Shmem:              1868 kB
Slab:              54616 kB
SReclaimable:      24884 kB
SUnreclaim:        29732 kB
KernelStack:        3128 kB
PageTables:        22568 kB
NFS_Unstable:          0 kB
Bounce:                0 kB
WritebackTmp:          0 kB
CommitLimit:     9186852 kB
Committed_AS:    2343736 kB
VmallocTotal:   34359738367 kB
VmallocUsed:      295452 kB
VmallocChunk:   34359439496 kB
HardwareCorrupted:     0 kB
AnonHugePages:         0 kB
HugePages_Total:       0
HugePages_Free:        0
HugePages_Rsvd:        0
HugePages_Surp:        0
Hugepagesize:       2048 kB
DirectMap4k:       61440 kB
DirectMap2M:     2992128 kB
DirectMap1G:     3145728 kB


CPU:total 4 (2 cores per cpu, 2 threads per core) family 6 model 69 stepping 1, cmov, cx8, fxsr, mmx, sse, sse2, sse3, ssse3, sse4.1, sse4.2, popcnt, avx, avx2, ht, tsc, tscinvbit

/proc/cpuinfo:
processor	: 0
vendor_id	: GenuineIntel
cpu family	: 6
model		: 69
model name	: Intel(R) Core(TM) i5-4210U CPU @ 1.70GHz
stepping	: 1
microcode	: 0x17
cpu MHz		: 1700.000
cache size	: 3072 KB
physical id	: 0
siblings	: 4
core id		: 0
cpu cores	: 2
apicid		: 0
initial apicid	: 0
fpu		: yes
fpu_exception	: yes
cpuid level	: 13
wp		: yes
flags		: fpu vme de pse tsc msr pae mce cx8 apic sep mtrr pge mca cmov pat pse36 clflush dts acpi mmx fxsr sse sse2 ss ht tm pbe syscall nx pdpe1gb rdtscp lm constant_tsc arch_perfmon pebs bts rep_good nopl xtopology nonstop_tsc aperfmperf pni pclmulqdq dtes64 monitor ds_cpl vmx est tm2 ssse3 fma cx16 xtpr pdcm pcid sse4_1 sse4_2 movbe popcnt tsc_deadline_timer aes xsave avx f16c rdrand lahf_lm abm ida arat epb xsaveopt pln pts dtherm tpr_shadow vnmi flexpriority ept vpid fsgsbase bmi1 avx2 smep bmi2 erms
bogomips	: 4788.79
clflush size	: 64
cache_alignment	: 64
address sizes	: 39 bits physical, 48 bits virtual
power management:

processor	: 1
vendor_id	: GenuineIntel
cpu family	: 6
model		: 69
model name	: Intel(R) Core(TM) i5-4210U CPU @ 1.70GHz
stepping	: 1
microcode	: 0x17
cpu MHz		: 1700.000
cache size	: 3072 KB
physical id	: 0
siblings	: 4
core id		: 0
cpu cores	: 2
apicid		: 1
initial apicid	: 1
fpu		: yes
fpu_exception	: yes
cpuid level	: 13
wp		: yes
flags		: fpu vme de pse tsc msr pae mce cx8 apic sep mtrr pge mca cmov pat pse36 clflush dts acpi mmx fxsr sse sse2 ss ht tm pbe syscall nx pdpe1gb rdtscp lm constant_tsc arch_perfmon pebs bts rep_good nopl xtopology nonstop_tsc aperfmperf pni pclmulqdq dtes64 monitor ds_cpl vmx est tm2 ssse3 fma cx16 xtpr pdcm pcid sse4_1 sse4_2 movbe popcnt tsc_deadline_timer aes xsave avx f16c rdrand lahf_lm abm ida arat epb xsaveopt pln pts dtherm tpr_shadow vnmi flexpriority ept vpid fsgsbase bmi1 avx2 smep bmi2 erms
bogomips	: 4788.72
clflush size	: 64
cache_alignment	: 64
address sizes	: 39 bits physical, 48 bits virtual
power management:

processor	: 2
vendor_id	: GenuineIntel
cpu family	: 6
model		: 69
model name	: Intel(R) Core(TM) i5-4210U CPU @ 1.70GHz
stepping	: 1
microcode	: 0x17
cpu MHz		: 1700.000
cache size	: 3072 KB
physical id	: 0
siblings	: 4
core id		: 1
cpu cores	: 2
apicid		: 2
initial apicid	: 2
fpu		: yes
fpu_exception	: yes
cpuid level	: 13
wp		: yes
flags		: fpu vme de pse tsc msr pae mce cx8 apic sep mtrr pge mca cmov pat pse36 clflush dts acpi mmx fxsr sse sse2 ss ht tm pbe syscall nx pdpe1gb rdtscp lm constant_tsc arch_perfmon pebs bts rep_good nopl xtopology nonstop_tsc aperfmperf pni pclmulqdq dtes64 monitor ds_cpl vmx est tm2 ssse3 fma cx16 xtpr pdcm pcid sse4_1 sse4_2 movbe popcnt tsc_deadline_timer aes xsave avx f16c rdrand lahf_lm abm ida arat epb xsaveopt pln pts dtherm tpr_shadow vnmi flexpriority ept vpid fsgsbase bmi1 avx2 smep bmi2 erms
bogomips	: 4788.76
clflush size	: 64
cache_alignment	: 64
address sizes	: 39 bits physical, 48 bits virtual
power management:

processor	: 3
vendor_id	: GenuineIntel
cpu family	: 6
model		: 69
model name	: Intel(R) Core(TM) i5-4210U CPU @ 1.70GHz
stepping	: 1
microcode	: 0x17
cpu MHz		: 1700.000
cache size	: 3072 KB
physical id	: 0
siblings	: 4
core id		: 1
cpu cores	: 2
apicid		: 3
initial apicid	: 3
fpu		: yes
fpu_exception	: yes
cpuid level	: 13
wp		: yes
flags		: fpu vme de pse tsc msr pae mce cx8 apic sep mtrr pge mca cmov pat pse36 clflush dts acpi mmx fxsr sse sse2 ss ht tm pbe syscall nx pdpe1gb rdtscp lm constant_tsc arch_perfmon pebs bts rep_good nopl xtopology nonstop_tsc aperfmperf pni pclmulqdq dtes64 monitor ds_cpl vmx est tm2 ssse3 fma cx16 xtpr pdcm pcid sse4_1 sse4_2 movbe popcnt tsc_deadline_timer aes xsave avx f16c rdrand lahf_lm abm ida arat epb xsaveopt pln pts dtherm tpr_shadow vnmi flexpriority ept vpid fsgsbase bmi1 avx2 smep bmi2 erms
bogomips	: 4788.75
clflush size	: 64
cache_alignment	: 64
address sizes	: 39 bits physical, 48 bits virtual
power management:



Memory: 4k page, physical 6007888k(4402064k free), swap 6182908k(6182908k free)

vm_info: OpenJDK 64-Bit Server VM (23.25-b01) for linux-amd64 JRE (1.6.0_33-b33), built on Oct 15 2014 12:27:16 by "buildd" with gcc 4.6.3

time: Thu Mar 19 13:50:03 2015
elapsed time: 0 seconds

